[ 2024-11-19T10:25:02+08:00 ] 127.0.0.1 127.0.0.1 GET /game.php/index/index.html
[ log ] qipai.com/game.php/index/index.html [运行时间：0.023885s][吞吐率：41.87req/s] [内存消耗：2,029.63kb] [文件加载：57]
[ info ] [ LANG ] E:\qipai\html5FKQPASRC\thinkphp\lang\zh-cn.php
[ info ] [ BIND ] 'game'
[ info ] [ ROUTE ] array (
  'type' => 'module',
  'module' => 
  array (
    0 => 'game',
    1 => 'index',
    2 => 'index',
  ),
)
[ info ] [ HEADER ] array (
  'accept-language' => 'zh-CN,zh;q=0.9,zh-TW;q=0.8,en-US;q=0.7,en;q=0.6',
  'accept-encoding' => 'gzip, deflate',
  'accept' => 'text/html,application/xhtml+xml,application/xml;q=0.9,image/avif,image/webp,image/apng,*/*;q=0.8,application/signed-exchange;v=b3;q=0.7',
  'user-agent' => 'Mozilla/5.0 (Windows NT 10.0; Win64; x64) AppleWebKit/537.36 (KHTML, like Gecko) Chrome/130.0.0.0 Safari/537.36',
  'upgrade-insecure-requests' => '1',
  'connection' => 'keep-alive',
  'host' => 'qipai.com',
  'content-length' => '',
  'content-type' => '',
)
[ info ] [ PARAM ] array (
)
[ info ] [ SESSION ] INIT array (
  'id' => '',
  'var_session_id' => '',
  'prefix' => 'think',
  'type' => '',
  'auto_start' => true,
)
[ info ] [ LOG ] INIT File

---------------------------------------------------------------
[ 2024-11-19T10:25:02+08:00 ] 127.0.0.1 127.0.0.1 GET /game.php/login/index.html
[ log ] qipai.com/game.php/login/index.html [运行时间：0.014334s][吞吐率：69.76req/s] [内存消耗：1,803.79kb] [文件加载：53]
[ info ] [ LANG ] E:\qipai\html5FKQPASRC\thinkphp\lang\zh-cn.php
[ info ] [ BIND ] 'game'
[ info ] [ ROUTE ] array (
  'type' => 'module',
  'module' => 
  array (
    0 => 'game',
    1 => 'login',
    2 => 'index',
  ),
)
[ info ] [ HEADER ] array (
  'cookie' => 'PHPSESSID=rbcc8l5pau1jmg84r6r1mqtpmv',
  'accept-language' => 'zh-CN,zh;q=0.9,zh-TW;q=0.8,en-US;q=0.7,en;q=0.6',
  'accept-encoding' => 'gzip, deflate',
  'accept' => 'text/html,application/xhtml+xml,application/xml;q=0.9,image/avif,image/webp,image/apng,*/*;q=0.8,application/signed-exchange;v=b3;q=0.7',
  'user-agent' => 'Mozilla/5.0 (Windows NT 10.0; Win64; x64) AppleWebKit/537.36 (KHTML, like Gecko) Chrome/130.0.0.0 Safari/537.36',
  'upgrade-insecure-requests' => '1',
  'connection' => 'keep-alive',
  'host' => 'qipai.com',
  'content-length' => '',
  'content-type' => '',
)
[ info ] [ PARAM ] array (
)
[ info ] [ LOG ] INIT File
[ error ] [8192]Method ReflectionParameter::getClass() is deprecated[E:\qipai\html5FKQPASRC\thinkphp\library\think\App.php:271]

---------------------------------------------------------------
[ 2024-11-19T10:25:16+08:00 ] 127.0.0.1 127.0.0.1 GET /game.php/login/index.html
[ log ] qipai.com/game.php/login/index.html [运行时间：0.024860s][吞吐率：40.23req/s] [内存消耗：2,021.96kb] [文件加载：58]
[ info ] [ LANG ] E:\qipai\html5FKQPASRC\thinkphp\lang\zh-cn.php
[ info ] [ BIND ] 'game'
[ info ] [ ROUTE ] array (
  'type' => 'module',
  'module' => 
  array (
    0 => 'game',
    1 => 'login',
    2 => 'index',
  ),
)
[ info ] [ HEADER ] array (
  'cookie' => 'PHPSESSID=rbcc8l5pau1jmg84r6r1mqtpmv',
  'accept-language' => 'zh-CN,zh;q=0.9,zh-TW;q=0.8,en-US;q=0.7,en;q=0.6',
  'accept-encoding' => 'gzip, deflate',
  'accept' => 'text/html,application/xhtml+xml,application/xml;q=0.9,image/avif,image/webp,image/apng,*/*;q=0.8,application/signed-exchange;v=b3;q=0.7',
  'user-agent' => 'Mozilla/5.0 (Windows NT 10.0; Win64; x64) AppleWebKit/537.36 (KHTML, like Gecko) Chrome/130.0.0.0 Safari/537.36',
  'upgrade-insecure-requests' => '1',
  'cache-control' => 'max-age=0',
  'connection' => 'keep-alive',
  'host' => 'qipai.com',
  'content-length' => '',
  'content-type' => '',
)
[ info ] [ PARAM ] array (
)
[ info ] [ RUN ] app\game\controller\Login->index[ E:\qipai\html5FKQPASRC\application\game\controller\Login.php ]
[ info ] [ VIEW ] E:\qipai\html5FKQPASRC/application/game\view\login\index.html [ array (
) ]
[ info ] [ LOG ] INIT File

---------------------------------------------------------------
[ 2024-11-19T10:25:37+08:00 ] 127.0.0.1 127.0.0.1 GET /game.php/myhome/index.html
[ log ] qipai.com/game.php/myhome/index.html [运行时间：0.020303s][吞吐率：49.25req/s] [内存消耗：1,863.95kb] [文件加载：57]
[ info ] [ LANG ] E:\qipai\html5FKQPASRC\thinkphp\lang\zh-cn.php
[ info ] [ BIND ] 'game'
[ info ] [ ROUTE ] array (
  'type' => 'module',
  'module' => 
  array (
    0 => 'game',
    1 => 'myhome',
    2 => 'index',
  ),
)
[ info ] [ HEADER ] array (
  'cookie' => 'PHPSESSID=rbcc8l5pau1jmg84r6r1mqtpmv',
  'accept-language' => 'zh-CN,zh;q=0.9,zh-TW;q=0.8,en-US;q=0.7,en;q=0.6',
  'accept-encoding' => 'gzip, deflate',
  'accept' => 'text/html,application/xhtml+xml,application/xml;q=0.9,image/avif,image/webp,image/apng,*/*;q=0.8,application/signed-exchange;v=b3;q=0.7',
  'user-agent' => 'Mozilla/5.0 (Windows NT 10.0; Win64; x64) AppleWebKit/537.36 (KHTML, like Gecko) Chrome/130.0.0.0 Safari/537.36',
  'upgrade-insecure-requests' => '1',
  'connection' => 'keep-alive',
  'host' => 'qipai.com',
  'content-length' => '',
  'content-type' => '',
)
[ info ] [ PARAM ] array (
)
[ info ] [ SESSION ] INIT array (
  'id' => '',
  'var_session_id' => '',
  'prefix' => 'think',
  'type' => '',
  'auto_start' => true,
)
[ info ] [ LOG ] INIT File

---------------------------------------------------------------
[ 2024-11-19T10:25:37+08:00 ] 127.0.0.1 127.0.0.1 GET /game.php/login/index.html
[ log ] qipai.com/game.php/login/index.html [运行时间：0.016637s][吞吐率：60.11req/s] [内存消耗：1,860.45kb] [文件加载：55]
[ info ] [ LANG ] E:\qipai\html5FKQPASRC\thinkphp\lang\zh-cn.php
[ info ] [ BIND ] 'game'
[ info ] [ ROUTE ] array (
  'type' => 'module',
  'module' => 
  array (
    0 => 'game',
    1 => 'login',
    2 => 'index',
  ),
)
[ info ] [ HEADER ] array (
  'cookie' => 'PHPSESSID=rbcc8l5pau1jmg84r6r1mqtpmv',
  'accept-language' => 'zh-CN,zh;q=0.9,zh-TW;q=0.8,en-US;q=0.7,en;q=0.6',
  'accept-encoding' => 'gzip, deflate',
  'accept' => 'text/html,application/xhtml+xml,application/xml;q=0.9,image/avif,image/webp,image/apng,*/*;q=0.8,application/signed-exchange;v=b3;q=0.7',
  'user-agent' => 'Mozilla/5.0 (Windows NT 10.0; Win64; x64) AppleWebKit/537.36 (KHTML, like Gecko) Chrome/130.0.0.0 Safari/537.36',
  'upgrade-insecure-requests' => '1',
  'connection' => 'keep-alive',
  'host' => 'qipai.com',
  'content-length' => '',
  'content-type' => '',
)
[ info ] [ PARAM ] array (
)
[ info ] [ RUN ] app\game\controller\Login->index[ E:\qipai\html5FKQPASRC\application\game\controller\Login.php ]
[ info ] [ VIEW ] E:\qipai\html5FKQPASRC/application/game\view\login\index.html [ array (
) ]
[ info ] [ LOG ] INIT File

---------------------------------------------------------------
[ 2024-11-19T10:25:54+08:00 ] 127.0.0.1 127.0.0.1 GET /game.php/login/index.html
[ log ] qipai.com/game.php/login/index.html [运行时间：0.024552s][吞吐率：40.73req/s] [内存消耗：1,860.45kb] [文件加载：55]
[ info ] [ LANG ] E:\qipai\html5FKQPASRC\thinkphp\lang\zh-cn.php
[ info ] [ BIND ] 'game'
[ info ] [ ROUTE ] array (
  'type' => 'module',
  'module' => 
  array (
    0 => 'game',
    1 => 'login',
    2 => 'index',
  ),
)
[ info ] [ HEADER ] array (
  'cookie' => 'PHPSESSID=rbcc8l5pau1jmg84r6r1mqtpmv',
  'accept-language' => 'zh-CN,zh;q=0.9,zh-TW;q=0.8,en-US;q=0.7,en;q=0.6',
  'accept-encoding' => 'gzip, deflate',
  'accept' => 'text/html,application/xhtml+xml,application/xml;q=0.9,image/avif,image/webp,image/apng,*/*;q=0.8,application/signed-exchange;v=b3;q=0.7',
  'user-agent' => 'Mozilla/5.0 (Windows NT 10.0; Win64; x64) AppleWebKit/537.36 (KHTML, like Gecko) Chrome/130.0.0.0 Safari/537.36',
  'upgrade-insecure-requests' => '1',
  'connection' => 'keep-alive',
  'host' => 'qipai.com',
  'content-length' => '',
  'content-type' => '',
)
[ info ] [ PARAM ] array (
)
[ info ] [ RUN ] app\game\controller\Login->index[ E:\qipai\html5FKQPASRC\application\game\controller\Login.php ]
[ info ] [ VIEW ] E:\qipai\html5FKQPASRC/application/game\view\login\index.html [ array (
) ]
[ info ] [ LOG ] INIT File

---------------------------------------------------------------
[ 2024-11-19T10:26:02+08:00 ] 127.0.0.1 127.0.0.1 POST /game.php/login/dologin.html
[ log ] qipai.com/game.php/login/dologin.html [运行时间：0.030039s][吞吐率：33.29req/s] [内存消耗：2,682.05kb] [文件加载：63]
[ info ] [ LANG ] E:\qipai\html5FKQPASRC\thinkphp\lang\zh-cn.php
[ info ] [ BIND ] 'game'
[ info ] [ ROUTE ] array (
  'type' => 'module',
  'module' => 
  array (
    0 => 'game',
    1 => 'login',
    2 => 'dologin',
  ),
)
[ info ] [ HEADER ] array (
  'cookie' => 'PHPSESSID=rbcc8l5pau1jmg84r6r1mqtpmv',
  'accept-language' => 'zh-CN,zh;q=0.9,zh-TW;q=0.8,en-US;q=0.7,en;q=0.6',
  'accept-encoding' => 'gzip, deflate',
  'referer' => 'http://qipai.com/game.php/login/index.html',
  'origin' => 'http://qipai.com',
  'content-type' => 'application/x-www-form-urlencoded; charset=UTF-8',
  'accept' => '*/*',
  'user-agent' => 'Mozilla/5.0 (Windows NT 10.0; Win64; x64) AppleWebKit/537.36 (KHTML, like Gecko) Chrome/130.0.0.0 Safari/537.36',
  'x-requested-with' => 'XMLHttpRequest',
  'content-length' => '36',
  'connection' => 'keep-alive',
  'host' => 'qipai.com',
)
[ info ] [ PARAM ] array (
  'username' => '13537104885',
  'password' => '123456',
)
[ info ] [ RUN ] app\game\controller\Login->dologin[ E:\qipai\html5FKQPASRC\application\game\controller\Login.php ]
[ info ] [ DB ] INIT mysql
[ info ] [ LOG ] INIT File
[ error ] [1045]SQLSTATE[HY000] [1045] Access denied for user 'root'@'localhost' (using password: YES)[E:\qipai\html5FKQPASRC\thinkphp\library\think\db\Connection.php:300]

---------------------------------------------------------------
[ 2024-11-19T10:26:08+08:00 ] 127.0.0.1 127.0.0.1 GET /game.php/user/index/login.html
[ log ] qipai.com/game.php/user/index/login.html [运行时间：0.015493s][吞吐率：64.55req/s] [内存消耗：1,600.28kb] [文件加载：49]
[ info ] [ LANG ] E:\qipai\html5FKQPASRC\thinkphp\lang\zh-cn.php
[ info ] [ BIND ] 'game'
[ info ] [ ROUTE ] array (
  'type' => 'module',
  'module' => 
  array (
    0 => 'game',
    1 => 'user',
    2 => 'index',
  ),
)
[ info ] [ HEADER ] array (
  'cookie' => 'PHPSESSID=rbcc8l5pau1jmg84r6r1mqtpmv',
  'accept-language' => 'zh-CN,zh;q=0.9,zh-TW;q=0.8,en-US;q=0.7,en;q=0.6',
  'accept-encoding' => 'gzip, deflate',
  'referer' => 'http://qipai.com/game.php/login/index.html',
  'accept' => 'text/html,application/xhtml+xml,application/xml;q=0.9,image/avif,image/webp,image/apng,*/*;q=0.8,application/signed-exchange;v=b3;q=0.7',
  'user-agent' => 'Mozilla/5.0 (Windows NT 10.0; Win64; x64) AppleWebKit/537.36 (KHTML, like Gecko) Chrome/130.0.0.0 Safari/537.36',
  'upgrade-insecure-requests' => '1',
  'connection' => 'keep-alive',
  'host' => 'qipai.com',
  'content-length' => '',
  'content-type' => '',
)
[ info ] [ PARAM ] array (
)
[ info ] [ LOG ] INIT File

---------------------------------------------------------------
[ 2024-11-19T10:26:21+08:00 ] 127.0.0.1 127.0.0.1 POST /game.php/login/dologin.html
[ log ] qipai.com/game.php/login/dologin.html [运行时间：0.014383s][吞吐率：69.53req/s] [内存消耗：1,809.37kb] [文件加载：55]
[ info ] [ LANG ] E:\qipai\html5FKQPASRC\thinkphp\lang\zh-cn.php
[ info ] [ BIND ] 'game'
[ info ] [ ROUTE ] array (
  'type' => 'module',
  'module' => 
  array (
    0 => 'game',
    1 => 'login',
    2 => 'dologin',
  ),
)
[ info ] [ HEADER ] array (
  'cookie' => 'PHPSESSID=rbcc8l5pau1jmg84r6r1mqtpmv',
  'accept-language' => 'zh-CN,zh;q=0.9,zh-TW;q=0.8,en-US;q=0.7,en;q=0.6',
  'accept-encoding' => 'gzip, deflate',
  'referer' => 'http://qipai.com/game.php/login/index.html',
  'origin' => 'http://qipai.com',
  'content-type' => 'application/x-www-form-urlencoded; charset=UTF-8',
  'accept' => '*/*',
  'user-agent' => 'Mozilla/5.0 (Windows NT 10.0; Win64; x64) AppleWebKit/537.36 (KHTML, like Gecko) Chrome/130.0.0.0 Safari/537.36',
  'x-requested-with' => 'XMLHttpRequest',
  'content-length' => '19',
  'connection' => 'keep-alive',
  'host' => 'qipai.com',
)
[ info ] [ PARAM ] array (
  'username' => '',
  'password' => '',
)
[ info ] [ RUN ] app\game\controller\Login->dologin[ E:\qipai\html5FKQPASRC\application\game\controller\Login.php ]
[ info ] [ LOG ] INIT File

---------------------------------------------------------------
[ 2024-11-19T10:28:58+08:00 ] 127.0.0.1 127.0.0.1 GET /game.php/login/index.html
[ log ] qipai.com/game.php/login/index.html [运行时间：0.032664s][吞吐率：30.61req/s] [内存消耗：1,860.52kb] [文件加载：55]
[ info ] [ LANG ] E:\qipai\html5FKQPASRC\thinkphp\lang\zh-cn.php
[ info ] [ BIND ] 'game'
[ info ] [ ROUTE ] array (
  'type' => 'module',
  'module' => 
  array (
    0 => 'game',
    1 => 'login',
    2 => 'index',
  ),
)
[ info ] [ HEADER ] array (
  'cookie' => 'PHPSESSID=rbcc8l5pau1jmg84r6r1mqtpmv',
  'accept-language' => 'zh-CN,zh;q=0.9,zh-TW;q=0.8,en-US;q=0.7,en;q=0.6',
  'accept-encoding' => 'gzip, deflate',
  'accept' => 'text/html,application/xhtml+xml,application/xml;q=0.9,image/avif,image/webp,image/apng,*/*;q=0.8,application/signed-exchange;v=b3;q=0.7',
  'user-agent' => 'Mozilla/5.0 (Windows NT 10.0; Win64; x64) AppleWebKit/537.36 (KHTML, like Gecko) Chrome/130.0.0.0 Safari/537.36',
  'upgrade-insecure-requests' => '1',
  'cache-control' => 'max-age=0',
  'connection' => 'keep-alive',
  'host' => 'qipai.com',
  'content-length' => '',
  'content-type' => '',
)
[ info ] [ PARAM ] array (
)
[ info ] [ RUN ] app\game\controller\Login->index[ E:\qipai\html5FKQPASRC\application\game\controller\Login.php ]
[ info ] [ VIEW ] E:\qipai\html5FKQPASRC/application/game\view\login\index.html [ array (
) ]
[ info ] [ LOG ] INIT File

---------------------------------------------------------------
[ 2024-11-19T10:29:15+08:00 ] 127.0.0.1 127.0.0.1 GET /admin.php
[ log ] qipai.com/admin.php [运行时间：0.018457s][吞吐率：54.18req/s] [内存消耗：1,887.83kb] [文件加载：57]
[ info ] [ LANG ] E:\qipai\html5FKQPASRC\thinkphp\lang\zh-cn.php
[ info ] [ BIND ] 'admin'
[ info ] [ ROUTE ] array (
  'type' => 'module',
  'module' => 
  array (
    0 => 'admin',
    1 => NULL,
    2 => NULL,
  ),
)
[ info ] [ HEADER ] array (
  'cookie' => 'PHPSESSID=rbcc8l5pau1jmg84r6r1mqtpmv',
  'accept-language' => 'zh-CN,zh;q=0.9,zh-TW;q=0.8,en-US;q=0.7,en;q=0.6',
  'accept-encoding' => 'gzip, deflate',
  'accept' => 'text/html,application/xhtml+xml,application/xml;q=0.9,image/avif,image/webp,image/apng,*/*;q=0.8,application/signed-exchange;v=b3;q=0.7',
  'user-agent' => 'Mozilla/5.0 (Windows NT 10.0; Win64; x64) AppleWebKit/537.36 (KHTML, like Gecko) Chrome/130.0.0.0 Safari/537.36',
  'upgrade-insecure-requests' => '1',
  'connection' => 'keep-alive',
  'host' => 'qipai.com',
  'content-length' => '',
  'content-type' => '',
)
[ info ] [ PARAM ] array (
)
[ info ] [ SESSION ] INIT array (
  'id' => '',
  'var_session_id' => '',
  'prefix' => 'think',
  'type' => '',
  'auto_start' => true,
)
[ info ] [ LOG ] INIT File

---------------------------------------------------------------
[ 2024-11-19T10:29:15+08:00 ] 127.0.0.1 127.0.0.1 GET /admin.php/login/index.html
[ log ] qipai.com/admin.php/login/index.html [运行时间：0.018628s][吞吐率：53.68req/s] [内存消耗：2,008.52kb] [文件加载：58]
[ info ] [ LANG ] E:\qipai\html5FKQPASRC\thinkphp\lang\zh-cn.php
[ info ] [ BIND ] 'admin'
[ info ] [ ROUTE ] array (
  'type' => 'module',
  'module' => 
  array (
    0 => 'admin',
    1 => 'login',
    2 => 'index',
  ),
)
[ info ] [ HEADER ] array (
  'cookie' => 'PHPSESSID=rbcc8l5pau1jmg84r6r1mqtpmv',
  'accept-language' => 'zh-CN,zh;q=0.9,zh-TW;q=0.8,en-US;q=0.7,en;q=0.6',
  'accept-encoding' => 'gzip, deflate',
  'accept' => 'text/html,application/xhtml+xml,application/xml;q=0.9,image/avif,image/webp,image/apng,*/*;q=0.8,application/signed-exchange;v=b3;q=0.7',
  'user-agent' => 'Mozilla/5.0 (Windows NT 10.0; Win64; x64) AppleWebKit/537.36 (KHTML, like Gecko) Chrome/130.0.0.0 Safari/537.36',
  'upgrade-insecure-requests' => '1',
  'connection' => 'keep-alive',
  'host' => 'qipai.com',
  'content-length' => '',
  'content-type' => '',
)
[ info ] [ PARAM ] array (
)
[ info ] [ RUN ] app\admin\controller\Login->index[ E:\qipai\html5FKQPASRC\application\admin\controller\Login.php ]
[ info ] [ SESSION ] INIT array (
  'id' => '',
  'var_session_id' => '',
  'prefix' => 'think',
  'type' => '',
  'auto_start' => true,
)
[ info ] [ VIEW ] E:\qipai\html5FKQPASRC/application/admin\view\login\index.html [ array (
) ]
[ info ] [ LOG ] INIT File

---------------------------------------------------------------
[ 2024-11-19T10:29:15+08:00 ] 127.0.0.1 127.0.0.1 GET /admin.php/login/verify.html
[ log ] qipai.com/admin.php/login/verify.html [运行时间：0.021851s][吞吐率：45.76req/s] [内存消耗：1,855.08kb] [文件加载：54]
[ info ] [ LANG ] E:\qipai\html5FKQPASRC\thinkphp\lang\zh-cn.php
[ info ] [ BIND ] 'admin'
[ info ] [ ROUTE ] array (
  'type' => 'module',
  'module' => 
  array (
    0 => 'admin',
    1 => 'login',
    2 => 'verify',
  ),
)
[ info ] [ HEADER ] array (
  'cookie' => 'PHPSESSID=rbcc8l5pau1jmg84r6r1mqtpmv',
  'accept-language' => 'zh-CN,zh;q=0.9,zh-TW;q=0.8,en-US;q=0.7,en;q=0.6',
  'accept-encoding' => 'gzip, deflate',
  'referer' => 'http://qipai.com/admin.php/login/index.html',
  'accept' => 'image/avif,image/webp,image/apng,image/svg+xml,image/*,*/*;q=0.8',
  'user-agent' => 'Mozilla/5.0 (Windows NT 10.0; Win64; x64) AppleWebKit/537.36 (KHTML, like Gecko) Chrome/130.0.0.0 Safari/537.36',
  'connection' => 'keep-alive',
  'host' => 'qipai.com',
  'content-length' => '',
  'content-type' => '',
)
[ info ] [ PARAM ] array (
)
[ info ] [ RUN ] app\admin\controller\Login->verify[ E:\qipai\html5FKQPASRC\application\admin\controller\Login.php ]
[ info ] [ SESSION ] INIT array (
  'id' => '',
  'var_session_id' => '',
  'prefix' => 'think',
  'type' => '',
  'auto_start' => true,
)
[ info ] [ LOG ] INIT File

---------------------------------------------------------------
[ 2024-11-19T10:29:16+08:00 ] 127.0.0.1 127.0.0.1 GET /admin.php/login/index.html
[ log ] qipai.com/admin.php/login/index.html [运行时间：0.020245s][吞吐率：49.40req/s] [内存消耗：1,855.62kb] [文件加载：55]
[ info ] [ LANG ] E:\qipai\html5FKQPASRC\thinkphp\lang\zh-cn.php
[ info ] [ BIND ] 'admin'
[ info ] [ ROUTE ] array (
  'type' => 'module',
  'module' => 
  array (
    0 => 'admin',
    1 => 'login',
    2 => 'index',
  ),
)
[ info ] [ HEADER ] array (
  'cookie' => 'PHPSESSID=rbcc8l5pau1jmg84r6r1mqtpmv',
  'accept-language' => 'zh-CN,zh;q=0.9,zh-TW;q=0.8,en-US;q=0.7,en;q=0.6',
  'accept-encoding' => 'gzip, deflate',
  'referer' => 'http://qipai.com/admin.php/login/index.html',
  'accept' => 'image/avif,image/webp,image/apng,image/svg+xml,image/*,*/*;q=0.8',
  'user-agent' => 'Mozilla/5.0 (Windows NT 10.0; Win64; x64) AppleWebKit/537.36 (KHTML, like Gecko) Chrome/130.0.0.0 Safari/537.36',
  'connection' => 'keep-alive',
  'host' => 'qipai.com',
  'content-length' => '',
  'content-type' => '',
)
[ info ] [ PARAM ] array (
)
[ info ] [ RUN ] app\admin\controller\Login->index[ E:\qipai\html5FKQPASRC\application\admin\controller\Login.php ]
[ info ] [ SESSION ] INIT array (
  'id' => '',
  'var_session_id' => '',
  'prefix' => 'think',
  'type' => '',
  'auto_start' => true,
)
[ info ] [ VIEW ] E:\qipai\html5FKQPASRC/application/admin\view\login\index.html [ array (
) ]
[ info ] [ LOG ] INIT File

---------------------------------------------------------------
[ 2024-11-19T10:29:25+08:00 ] 127.0.0.1 127.0.0.1 POST /admin.php/login/dologin.html
[ log ] qipai.com/admin.php/login/dologin.html [运行时间：0.013785s][吞吐率：72.54req/s] [内存消耗：1,861.65kb] [文件加载：56]
[ info ] [ LANG ] E:\qipai\html5FKQPASRC\thinkphp\lang\zh-cn.php
[ info ] [ BIND ] 'admin'
[ info ] [ ROUTE ] array (
  'type' => 'module',
  'module' => 
  array (
    0 => 'admin',
    1 => 'login',
    2 => 'dologin',
  ),
)
[ info ] [ HEADER ] array (
  'cookie' => 'PHPSESSID=rbcc8l5pau1jmg84r6r1mqtpmv',
  'accept-language' => 'zh-CN,zh;q=0.9,zh-TW;q=0.8,en-US;q=0.7,en;q=0.6',
  'accept-encoding' => 'gzip, deflate',
  'referer' => 'http://qipai.com/admin.php/login/index.html',
  'origin' => 'http://qipai.com',
  'content-type' => 'application/x-www-form-urlencoded; charset=UTF-8',
  'accept' => 'application/json, text/javascript, */*; q=0.01',
  'user-agent' => 'Mozilla/5.0 (Windows NT 10.0; Win64; x64) AppleWebKit/537.36 (KHTML, like Gecko) Chrome/130.0.0.0 Safari/537.36',
  'x-requested-with' => 'XMLHttpRequest',
  'content-length' => '40',
  'connection' => 'keep-alive',
  'host' => 'qipai.com',
)
[ info ] [ PARAM ] array (
  'account' => 'user',
  'admin_pass' => 'user',
  'verify' => '8qbv',
)
[ info ] [ RUN ] app\admin\controller\Login->dologin[ E:\qipai\html5FKQPASRC\application\admin\controller\Login.php ]
[ info ] [ SESSION ] INIT array (
  'id' => '',
  'var_session_id' => '',
  'prefix' => 'think',
  'type' => '',
  'auto_start' => true,
)
[ info ] [ LOG ] INIT File

---------------------------------------------------------------
[ 2024-11-19T10:29:25+08:00 ] 127.0.0.1 127.0.0.1 GET /admin.php/login/verify/rand/1731983365757.html
[ log ] qipai.com/admin.php/login/verify/rand/1731983365757.html [运行时间：0.015701s][吞吐率：63.69req/s] [内存消耗：1,856.02kb] [文件加载：54]
[ info ] [ LANG ] E:\qipai\html5FKQPASRC\thinkphp\lang\zh-cn.php
[ info ] [ BIND ] 'admin'
[ info ] [ ROUTE ] array (
  'type' => 'module',
  'module' => 
  array (
    0 => 'admin',
    1 => 'login',
    2 => 'verify',
  ),
)
[ info ] [ HEADER ] array (
  'cookie' => 'PHPSESSID=rbcc8l5pau1jmg84r6r1mqtpmv',
  'accept-language' => 'zh-CN,zh;q=0.9,zh-TW;q=0.8,en-US;q=0.7,en;q=0.6',
  'accept-encoding' => 'gzip, deflate',
  'referer' => 'http://qipai.com/admin.php/login/index.html',
  'accept' => 'image/avif,image/webp,image/apng,image/svg+xml,image/*,*/*;q=0.8',
  'user-agent' => 'Mozilla/5.0 (Windows NT 10.0; Win64; x64) AppleWebKit/537.36 (KHTML, like Gecko) Chrome/130.0.0.0 Safari/537.36',
  'connection' => 'keep-alive',
  'host' => 'qipai.com',
  'content-length' => '',
  'content-type' => '',
)
[ info ] [ PARAM ] array (
  'rand' => '1731983365757',
)
[ info ] [ RUN ] app\admin\controller\Login->verify[ E:\qipai\html5FKQPASRC\application\admin\controller\Login.php ]
[ info ] [ SESSION ] INIT array (
  'id' => '',
  'var_session_id' => '',
  'prefix' => 'think',
  'type' => '',
  'auto_start' => true,
)
[ info ] [ LOG ] INIT File

---------------------------------------------------------------
[ 2024-11-19T10:29:33+08:00 ] 127.0.0.1 127.0.0.1 POST /admin.php/login/dologin.html
[ log ] qipai.com/admin.php/login/dologin.html [运行时间：0.014773s][吞吐率：67.69req/s] [内存消耗：1,861.65kb] [文件加载：56]
[ info ] [ LANG ] E:\qipai\html5FKQPASRC\thinkphp\lang\zh-cn.php
[ info ] [ BIND ] 'admin'
[ info ] [ ROUTE ] array (
  'type' => 'module',
  'module' => 
  array (
    0 => 'admin',
    1 => 'login',
    2 => 'dologin',
  ),
)
[ info ] [ HEADER ] array (
  'cookie' => 'PHPSESSID=rbcc8l5pau1jmg84r6r1mqtpmv',
  'accept-language' => 'zh-CN,zh;q=0.9,zh-TW;q=0.8,en-US;q=0.7,en;q=0.6',
  'accept-encoding' => 'gzip, deflate',
  'referer' => 'http://qipai.com/admin.php/login/index.html',
  'origin' => 'http://qipai.com',
  'content-type' => 'application/x-www-form-urlencoded; charset=UTF-8',
  'accept' => 'application/json, text/javascript, */*; q=0.01',
  'user-agent' => 'Mozilla/5.0 (Windows NT 10.0; Win64; x64) AppleWebKit/537.36 (KHTML, like Gecko) Chrome/130.0.0.0 Safari/537.36',
  'x-requested-with' => 'XMLHttpRequest',
  'content-length' => '40',
  'connection' => 'keep-alive',
  'host' => 'qipai.com',
)
[ info ] [ PARAM ] array (
  'account' => 'user',
  'admin_pass' => 'user',
  'verify' => 'd57p',
)
[ info ] [ RUN ] app\admin\controller\Login->dologin[ E:\qipai\html5FKQPASRC\application\admin\controller\Login.php ]
[ info ] [ SESSION ] INIT array (
  'id' => '',
  'var_session_id' => '',
  'prefix' => 'think',
  'type' => '',
  'auto_start' => true,
)
[ info ] [ LOG ] INIT File

---------------------------------------------------------------
[ 2024-11-19T10:29:33+08:00 ] 127.0.0.1 127.0.0.1 GET /admin.php/login/verify/rand/1731983373129.html
[ log ] qipai.com/admin.php/login/verify/rand/1731983373129.html [运行时间：0.015646s][吞吐率：63.91req/s] [内存消耗：1,856.02kb] [文件加载：54]
[ info ] [ LANG ] E:\qipai\html5FKQPASRC\thinkphp\lang\zh-cn.php
[ info ] [ BIND ] 'admin'
[ info ] [ ROUTE ] array (
  'type' => 'module',
  'module' => 
  array (
    0 => 'admin',
    1 => 'login',
    2 => 'verify',
  ),
)
[ info ] [ HEADER ] array (
  'cookie' => 'PHPSESSID=rbcc8l5pau1jmg84r6r1mqtpmv',
  'accept-language' => 'zh-CN,zh;q=0.9,zh-TW;q=0.8,en-US;q=0.7,en;q=0.6',
  'accept-encoding' => 'gzip, deflate',
  'referer' => 'http://qipai.com/admin.php/login/index.html',
  'accept' => 'image/avif,image/webp,image/apng,image/svg+xml,image/*,*/*;q=0.8',
  'user-agent' => 'Mozilla/5.0 (Windows NT 10.0; Win64; x64) AppleWebKit/537.36 (KHTML, like Gecko) Chrome/130.0.0.0 Safari/537.36',
  'connection' => 'keep-alive',
  'host' => 'qipai.com',
  'content-length' => '',
  'content-type' => '',
)
[ info ] [ PARAM ] array (
  'rand' => '1731983373129',
)
[ info ] [ RUN ] app\admin\controller\Login->verify[ E:\qipai\html5FKQPASRC\application\admin\controller\Login.php ]
[ info ] [ SESSION ] INIT array (
  'id' => '',
  'var_session_id' => '',
  'prefix' => 'think',
  'type' => '',
  'auto_start' => true,
)
[ info ] [ LOG ] INIT File

---------------------------------------------------------------
[ 2024-11-19T10:29:34+08:00 ] 127.0.0.1 127.0.0.1 GET /admin.php/login/verify/rand/1731983374606.html
[ log ] qipai.com/admin.php/login/verify/rand/1731983374606.html [运行时间：0.021420s][吞吐率：46.69req/s] [内存消耗：1,856.02kb] [文件加载：54]
[ info ] [ LANG ] E:\qipai\html5FKQPASRC\thinkphp\lang\zh-cn.php
[ info ] [ BIND ] 'admin'
[ info ] [ ROUTE ] array (
  'type' => 'module',
  'module' => 
  array (
    0 => 'admin',
    1 => 'login',
    2 => 'verify',
  ),
)
[ info ] [ HEADER ] array (
  'cookie' => 'PHPSESSID=rbcc8l5pau1jmg84r6r1mqtpmv',
  'accept-language' => 'zh-CN,zh;q=0.9,zh-TW;q=0.8,en-US;q=0.7,en;q=0.6',
  'accept-encoding' => 'gzip, deflate',
  'referer' => 'http://qipai.com/admin.php/login/index.html',
  'accept' => 'image/avif,image/webp,image/apng,image/svg+xml,image/*,*/*;q=0.8',
  'user-agent' => 'Mozilla/5.0 (Windows NT 10.0; Win64; x64) AppleWebKit/537.36 (KHTML, like Gecko) Chrome/130.0.0.0 Safari/537.36',
  'connection' => 'keep-alive',
  'host' => 'qipai.com',
  'content-length' => '',
  'content-type' => '',
)
[ info ] [ PARAM ] array (
  'rand' => '1731983374606',
)
[ info ] [ RUN ] app\admin\controller\Login->verify[ E:\qipai\html5FKQPASRC\application\admin\controller\Login.php ]
[ info ] [ SESSION ] INIT array (
  'id' => '',
  'var_session_id' => '',
  'prefix' => 'think',
  'type' => '',
  'auto_start' => true,
)
[ info ] [ LOG ] INIT File

---------------------------------------------------------------
[ 2024-11-19T10:29:38+08:00 ] 127.0.0.1 127.0.0.1 POST /admin.php/login/dologin.html
[ log ] qipai.com/admin.php/login/dologin.html [运行时间：0.025586s][吞吐率：39.08req/s] [内存消耗：2,853.69kb] [文件加载：66]
[ info ] [ LANG ] E:\qipai\html5FKQPASRC\thinkphp\lang\zh-cn.php
[ info ] [ BIND ] 'admin'
[ info ] [ ROUTE ] array (
  'type' => 'module',
  'module' => 
  array (
    0 => 'admin',
    1 => 'login',
    2 => 'dologin',
  ),
)
[ info ] [ HEADER ] array (
  'cookie' => 'PHPSESSID=rbcc8l5pau1jmg84r6r1mqtpmv',
  'accept-language' => 'zh-CN,zh;q=0.9,zh-TW;q=0.8,en-US;q=0.7,en;q=0.6',
  'accept-encoding' => 'gzip, deflate',
  'referer' => 'http://qipai.com/admin.php/login/index.html',
  'origin' => 'http://qipai.com',
  'content-type' => 'application/x-www-form-urlencoded; charset=UTF-8',
  'accept' => 'application/json, text/javascript, */*; q=0.01',
  'user-agent' => 'Mozilla/5.0 (Windows NT 10.0; Win64; x64) AppleWebKit/537.36 (KHTML, like Gecko) Chrome/130.0.0.0 Safari/537.36',
  'x-requested-with' => 'XMLHttpRequest',
  'content-length' => '40',
  'connection' => 'keep-alive',
  'host' => 'qipai.com',
)
[ info ] [ PARAM ] array (
  'account' => 'user',
  'admin_pass' => 'user',
  'verify' => 'ip3w',
)
[ info ] [ RUN ] app\admin\controller\Login->dologin[ E:\qipai\html5FKQPASRC\application\admin\controller\Login.php ]
[ info ] [ SESSION ] INIT array (
  'id' => '',
  'var_session_id' => '',
  'prefix' => 'think',
  'type' => '',
  'auto_start' => true,
)
[ info ] [ DB ] INIT mysql
[ info ] [ LOG ] INIT File
[ sql ] [ DB ] CONNECT:[ UseTime:0.001022s ] mysql:dbname=xxbb;host=127.0.0.1;port=3306;charset=utf8
[ sql ] [ SQL ] SHOW COLUMNS FROM `t_user` [ RunTime:0.001545s ]
[ sql ] [ SQL ] SELECT * FROM `t_user` WHERE  `account` = 'user' LIMIT 1 [ RunTime:0.000501s ]

---------------------------------------------------------------
[ 2024-11-19T10:29:38+08:00 ] 127.0.0.1 127.0.0.1 GET /admin.php/member/index.html
[ log ] qipai.com/admin.php/member/index.html [运行时间：0.050618s][吞吐率：19.76req/s] [内存消耗：3,254.03kb] [文件加载：72]
[ info ] [ LANG ] E:\qipai\html5FKQPASRC\thinkphp\lang\zh-cn.php
[ info ] [ BIND ] 'admin'
[ info ] [ ROUTE ] array (
  'type' => 'module',
  'module' => 
  array (
    0 => 'admin',
    1 => 'member',
    2 => 'index',
  ),
)
[ info ] [ HEADER ] array (
  'cookie' => 'PHPSESSID=rbcc8l5pau1jmg84r6r1mqtpmv',
  'accept-language' => 'zh-CN,zh;q=0.9,zh-TW;q=0.8,en-US;q=0.7,en;q=0.6',
  'accept-encoding' => 'gzip, deflate',
  'referer' => 'http://qipai.com/admin.php/login/index.html',
  'accept' => 'text/html,application/xhtml+xml,application/xml;q=0.9,image/avif,image/webp,image/apng,*/*;q=0.8,application/signed-exchange;v=b3;q=0.7',
  'user-agent' => 'Mozilla/5.0 (Windows NT 10.0; Win64; x64) AppleWebKit/537.36 (KHTML, like Gecko) Chrome/130.0.0.0 Safari/537.36',
  'upgrade-insecure-requests' => '1',
  'connection' => 'keep-alive',
  'host' => 'qipai.com',
  'content-length' => '',
  'content-type' => '',
)
[ info ] [ PARAM ] array (
)
[ info ] [ SESSION ] INIT array (
  'id' => '',
  'var_session_id' => '',
  'prefix' => 'think',
  'type' => '',
  'auto_start' => true,
)
[ info ] [ DB ] INIT mysql
[ info ] [ RUN ] app\admin\controller\Common->index[ E:\qipai\html5FKQPASRC\application\admin\controller\Common.php ]
[ info ] [ VIEW ] E:\qipai\html5FKQPASRC/application/admin\view\member\index.html [ array (
  0 => 'userinfo',
  1 => 'list',
  2 => 'pages',
) ]
[ info ] [ LOG ] INIT File
[ sql ] [ DB ] CONNECT:[ UseTime:0.012287s ] mysql:dbname=xxbb;host=127.0.0.1;port=3306;charset=utf8
[ sql ] [ SQL ] SHOW COLUMNS FROM `t_user` [ RunTime:0.000840s ]
[ sql ] [ SQL ] SELECT * FROM `t_user` WHERE  `id` = 263 LIMIT 1 [ RunTime:0.000337s ]
[ sql ] [ SQL ] SHOW COLUMNS FROM `t_member` [ RunTime:0.001606s ]
[ sql ] [ SQL ] SELECT COUNT(*) AS tp_count FROM `t_member` LIMIT 1 [ RunTime:0.000274s ]
[ sql ] [ SQL ] SELECT * FROM `t_member` LIMIT 0,15 [ RunTime:0.000431s ]

---------------------------------------------------------------
[ 2024-11-19T10:29:38+08:00 ] 127.0.0.1 127.0.0.1 GET /admin.php/member/index.html
[ log ] qipai.com/admin.php/member/index.html [运行时间：0.043534s][吞吐率：22.97req/s] [内存消耗：3,085.90kb] [文件加载：69]
[ info ] [ LANG ] E:\qipai\html5FKQPASRC\thinkphp\lang\zh-cn.php
[ info ] [ BIND ] 'admin'
[ info ] [ ROUTE ] array (
  'type' => 'module',
  'module' => 
  array (
    0 => 'admin',
    1 => 'member',
    2 => 'index',
  ),
)
[ info ] [ HEADER ] array (
  'cookie' => 'PHPSESSID=rbcc8l5pau1jmg84r6r1mqtpmv',
  'accept-language' => 'zh-CN,zh;q=0.9,zh-TW;q=0.8,en-US;q=0.7,en;q=0.6',
  'accept-encoding' => 'gzip, deflate',
  'referer' => 'http://qipai.com/admin.php/member/index.html',
  'accept' => 'image/avif,image/webp,image/apng,image/svg+xml,image/*,*/*;q=0.8',
  'user-agent' => 'Mozilla/5.0 (Windows NT 10.0; Win64; x64) AppleWebKit/537.36 (KHTML, like Gecko) Chrome/130.0.0.0 Safari/537.36',
  'connection' => 'keep-alive',
  'host' => 'qipai.com',
  'content-length' => '',
  'content-type' => '',
)
[ info ] [ PARAM ] array (
)
[ info ] [ SESSION ] INIT array (
  'id' => '',
  'var_session_id' => '',
  'prefix' => 'think',
  'type' => '',
  'auto_start' => true,
)
[ info ] [ DB ] INIT mysql
[ info ] [ RUN ] app\admin\controller\Common->index[ E:\qipai\html5FKQPASRC\application\admin\controller\Common.php ]
[ info ] [ VIEW ] E:\qipai\html5FKQPASRC/application/admin\view\member\index.html [ array (
  0 => 'userinfo',
  1 => 'list',
  2 => 'pages',
) ]
[ info ] [ LOG ] INIT File
[ sql ] [ DB ] CONNECT:[ UseTime:0.010108s ] mysql:dbname=xxbb;host=127.0.0.1;port=3306;charset=utf8
[ sql ] [ SQL ] SHOW COLUMNS FROM `t_user` [ RunTime:0.000853s ]
[ sql ] [ SQL ] SELECT * FROM `t_user` WHERE  `id` = 263 LIMIT 1 [ RunTime:0.000343s ]
[ sql ] [ SQL ] SHOW COLUMNS FROM `t_member` [ RunTime:0.001398s ]
[ sql ] [ SQL ] SELECT COUNT(*) AS tp_count FROM `t_member` LIMIT 1 [ RunTime:0.000185s ]
[ sql ] [ SQL ] SELECT * FROM `t_member` LIMIT 0,15 [ RunTime:0.000316s ]

---------------------------------------------------------------
[ 2024-11-19T10:29:43+08:00 ] 127.0.0.1 127.0.0.1 GET /admin.php/redbag/index.html
[ log ] qipai.com/admin.php/redbag/index.html [运行时间：0.068897s][吞吐率：14.51req/s] [内存消耗：3,199.84kb] [文件加载：73]
[ info ] [ LANG ] E:\qipai\html5FKQPASRC\thinkphp\lang\zh-cn.php
[ info ] [ BIND ] 'admin'
[ info ] [ ROUTE ] array (
  'type' => 'module',
  'module' => 
  array (
    0 => 'admin',
    1 => 'redbag',
    2 => 'index',
  ),
)
[ info ] [ HEADER ] array (
  'cookie' => 'PHPSESSID=rbcc8l5pau1jmg84r6r1mqtpmv',
  'accept-language' => 'zh-CN,zh;q=0.9,zh-TW;q=0.8,en-US;q=0.7,en;q=0.6',
  'accept-encoding' => 'gzip, deflate',
  'referer' => 'http://qipai.com/admin.php/member/index.html',
  'accept' => 'text/html,application/xhtml+xml,application/xml;q=0.9,image/avif,image/webp,image/apng,*/*;q=0.8,application/signed-exchange;v=b3;q=0.7',
  'user-agent' => 'Mozilla/5.0 (Windows NT 10.0; Win64; x64) AppleWebKit/537.36 (KHTML, like Gecko) Chrome/130.0.0.0 Safari/537.36',
  'upgrade-insecure-requests' => '1',
  'connection' => 'keep-alive',
  'host' => 'qipai.com',
  'content-length' => '',
  'content-type' => '',
)
[ info ] [ PARAM ] array (
)
[ info ] [ SESSION ] INIT array (
  'id' => '',
  'var_session_id' => '',
  'prefix' => 'think',
  'type' => '',
  'auto_start' => true,
)
[ info ] [ DB ] INIT mysql
[ info ] [ RUN ] app\admin\controller\Redbag->index[ E:\qipai\html5FKQPASRC\application\admin\controller\Redbag.php ]
[ info ] [ VIEW ] E:\qipai\html5FKQPASRC/application/admin\view\redbag\index.html [ array (
  0 => 'userinfo',
  1 => 'list',
  2 => 'pages',
) ]
[ info ] [ LOG ] INIT File
[ sql ] [ DB ] CONNECT:[ UseTime:0.021448s ] mysql:dbname=xxbb;host=127.0.0.1;port=3306;charset=utf8
[ sql ] [ SQL ] SHOW COLUMNS FROM `t_user` [ RunTime:0.000989s ]
[ sql ] [ SQL ] SELECT * FROM `t_user` WHERE  `id` = 263 LIMIT 1 [ RunTime:0.000416s ]
[ sql ] [ SQL ] SHOW COLUMNS FROM `t_redbag` [ RunTime:0.001237s ]
[ sql ] [ SQL ] SELECT COUNT(*) AS tp_count FROM `t_redbag` LIMIT 1 [ RunTime:0.000285s ]
[ sql ] [ SQL ] SELECT * FROM `t_redbag` LIMIT 0,15 [ RunTime:0.000293s ]
[ sql ] [ SQL ] SHOW COLUMNS FROM `t_member` [ RunTime:0.001195s ]
[ sql ] [ SQL ] SELECT `nickname` FROM `t_member` WHERE  `id` = 0 LIMIT 1 [ RunTime:0.000355s ]
[ sql ] [ SQL ] SELECT `nickname` FROM `t_member` WHERE  `id` = 0 LIMIT 1 [ RunTime:0.000280s ]
[ sql ] [ SQL ] SELECT `nickname` FROM `t_member` WHERE  `id` = 0 LIMIT 1 [ RunTime:0.000261s ]
[ sql ] [ SQL ] SELECT `nickname` FROM `t_member` WHERE  `id` = 0 LIMIT 1 [ RunTime:0.000258s ]
[ sql ] [ SQL ] SELECT `nickname` FROM `t_member` WHERE  `id` = 0 LIMIT 1 [ RunTime:0.000258s ]
[ sql ] [ SQL ] SELECT `nickname` FROM `t_member` WHERE  `id` = 0 LIMIT 1 [ RunTime:0.000257s ]
[ sql ] [ SQL ] SELECT `nickname` FROM `t_member` WHERE  `id` = 0 LIMIT 1 [ RunTime:0.000246s ]
[ sql ] [ SQL ] SELECT `nickname` FROM `t_member` WHERE  `id` = 0 LIMIT 1 [ RunTime:0.000219s ]
[ sql ] [ SQL ] SELECT `nickname` FROM `t_member` WHERE  `id` = 8 LIMIT 1 [ RunTime:0.000251s ]
[ sql ] [ SQL ] SELECT `nickname` FROM `t_member` WHERE  `id` = 0 LIMIT 1 [ RunTime:0.000262s ]
[ sql ] [ SQL ] SELECT `nickname` FROM `t_member` WHERE  `id` = 0 LIMIT 1 [ RunTime:0.000323s ]
[ sql ] [ SQL ] SELECT `nickname` FROM `t_member` WHERE  `id` = 0 LIMIT 1 [ RunTime:0.000219s ]
[ sql ] [ SQL ] SELECT `nickname` FROM `t_member` WHERE  `id` = 0 LIMIT 1 [ RunTime:0.000205s ]
[ sql ] [ SQL ] SELECT `nickname` FROM `t_member` WHERE  `id` = 0 LIMIT 1 [ RunTime:0.000200s ]
[ sql ] [ SQL ] SELECT `nickname` FROM `t_member` WHERE  `id` = 0 LIMIT 1 [ RunTime:0.000202s ]

---------------------------------------------------------------
[ 2024-11-19T10:29:43+08:00 ] 127.0.0.1 127.0.0.1 GET /admin.php/redbag/index.html
[ log ] qipai.com/admin.php/redbag/index.html [运行时间：0.047075s][吞吐率：21.24req/s] [内存消耗：3,031.84kb] [文件加载：70]
[ info ] [ LANG ] E:\qipai\html5FKQPASRC\thinkphp\lang\zh-cn.php
[ info ] [ BIND ] 'admin'
[ info ] [ ROUTE ] array (
  'type' => 'module',
  'module' => 
  array (
    0 => 'admin',
    1 => 'redbag',
    2 => 'index',
  ),
)
[ info ] [ HEADER ] array (
  'cookie' => 'PHPSESSID=rbcc8l5pau1jmg84r6r1mqtpmv',
  'accept-language' => 'zh-CN,zh;q=0.9,zh-TW;q=0.8,en-US;q=0.7,en;q=0.6',
  'accept-encoding' => 'gzip, deflate',
  'referer' => 'http://qipai.com/admin.php/redbag/index.html',
  'accept' => 'image/avif,image/webp,image/apng,image/svg+xml,image/*,*/*;q=0.8',
  'user-agent' => 'Mozilla/5.0 (Windows NT 10.0; Win64; x64) AppleWebKit/537.36 (KHTML, like Gecko) Chrome/130.0.0.0 Safari/537.36',
  'connection' => 'keep-alive',
  'host' => 'qipai.com',
  'content-length' => '',
  'content-type' => '',
)
[ info ] [ PARAM ] array (
)
[ info ] [ SESSION ] INIT array (
  'id' => '',
  'var_session_id' => '',
  'prefix' => 'think',
  'type' => '',
  'auto_start' => true,
)
[ info ] [ DB ] INIT mysql
[ info ] [ RUN ] app\admin\controller\Redbag->index[ E:\qipai\html5FKQPASRC\application\admin\controller\Redbag.php ]
[ info ] [ VIEW ] E:\qipai\html5FKQPASRC/application/admin\view\redbag\index.html [ array (
  0 => 'userinfo',
  1 => 'list',
  2 => 'pages',
) ]
[ info ] [ LOG ] INIT File
[ sql ] [ DB ] CONNECT:[ UseTime:0.013805s ] mysql:dbname=xxbb;host=127.0.0.1;port=3306;charset=utf8
[ sql ] [ SQL ] SHOW COLUMNS FROM `t_user` [ RunTime:0.000966s ]
[ sql ] [ SQL ] SELECT * FROM `t_user` WHERE  `id` = 263 LIMIT 1 [ RunTime:0.000461s ]
[ sql ] [ SQL ] SHOW COLUMNS FROM `t_redbag` [ RunTime:0.000682s ]
[ sql ] [ SQL ] SELECT COUNT(*) AS tp_count FROM `t_redbag` LIMIT 1 [ RunTime:0.000183s ]
[ sql ] [ SQL ] SELECT * FROM `t_redbag` LIMIT 0,15 [ RunTime:0.000199s ]
[ sql ] [ SQL ] SHOW COLUMNS FROM `t_member` [ RunTime:0.000742s ]
[ sql ] [ SQL ] SELECT `nickname` FROM `t_member` WHERE  `id` = 0 LIMIT 1 [ RunTime:0.000301s ]
[ sql ] [ SQL ] SELECT `nickname` FROM `t_member` WHERE  `id` = 0 LIMIT 1 [ RunTime:0.000274s ]
[ sql ] [ SQL ] SELECT `nickname` FROM `t_member` WHERE  `id` = 0 LIMIT 1 [ RunTime:0.000261s ]
[ sql ] [ SQL ] SELECT `nickname` FROM `t_member` WHERE  `id` = 0 LIMIT 1 [ RunTime:0.000261s ]
[ sql ] [ SQL ] SELECT `nickname` FROM `t_member` WHERE  `id` = 0 LIMIT 1 [ RunTime:0.000260s ]
[ sql ] [ SQL ] SELECT `nickname` FROM `t_member` WHERE  `id` = 0 LIMIT 1 [ RunTime:0.000264s ]
[ sql ] [ SQL ] SELECT `nickname` FROM `t_member` WHERE  `id` = 0 LIMIT 1 [ RunTime:0.000268s ]
[ sql ] [ SQL ] SELECT `nickname` FROM `t_member` WHERE  `id` = 0 LIMIT 1 [ RunTime:0.000262s ]
[ sql ] [ SQL ] SELECT `nickname` FROM `t_member` WHERE  `id` = 8 LIMIT 1 [ RunTime:0.000277s ]
[ sql ] [ SQL ] SELECT `nickname` FROM `t_member` WHERE  `id` = 0 LIMIT 1 [ RunTime:0.000240s ]
[ sql ] [ SQL ] SELECT `nickname` FROM `t_member` WHERE  `id` = 0 LIMIT 1 [ RunTime:0.000242s ]
[ sql ] [ SQL ] SELECT `nickname` FROM `t_member` WHERE  `id` = 0 LIMIT 1 [ RunTime:0.000238s ]
[ sql ] [ SQL ] SELECT `nickname` FROM `t_member` WHERE  `id` = 0 LIMIT 1 [ RunTime:0.000230s ]
[ sql ] [ SQL ] SELECT `nickname` FROM `t_member` WHERE  `id` = 0 LIMIT 1 [ RunTime:0.000238s ]
[ sql ] [ SQL ] SELECT `nickname` FROM `t_member` WHERE  `id` = 0 LIMIT 1 [ RunTime:0.000236s ]

---------------------------------------------------------------
[ 2024-11-19T10:29:49+08:00 ] 127.0.0.1 127.0.0.1 GET /admin.php/member/index.html
[ log ] qipai.com/admin.php/member/index.html [运行时间：0.050413s][吞吐率：19.84req/s] [内存消耗：3,086.17kb] [文件加载：69]
[ info ] [ LANG ] E:\qipai\html5FKQPASRC\thinkphp\lang\zh-cn.php
[ info ] [ BIND ] 'admin'
[ info ] [ ROUTE ] array (
  'type' => 'module',
  'module' => 
  array (
    0 => 'admin',
    1 => 'member',
    2 => 'index',
  ),
)
[ info ] [ HEADER ] array (
  'cookie' => 'PHPSESSID=rbcc8l5pau1jmg84r6r1mqtpmv',
  'accept-language' => 'zh-CN,zh;q=0.9,zh-TW;q=0.8,en-US;q=0.7,en;q=0.6',
  'accept-encoding' => 'gzip, deflate',
  'referer' => 'http://qipai.com/admin.php/redbag/index.html',
  'accept' => 'text/html,application/xhtml+xml,application/xml;q=0.9,image/avif,image/webp,image/apng,*/*;q=0.8,application/signed-exchange;v=b3;q=0.7',
  'user-agent' => 'Mozilla/5.0 (Windows NT 10.0; Win64; x64) AppleWebKit/537.36 (KHTML, like Gecko) Chrome/130.0.0.0 Safari/537.36',
  'upgrade-insecure-requests' => '1',
  'connection' => 'keep-alive',
  'host' => 'qipai.com',
  'content-length' => '',
  'content-type' => '',
)
[ info ] [ PARAM ] array (
)
[ info ] [ SESSION ] INIT array (
  'id' => '',
  'var_session_id' => '',
  'prefix' => 'think',
  'type' => '',
  'auto_start' => true,
)
[ info ] [ DB ] INIT mysql
[ info ] [ RUN ] app\admin\controller\Common->index[ E:\qipai\html5FKQPASRC\application\admin\controller\Common.php ]
[ info ] [ VIEW ] E:\qipai\html5FKQPASRC/application/admin\view\member\index.html [ array (
  0 => 'userinfo',
  1 => 'list',
  2 => 'pages',
) ]
[ info ] [ LOG ] INIT File
[ sql ] [ DB ] CONNECT:[ UseTime:0.022382s ] mysql:dbname=xxbb;host=127.0.0.1;port=3306;charset=utf8
[ sql ] [ SQL ] SHOW COLUMNS FROM `t_user` [ RunTime:0.001097s ]
[ sql ] [ SQL ] SELECT * FROM `t_user` WHERE  `id` = 263 LIMIT 1 [ RunTime:0.000458s ]
[ sql ] [ SQL ] SHOW COLUMNS FROM `t_member` [ RunTime:0.000878s ]
[ sql ] [ SQL ] SELECT COUNT(*) AS tp_count FROM `t_member` LIMIT 1 [ RunTime:0.000338s ]
[ sql ] [ SQL ] SELECT * FROM `t_member` LIMIT 0,15 [ RunTime:0.000409s ]

---------------------------------------------------------------
[ 2024-11-19T10:29:49+08:00 ] 127.0.0.1 127.0.0.1 GET /admin.php/member/index.html
[ log ] qipai.com/admin.php/member/index.html [运行时间：0.027587s][吞吐率：36.25req/s] [内存消耗：3,085.90kb] [文件加载：69]
[ info ] [ LANG ] E:\qipai\html5FKQPASRC\thinkphp\lang\zh-cn.php
[ info ] [ BIND ] 'admin'
[ info ] [ ROUTE ] array (
  'type' => 'module',
  'module' => 
  array (
    0 => 'admin',
    1 => 'member',
    2 => 'index',
  ),
)
[ info ] [ HEADER ] array (
  'cookie' => 'PHPSESSID=rbcc8l5pau1jmg84r6r1mqtpmv',
  'accept-language' => 'zh-CN,zh;q=0.9,zh-TW;q=0.8,en-US;q=0.7,en;q=0.6',
  'accept-encoding' => 'gzip, deflate',
  'referer' => 'http://qipai.com/admin.php/member/index.html',
  'accept' => 'image/avif,image/webp,image/apng,image/svg+xml,image/*,*/*;q=0.8',
  'user-agent' => 'Mozilla/5.0 (Windows NT 10.0; Win64; x64) AppleWebKit/537.36 (KHTML, like Gecko) Chrome/130.0.0.0 Safari/537.36',
  'connection' => 'keep-alive',
  'host' => 'qipai.com',
  'content-length' => '',
  'content-type' => '',
)
[ info ] [ PARAM ] array (
)
[ info ] [ SESSION ] INIT array (
  'id' => '',
  'var_session_id' => '',
  'prefix' => 'think',
  'type' => '',
  'auto_start' => true,
)
[ info ] [ DB ] INIT mysql
[ info ] [ RUN ] app\admin\controller\Common->index[ E:\qipai\html5FKQPASRC\application\admin\controller\Common.php ]
[ info ] [ VIEW ] E:\qipai\html5FKQPASRC/application/admin\view\member\index.html [ array (
  0 => 'userinfo',
  1 => 'list',
  2 => 'pages',
) ]
[ info ] [ LOG ] INIT File
[ sql ] [ DB ] CONNECT:[ UseTime:0.000993s ] mysql:dbname=xxbb;host=127.0.0.1;port=3306;charset=utf8
[ sql ] [ SQL ] SHOW COLUMNS FROM `t_user` [ RunTime:0.000787s ]
[ sql ] [ SQL ] SELECT * FROM `t_user` WHERE  `id` = 263 LIMIT 1 [ RunTime:0.000357s ]
[ sql ] [ SQL ] SHOW COLUMNS FROM `t_member` [ RunTime:0.000745s ]
[ sql ] [ SQL ] SELECT COUNT(*) AS tp_count FROM `t_member` LIMIT 1 [ RunTime:0.000331s ]
[ sql ] [ SQL ] SELECT * FROM `t_member` LIMIT 0,15 [ RunTime:0.000481s ]

---------------------------------------------------------------
[ 2024-11-19T10:29:59+08:00 ] 127.0.0.1 127.0.0.1 GET /admin.php/member/modify/id/8.html
[ log ] qipai.com/admin.php/member/modify/id/8.html [运行时间：0.038547s][吞吐率：25.94req/s] [内存消耗：3,116.98kb] [文件加载：68]
[ info ] [ LANG ] E:\qipai\html5FKQPASRC\thinkphp\lang\zh-cn.php
[ info ] [ BIND ] 'admin'
[ info ] [ ROUTE ] array (
  'type' => 'module',
  'module' => 
  array (
    0 => 'admin',
    1 => 'member',
    2 => 'modify',
  ),
)
[ info ] [ HEADER ] array (
  'cookie' => 'PHPSESSID=rbcc8l5pau1jmg84r6r1mqtpmv',
  'accept-language' => 'zh-CN,zh;q=0.9,zh-TW;q=0.8,en-US;q=0.7,en;q=0.6',
  'accept-encoding' => 'gzip, deflate',
  'referer' => 'http://qipai.com/admin.php/member/index.html',
  'accept' => 'text/html,application/xhtml+xml,application/xml;q=0.9,image/avif,image/webp,image/apng,*/*;q=0.8,application/signed-exchange;v=b3;q=0.7',
  'user-agent' => 'Mozilla/5.0 (Windows NT 10.0; Win64; x64) AppleWebKit/537.36 (KHTML, like Gecko) Chrome/130.0.0.0 Safari/537.36',
  'upgrade-insecure-requests' => '1',
  'connection' => 'keep-alive',
  'host' => 'qipai.com',
  'content-length' => '',
  'content-type' => '',
)
[ info ] [ PARAM ] array (
  'id' => '8',
)
[ info ] [ SESSION ] INIT array (
  'id' => '',
  'var_session_id' => '',
  'prefix' => 'think',
  'type' => '',
  'auto_start' => true,
)
[ info ] [ DB ] INIT mysql
[ info ] [ RUN ] app\admin\controller\Member->modify[ E:\qipai\html5FKQPASRC\application\admin\controller\Member.php ]
[ info ] [ VIEW ] E:\qipai\html5FKQPASRC/application/admin\view\member\modify.html [ array (
  0 => 'userinfo',
  1 => 'levellist',
  2 => 'info',
) ]
[ info ] [ LOG ] INIT File
[ sql ] [ DB ] CONNECT:[ UseTime:0.000962s ] mysql:dbname=xxbb;host=127.0.0.1;port=3306;charset=utf8
[ sql ] [ SQL ] SHOW COLUMNS FROM `t_user` [ RunTime:0.000869s ]
[ sql ] [ SQL ] SELECT * FROM `t_user` WHERE  `id` = 263 LIMIT 1 [ RunTime:0.000481s ]
[ sql ] [ SQL ] SHOW COLUMNS FROM `t_member` [ RunTime:0.000990s ]
[ sql ] [ SQL ] SHOW COLUMNS FROM `t_level` [ RunTime:0.000699s ]
[ sql ] [ SQL ] SELECT * FROM `t_level` [ RunTime:0.000194s ]
[ sql ] [ SQL ] SELECT * FROM `t_member` WHERE  `id` = 8 LIMIT 1 [ RunTime:0.000347s ]

---------------------------------------------------------------
[ 2024-11-19T10:29:59+08:00 ] 127.0.0.1 127.0.0.1 GET /admin.php/member/modify/id/8.html
[ log ] qipai.com/admin.php/member/modify/id/8.html [运行时间：0.029796s][吞吐率：33.56req/s] [内存消耗：2,886.79kb] [文件加载：65]
[ info ] [ LANG ] E:\qipai\html5FKQPASRC\thinkphp\lang\zh-cn.php
[ info ] [ BIND ] 'admin'
[ info ] [ ROUTE ] array (
  'type' => 'module',
  'module' => 
  array (
    0 => 'admin',
    1 => 'member',
    2 => 'modify',
  ),
)
[ info ] [ HEADER ] array (
  'cookie' => 'PHPSESSID=rbcc8l5pau1jmg84r6r1mqtpmv',
  'accept-language' => 'zh-CN,zh;q=0.9,zh-TW;q=0.8,en-US;q=0.7,en;q=0.6',
  'accept-encoding' => 'gzip, deflate',
  'referer' => 'http://qipai.com/admin.php/member/modify/id/8.html',
  'accept' => 'image/avif,image/webp,image/apng,image/svg+xml,image/*,*/*;q=0.8',
  'user-agent' => 'Mozilla/5.0 (Windows NT 10.0; Win64; x64) AppleWebKit/537.36 (KHTML, like Gecko) Chrome/130.0.0.0 Safari/537.36',
  'connection' => 'keep-alive',
  'host' => 'qipai.com',
  'content-length' => '',
  'content-type' => '',
)
[ info ] [ PARAM ] array (
  'id' => '8',
)
[ info ] [ SESSION ] INIT array (
  'id' => '',
  'var_session_id' => '',
  'prefix' => 'think',
  'type' => '',
  'auto_start' => true,
)
[ info ] [ DB ] INIT mysql
[ info ] [ RUN ] app\admin\controller\Member->modify[ E:\qipai\html5FKQPASRC\application\admin\controller\Member.php ]
[ info ] [ VIEW ] E:\qipai\html5FKQPASRC/application/admin\view\member\modify.html [ array (
  0 => 'userinfo',
  1 => 'levellist',
  2 => 'info',
) ]
[ info ] [ LOG ] INIT File
[ sql ] [ DB ] CONNECT:[ UseTime:0.000883s ] mysql:dbname=xxbb;host=127.0.0.1;port=3306;charset=utf8
[ sql ] [ SQL ] SHOW COLUMNS FROM `t_user` [ RunTime:0.000696s ]
[ sql ] [ SQL ] SELECT * FROM `t_user` WHERE  `id` = 263 LIMIT 1 [ RunTime:0.000275s ]
[ sql ] [ SQL ] SHOW COLUMNS FROM `t_member` [ RunTime:0.000738s ]
[ sql ] [ SQL ] SHOW COLUMNS FROM `t_level` [ RunTime:0.000808s ]
[ sql ] [ SQL ] SELECT * FROM `t_level` [ RunTime:0.000261s ]
[ sql ] [ SQL ] SELECT * FROM `t_member` WHERE  `id` = 8 LIMIT 1 [ RunTime:0.000394s ]

---------------------------------------------------------------
[ 2024-11-19T10:32:04+08:00 ] 127.0.0.1 127.0.0.1 GET /admin.php/member/modify/id/8.html
[ log ] qipai.com/admin.php/member/modify/id/8.html [运行时间：0.053278s][吞吐率：18.77req/s] [内存消耗：2,887.14kb] [文件加载：65]
[ info ] [ LANG ] E:\qipai\html5FKQPASRC\thinkphp\lang\zh-cn.php
[ info ] [ BIND ] 'admin'
[ info ] [ ROUTE ] array (
  'type' => 'module',
  'module' => 
  array (
    0 => 'admin',
    1 => 'member',
    2 => 'modify',
  ),
)
[ info ] [ HEADER ] array (
  'cookie' => 'PHPSESSID=rbcc8l5pau1jmg84r6r1mqtpmv',
  'accept-language' => 'zh-CN,zh;q=0.9,zh-TW;q=0.8,en-US;q=0.7,en;q=0.6',
  'accept-encoding' => 'gzip, deflate',
  'referer' => 'http://qipai.com/admin.php/member/index.html',
  'accept' => 'text/html,application/xhtml+xml,application/xml;q=0.9,image/avif,image/webp,image/apng,*/*;q=0.8,application/signed-exchange;v=b3;q=0.7',
  'user-agent' => 'Mozilla/5.0 (Windows NT 10.0; Win64; x64) AppleWebKit/537.36 (KHTML, like Gecko) Chrome/130.0.0.0 Safari/537.36',
  'upgrade-insecure-requests' => '1',
  'cache-control' => 'max-age=0',
  'connection' => 'keep-alive',
  'host' => 'qipai.com',
  'content-length' => '',
  'content-type' => '',
)
[ info ] [ PARAM ] array (
  'id' => '8',
)
[ info ] [ SESSION ] INIT array (
  'id' => '',
  'var_session_id' => '',
  'prefix' => 'think',
  'type' => '',
  'auto_start' => true,
)
[ info ] [ DB ] INIT mysql
[ info ] [ RUN ] app\admin\controller\Member->modify[ E:\qipai\html5FKQPASRC\application\admin\controller\Member.php ]
[ info ] [ VIEW ] E:\qipai\html5FKQPASRC/application/admin\view\member\modify.html [ array (
  0 => 'userinfo',
  1 => 'levellist',
  2 => 'info',
) ]
[ info ] [ LOG ] INIT File
[ sql ] [ DB ] CONNECT:[ UseTime:0.021173s ] mysql:dbname=xxbb;host=127.0.0.1;port=3306;charset=utf8
[ sql ] [ SQL ] SHOW COLUMNS FROM `t_user` [ RunTime:0.001310s ]
[ sql ] [ SQL ] SELECT * FROM `t_user` WHERE  `id` = 263 LIMIT 1 [ RunTime:0.000352s ]
[ sql ] [ SQL ] SHOW COLUMNS FROM `t_member` [ RunTime:0.000992s ]
[ sql ] [ SQL ] SHOW COLUMNS FROM `t_level` [ RunTime:0.000578s ]
[ sql ] [ SQL ] SELECT * FROM `t_level` [ RunTime:0.000162s ]
[ sql ] [ SQL ] SELECT * FROM `t_member` WHERE  `id` = 8 LIMIT 1 [ RunTime:0.000293s ]

---------------------------------------------------------------
[ 2024-11-19T10:32:04+08:00 ] 127.0.0.1 127.0.0.1 GET /admin.php/member/modify/id/8.html
[ log ] qipai.com/admin.php/member/modify/id/8.html [运行时间：0.052968s][吞吐率：18.88req/s] [内存消耗：2,886.79kb] [文件加载：65]
[ info ] [ LANG ] E:\qipai\html5FKQPASRC\thinkphp\lang\zh-cn.php
[ info ] [ BIND ] 'admin'
[ info ] [ ROUTE ] array (
  'type' => 'module',
  'module' => 
  array (
    0 => 'admin',
    1 => 'member',
    2 => 'modify',
  ),
)
[ info ] [ HEADER ] array (
  'cookie' => 'PHPSESSID=rbcc8l5pau1jmg84r6r1mqtpmv',
  'accept-language' => 'zh-CN,zh;q=0.9,zh-TW;q=0.8,en-US;q=0.7,en;q=0.6',
  'accept-encoding' => 'gzip, deflate',
  'referer' => 'http://qipai.com/admin.php/member/modify/id/8.html',
  'accept' => 'image/avif,image/webp,image/apng,image/svg+xml,image/*,*/*;q=0.8',
  'user-agent' => 'Mozilla/5.0 (Windows NT 10.0; Win64; x64) AppleWebKit/537.36 (KHTML, like Gecko) Chrome/130.0.0.0 Safari/537.36',
  'connection' => 'keep-alive',
  'host' => 'qipai.com',
  'content-length' => '',
  'content-type' => '',
)
[ info ] [ PARAM ] array (
  'id' => '8',
)
[ info ] [ SESSION ] INIT array (
  'id' => '',
  'var_session_id' => '',
  'prefix' => 'think',
  'type' => '',
  'auto_start' => true,
)
[ info ] [ DB ] INIT mysql
[ info ] [ RUN ] app\admin\controller\Member->modify[ E:\qipai\html5FKQPASRC\application\admin\controller\Member.php ]
[ info ] [ VIEW ] E:\qipai\html5FKQPASRC/application/admin\view\member\modify.html [ array (
  0 => 'userinfo',
  1 => 'levellist',
  2 => 'info',
) ]
[ info ] [ LOG ] INIT File
[ sql ] [ DB ] CONNECT:[ UseTime:0.025511s ] mysql:dbname=xxbb;host=127.0.0.1;port=3306;charset=utf8
[ sql ] [ SQL ] SHOW COLUMNS FROM `t_user` [ RunTime:0.001003s ]
[ sql ] [ SQL ] SELECT * FROM `t_user` WHERE  `id` = 263 LIMIT 1 [ RunTime:0.000433s ]
[ sql ] [ SQL ] SHOW COLUMNS FROM `t_member` [ RunTime:0.000870s ]
[ sql ] [ SQL ] SHOW COLUMNS FROM `t_level` [ RunTime:0.000576s ]
[ sql ] [ SQL ] SELECT * FROM `t_level` [ RunTime:0.000239s ]
[ sql ] [ SQL ] SELECT * FROM `t_member` WHERE  `id` = 8 LIMIT 1 [ RunTime:0.000334s ]

---------------------------------------------------------------
[ 2024-11-19T10:32:05+08:00 ] 127.0.0.1 127.0.0.1 GET /admin.php/member/modify/id/8.html
[ log ] qipai.com/admin.php/member/modify/id/8.html [运行时间：0.047064s][吞吐率：21.25req/s] [内存消耗：2,887.14kb] [文件加载：65]
[ info ] [ LANG ] E:\qipai\html5FKQPASRC\thinkphp\lang\zh-cn.php
[ info ] [ BIND ] 'admin'
[ info ] [ ROUTE ] array (
  'type' => 'module',
  'module' => 
  array (
    0 => 'admin',
    1 => 'member',
    2 => 'modify',
  ),
)
[ info ] [ HEADER ] array (
  'cookie' => 'PHPSESSID=rbcc8l5pau1jmg84r6r1mqtpmv',
  'accept-language' => 'zh-CN,zh;q=0.9,zh-TW;q=0.8,en-US;q=0.7,en;q=0.6',
  'accept-encoding' => 'gzip, deflate',
  'referer' => 'http://qipai.com/admin.php/member/index.html',
  'accept' => 'text/html,application/xhtml+xml,application/xml;q=0.9,image/avif,image/webp,image/apng,*/*;q=0.8,application/signed-exchange;v=b3;q=0.7',
  'user-agent' => 'Mozilla/5.0 (Windows NT 10.0; Win64; x64) AppleWebKit/537.36 (KHTML, like Gecko) Chrome/130.0.0.0 Safari/537.36',
  'upgrade-insecure-requests' => '1',
  'cache-control' => 'max-age=0',
  'connection' => 'keep-alive',
  'host' => 'qipai.com',
  'content-length' => '',
  'content-type' => '',
)
[ info ] [ PARAM ] array (
  'id' => '8',
)
[ info ] [ SESSION ] INIT array (
  'id' => '',
  'var_session_id' => '',
  'prefix' => 'think',
  'type' => '',
  'auto_start' => true,
)
[ info ] [ DB ] INIT mysql
[ info ] [ RUN ] app\admin\controller\Member->modify[ E:\qipai\html5FKQPASRC\application\admin\controller\Member.php ]
[ info ] [ VIEW ] E:\qipai\html5FKQPASRC/application/admin\view\member\modify.html [ array (
  0 => 'userinfo',
  1 => 'levellist',
  2 => 'info',
) ]
[ info ] [ LOG ] INIT File
[ sql ] [ DB ] CONNECT:[ UseTime:0.017847s ] mysql:dbname=xxbb;host=127.0.0.1;port=3306;charset=utf8
[ sql ] [ SQL ] SHOW COLUMNS FROM `t_user` [ RunTime:0.000830s ]
[ sql ] [ SQL ] SELECT * FROM `t_user` WHERE  `id` = 263 LIMIT 1 [ RunTime:0.000361s ]
[ sql ] [ SQL ] SHOW COLUMNS FROM `t_member` [ RunTime:0.000962s ]
[ sql ] [ SQL ] SHOW COLUMNS FROM `t_level` [ RunTime:0.000499s ]
[ sql ] [ SQL ] SELECT * FROM `t_level` [ RunTime:0.000158s ]
[ sql ] [ SQL ] SELECT * FROM `t_member` WHERE  `id` = 8 LIMIT 1 [ RunTime:0.000295s ]

---------------------------------------------------------------
[ 2024-11-19T10:32:05+08:00 ] 127.0.0.1 127.0.0.1 GET /admin.php/member/modify/id/8.html
[ log ] qipai.com/admin.php/member/modify/id/8.html [运行时间：0.038871s][吞吐率：25.73req/s] [内存消耗：2,886.79kb] [文件加载：65]
[ info ] [ LANG ] E:\qipai\html5FKQPASRC\thinkphp\lang\zh-cn.php
[ info ] [ BIND ] 'admin'
[ info ] [ ROUTE ] array (
  'type' => 'module',
  'module' => 
  array (
    0 => 'admin',
    1 => 'member',
    2 => 'modify',
  ),
)
[ info ] [ HEADER ] array (
  'cookie' => 'PHPSESSID=rbcc8l5pau1jmg84r6r1mqtpmv',
  'accept-language' => 'zh-CN,zh;q=0.9,zh-TW;q=0.8,en-US;q=0.7,en;q=0.6',
  'accept-encoding' => 'gzip, deflate',
  'referer' => 'http://qipai.com/admin.php/member/modify/id/8.html',
  'accept' => 'image/avif,image/webp,image/apng,image/svg+xml,image/*,*/*;q=0.8',
  'user-agent' => 'Mozilla/5.0 (Windows NT 10.0; Win64; x64) AppleWebKit/537.36 (KHTML, like Gecko) Chrome/130.0.0.0 Safari/537.36',
  'connection' => 'keep-alive',
  'host' => 'qipai.com',
  'content-length' => '',
  'content-type' => '',
)
[ info ] [ PARAM ] array (
  'id' => '8',
)
[ info ] [ SESSION ] INIT array (
  'id' => '',
  'var_session_id' => '',
  'prefix' => 'think',
  'type' => '',
  'auto_start' => true,
)
[ info ] [ DB ] INIT mysql
[ info ] [ RUN ] app\admin\controller\Member->modify[ E:\qipai\html5FKQPASRC\application\admin\controller\Member.php ]
[ info ] [ VIEW ] E:\qipai\html5FKQPASRC/application/admin\view\member\modify.html [ array (
  0 => 'userinfo',
  1 => 'levellist',
  2 => 'info',
) ]
[ info ] [ LOG ] INIT File
[ sql ] [ DB ] CONNECT:[ UseTime:0.010312s ] mysql:dbname=xxbb;host=127.0.0.1;port=3306;charset=utf8
[ sql ] [ SQL ] SHOW COLUMNS FROM `t_user` [ RunTime:0.000703s ]
[ sql ] [ SQL ] SELECT * FROM `t_user` WHERE  `id` = 263 LIMIT 1 [ RunTime:0.000327s ]
[ sql ] [ SQL ] SHOW COLUMNS FROM `t_member` [ RunTime:0.000662s ]
[ sql ] [ SQL ] SHOW COLUMNS FROM `t_level` [ RunTime:0.000806s ]
[ sql ] [ SQL ] SELECT * FROM `t_level` [ RunTime:0.000320s ]
[ sql ] [ SQL ] SELECT * FROM `t_member` WHERE  `id` = 8 LIMIT 1 [ RunTime:0.000482s ]

---------------------------------------------------------------
[ 2024-11-19T10:34:29+08:00 ] 127.0.0.1 127.0.0.1 GET /game.php/login/index.html
[ log ] qipai.com/game.php/login/index.html [运行时间：0.018781s][吞吐率：53.25req/s] [内存消耗：1,860.52kb] [文件加载：55]
[ info ] [ LANG ] E:\qipai\html5FKQPASRC\thinkphp\lang\zh-cn.php
[ info ] [ BIND ] 'game'
[ info ] [ ROUTE ] array (
  'type' => 'module',
  'module' => 
  array (
    0 => 'game',
    1 => 'login',
    2 => 'index',
  ),
)
[ info ] [ HEADER ] array (
  'cookie' => 'PHPSESSID=rbcc8l5pau1jmg84r6r1mqtpmv',
  'accept-language' => 'zh-CN,zh;q=0.9,zh-TW;q=0.8,en-US;q=0.7,en;q=0.6',
  'accept-encoding' => 'gzip, deflate',
  'accept' => 'text/html,application/xhtml+xml,application/xml;q=0.9,image/avif,image/webp,image/apng,*/*;q=0.8,application/signed-exchange;v=b3;q=0.7',
  'user-agent' => 'Mozilla/5.0 (Windows NT 10.0; Win64; x64) AppleWebKit/537.36 (KHTML, like Gecko) Chrome/130.0.0.0 Safari/537.36',
  'upgrade-insecure-requests' => '1',
  'cache-control' => 'max-age=0',
  'connection' => 'keep-alive',
  'host' => 'qipai.com',
  'content-length' => '',
  'content-type' => '',
)
[ info ] [ PARAM ] array (
)
[ info ] [ RUN ] app\game\controller\Login->index[ E:\qipai\html5FKQPASRC\application\game\controller\Login.php ]
[ info ] [ VIEW ] E:\qipai\html5FKQPASRC/application/game\view\login\index.html [ array (
) ]
[ info ] [ LOG ] INIT File

---------------------------------------------------------------
[ 2024-11-19T10:34:38+08:00 ] 127.0.0.1 127.0.0.1 POST /game.php/login/dologin.html
[ log ] qipai.com/game.php/login/dologin.html [运行时间：0.052002s][吞吐率：19.23req/s] [内存消耗：2,770.32kb] [文件加载：67]
[ info ] [ LANG ] E:\qipai\html5FKQPASRC\thinkphp\lang\zh-cn.php
[ info ] [ BIND ] 'game'
[ info ] [ ROUTE ] array (
  'type' => 'module',
  'module' => 
  array (
    0 => 'game',
    1 => 'login',
    2 => 'dologin',
  ),
)
[ info ] [ HEADER ] array (
  'cookie' => 'PHPSESSID=rbcc8l5pau1jmg84r6r1mqtpmv',
  'accept-language' => 'zh-CN,zh;q=0.9,zh-TW;q=0.8,en-US;q=0.7,en;q=0.6',
  'accept-encoding' => 'gzip, deflate',
  'referer' => 'http://qipai.com/game.php/login/index.html',
  'origin' => 'http://qipai.com',
  'content-type' => 'application/x-www-form-urlencoded; charset=UTF-8',
  'accept' => '*/*',
  'user-agent' => 'Mozilla/5.0 (iPhone; CPU iPhone OS 16_6 like Mac OS X) AppleWebKit/605.1.15 (KHTML, like Gecko) Version/16.6 Mobile/15E148 Safari/604.1',
  'x-requested-with' => 'XMLHttpRequest',
  'cache-control' => 'no-cache',
  'pragma' => 'no-cache',
  'content-length' => '27',
  'connection' => 'keep-alive',
  'host' => 'qipai.com',
)
[ info ] [ PARAM ] array (
  'username' => 'user',
  'password' => 'user',
)
[ info ] [ RUN ] app\game\controller\Login->dologin[ E:\qipai\html5FKQPASRC\application\game\controller\Login.php ]
[ info ] [ DB ] INIT mysql
[ info ] [ LOG ] INIT File
[ sql ] [ DB ] CONNECT:[ UseTime:0.018777s ] mysql:dbname=xxbb;host=127.0.0.1;port=3306;charset=utf8
[ sql ] [ SQL ] SHOW COLUMNS FROM `t_member` [ RunTime:0.000835s ]
[ sql ] [ SQL ] SELECT * FROM `t_member` WHERE  `username` = 'user' LIMIT 1 [ RunTime:0.000394s ]
[ error ] [10501]SQLSTATE[HY000]: General error: 1364 Field 'pairet' doesn't have a default value[E:\qipai\html5FKQPASRC\thinkphp\library\think\db\Connection.php:457]

---------------------------------------------------------------
[ 2024-11-19T10:34:43+08:00 ] 127.0.0.1 127.0.0.1 GET /admin.php/member/index.html
[ log ] qipai.com/admin.php/member/index.html [运行时间：0.028991s][吞吐率：34.49req/s] [内存消耗：3,086.17kb] [文件加载：69]
[ info ] [ LANG ] E:\qipai\html5FKQPASRC\thinkphp\lang\zh-cn.php
[ info ] [ BIND ] 'admin'
[ info ] [ ROUTE ] array (
  'type' => 'module',
  'module' => 
  array (
    0 => 'admin',
    1 => 'member',
    2 => 'index',
  ),
)
[ info ] [ HEADER ] array (
  'cookie' => 'PHPSESSID=rbcc8l5pau1jmg84r6r1mqtpmv',
  'accept-language' => 'zh-CN,zh;q=0.9,zh-TW;q=0.8,en-US;q=0.7,en;q=0.6',
  'accept-encoding' => 'gzip, deflate',
  'referer' => 'http://qipai.com/admin.php/member/modify/id/8.html',
  'accept' => 'text/html,application/xhtml+xml,application/xml;q=0.9,image/avif,image/webp,image/apng,*/*;q=0.8,application/signed-exchange;v=b3;q=0.7',
  'user-agent' => 'Mozilla/5.0 (Windows NT 10.0; Win64; x64) AppleWebKit/537.36 (KHTML, like Gecko) Chrome/130.0.0.0 Safari/537.36',
  'upgrade-insecure-requests' => '1',
  'connection' => 'keep-alive',
  'host' => 'qipai.com',
  'content-length' => '',
  'content-type' => '',
)
[ info ] [ PARAM ] array (
)
[ info ] [ SESSION ] INIT array (
  'id' => '',
  'var_session_id' => '',
  'prefix' => 'think',
  'type' => '',
  'auto_start' => true,
)
[ info ] [ DB ] INIT mysql
[ info ] [ RUN ] app\admin\controller\Common->index[ E:\qipai\html5FKQPASRC\application\admin\controller\Common.php ]
[ info ] [ VIEW ] E:\qipai\html5FKQPASRC/application/admin\view\member\index.html [ array (
  0 => 'userinfo',
  1 => 'list',
  2 => 'pages',
) ]
[ info ] [ LOG ] INIT File
[ sql ] [ DB ] CONNECT:[ UseTime:0.000910s ] mysql:dbname=xxbb;host=127.0.0.1;port=3306;charset=utf8
[ sql ] [ SQL ] SHOW COLUMNS FROM `t_user` [ RunTime:0.000646s ]
[ sql ] [ SQL ] SELECT * FROM `t_user` WHERE  `id` = 263 LIMIT 1 [ RunTime:0.000358s ]
[ sql ] [ SQL ] SHOW COLUMNS FROM `t_member` [ RunTime:0.000882s ]
[ sql ] [ SQL ] SELECT COUNT(*) AS tp_count FROM `t_member` LIMIT 1 [ RunTime:0.000254s ]
[ sql ] [ SQL ] SELECT * FROM `t_member` LIMIT 0,15 [ RunTime:0.000425s ]

---------------------------------------------------------------
[ 2024-11-19T10:34:43+08:00 ] 127.0.0.1 127.0.0.1 GET /admin.php/member/index.html
[ log ] qipai.com/admin.php/member/index.html [运行时间：0.043713s][吞吐率：22.88req/s] [内存消耗：3,085.90kb] [文件加载：69]
[ info ] [ LANG ] E:\qipai\html5FKQPASRC\thinkphp\lang\zh-cn.php
[ info ] [ BIND ] 'admin'
[ info ] [ ROUTE ] array (
  'type' => 'module',
  'module' => 
  array (
    0 => 'admin',
    1 => 'member',
    2 => 'index',
  ),
)
[ info ] [ HEADER ] array (
  'cookie' => 'PHPSESSID=rbcc8l5pau1jmg84r6r1mqtpmv',
  'accept-language' => 'zh-CN,zh;q=0.9,zh-TW;q=0.8,en-US;q=0.7,en;q=0.6',
  'accept-encoding' => 'gzip, deflate',
  'referer' => 'http://qipai.com/admin.php/member/index.html',
  'accept' => 'image/avif,image/webp,image/apng,image/svg+xml,image/*,*/*;q=0.8',
  'user-agent' => 'Mozilla/5.0 (Windows NT 10.0; Win64; x64) AppleWebKit/537.36 (KHTML, like Gecko) Chrome/130.0.0.0 Safari/537.36',
  'connection' => 'keep-alive',
  'host' => 'qipai.com',
  'content-length' => '',
  'content-type' => '',
)
[ info ] [ PARAM ] array (
)
[ info ] [ SESSION ] INIT array (
  'id' => '',
  'var_session_id' => '',
  'prefix' => 'think',
  'type' => '',
  'auto_start' => true,
)
[ info ] [ DB ] INIT mysql
[ info ] [ RUN ] app\admin\controller\Common->index[ E:\qipai\html5FKQPASRC\application\admin\controller\Common.php ]
[ info ] [ VIEW ] E:\qipai\html5FKQPASRC/application/admin\view\member\index.html [ array (
  0 => 'userinfo',
  1 => 'list',
  2 => 'pages',
) ]
[ info ] [ LOG ] INIT File
[ sql ] [ DB ] CONNECT:[ UseTime:0.015331s ] mysql:dbname=xxbb;host=127.0.0.1;port=3306;charset=utf8
[ sql ] [ SQL ] SHOW COLUMNS FROM `t_user` [ RunTime:0.000978s ]
[ sql ] [ SQL ] SELECT * FROM `t_user` WHERE  `id` = 263 LIMIT 1 [ RunTime:0.000454s ]
[ sql ] [ SQL ] SHOW COLUMNS FROM `t_member` [ RunTime:0.000808s ]
[ sql ] [ SQL ] SELECT COUNT(*) AS tp_count FROM `t_member` LIMIT 1 [ RunTime:0.000168s ]
[ sql ] [ SQL ] SELECT * FROM `t_member` LIMIT 0,15 [ RunTime:0.000318s ]

---------------------------------------------------------------
[ 2024-11-19T10:34:48+08:00 ] 127.0.0.1 127.0.0.1 GET /admin.php/member/index.html?page=8
[ log ] qipai.com/admin.php/member/index.html?page=8 [运行时间：0.028946s][吞吐率：34.55req/s] [内存消耗：3,021.52kb] [文件加载：69]
[ info ] [ LANG ] E:\qipai\html5FKQPASRC\thinkphp\lang\zh-cn.php
[ info ] [ BIND ] 'admin'
[ info ] [ ROUTE ] array (
  'type' => 'module',
  'module' => 
  array (
    0 => 'admin',
    1 => 'member',
    2 => 'index',
  ),
)
[ info ] [ HEADER ] array (
  'cookie' => 'PHPSESSID=rbcc8l5pau1jmg84r6r1mqtpmv',
  'accept-language' => 'zh-CN,zh;q=0.9,zh-TW;q=0.8,en-US;q=0.7,en;q=0.6',
  'accept-encoding' => 'gzip, deflate',
  'referer' => 'http://qipai.com/admin.php/member/index.html',
  'accept' => 'text/html,application/xhtml+xml,application/xml;q=0.9,image/avif,image/webp,image/apng,*/*;q=0.8,application/signed-exchange;v=b3;q=0.7',
  'user-agent' => 'Mozilla/5.0 (Windows NT 10.0; Win64; x64) AppleWebKit/537.36 (KHTML, like Gecko) Chrome/130.0.0.0 Safari/537.36',
  'upgrade-insecure-requests' => '1',
  'connection' => 'keep-alive',
  'host' => 'qipai.com',
  'content-length' => '',
  'content-type' => '',
)
[ info ] [ PARAM ] array (
  'page' => '8',
)
[ info ] [ SESSION ] INIT array (
  'id' => '',
  'var_session_id' => '',
  'prefix' => 'think',
  'type' => '',
  'auto_start' => true,
)
[ info ] [ DB ] INIT mysql
[ info ] [ RUN ] app\admin\controller\Common->index[ E:\qipai\html5FKQPASRC\application\admin\controller\Common.php ]
[ info ] [ VIEW ] E:\qipai\html5FKQPASRC/application/admin\view\member\index.html [ array (
  0 => 'userinfo',
  1 => 'list',
  2 => 'pages',
) ]
[ info ] [ LOG ] INIT File
[ sql ] [ DB ] CONNECT:[ UseTime:0.001394s ] mysql:dbname=xxbb;host=127.0.0.1;port=3306;charset=utf8
[ sql ] [ SQL ] SHOW COLUMNS FROM `t_user` [ RunTime:0.000590s ]
[ sql ] [ SQL ] SELECT * FROM `t_user` WHERE  `id` = 263 LIMIT 1 [ RunTime:0.000317s ]
[ sql ] [ SQL ] SHOW COLUMNS FROM `t_member` [ RunTime:0.000784s ]
[ sql ] [ SQL ] SELECT COUNT(*) AS tp_count FROM `t_member` LIMIT 1 [ RunTime:0.000223s ]
[ sql ] [ SQL ] SELECT * FROM `t_member` LIMIT 105,15 [ RunTime:0.000476s ]

---------------------------------------------------------------
[ 2024-11-19T10:34:48+08:00 ] 127.0.0.1 127.0.0.1 GET /admin.php/member/index.html?page=8
[ log ] qipai.com/admin.php/member/index.html?page=8 [运行时间：0.054331s][吞吐率：18.41req/s] [内存消耗：3,021.25kb] [文件加载：69]
[ info ] [ LANG ] E:\qipai\html5FKQPASRC\thinkphp\lang\zh-cn.php
[ info ] [ BIND ] 'admin'
[ info ] [ ROUTE ] array (
  'type' => 'module',
  'module' => 
  array (
    0 => 'admin',
    1 => 'member',
    2 => 'index',
  ),
)
[ info ] [ HEADER ] array (
  'cookie' => 'PHPSESSID=rbcc8l5pau1jmg84r6r1mqtpmv',
  'accept-language' => 'zh-CN,zh;q=0.9,zh-TW;q=0.8,en-US;q=0.7,en;q=0.6',
  'accept-encoding' => 'gzip, deflate',
  'referer' => 'http://qipai.com/admin.php/member/index.html?page=8',
  'accept' => 'image/avif,image/webp,image/apng,image/svg+xml,image/*,*/*;q=0.8',
  'user-agent' => 'Mozilla/5.0 (Windows NT 10.0; Win64; x64) AppleWebKit/537.36 (KHTML, like Gecko) Chrome/130.0.0.0 Safari/537.36',
  'connection' => 'keep-alive',
  'host' => 'qipai.com',
  'content-length' => '',
  'content-type' => '',
)
[ info ] [ PARAM ] array (
  'page' => '8',
)
[ info ] [ SESSION ] INIT array (
  'id' => '',
  'var_session_id' => '',
  'prefix' => 'think',
  'type' => '',
  'auto_start' => true,
)
[ info ] [ DB ] INIT mysql
[ info ] [ RUN ] app\admin\controller\Common->index[ E:\qipai\html5FKQPASRC\application\admin\controller\Common.php ]
[ info ] [ VIEW ] E:\qipai\html5FKQPASRC/application/admin\view\member\index.html [ array (
  0 => 'userinfo',
  1 => 'list',
  2 => 'pages',
) ]
[ info ] [ LOG ] INIT File
[ sql ] [ DB ] CONNECT:[ UseTime:0.024497s ] mysql:dbname=xxbb;host=127.0.0.1;port=3306;charset=utf8
[ sql ] [ SQL ] SHOW COLUMNS FROM `t_user` [ RunTime:0.000609s ]
[ sql ] [ SQL ] SELECT * FROM `t_user` WHERE  `id` = 263 LIMIT 1 [ RunTime:0.000296s ]
[ sql ] [ SQL ] SHOW COLUMNS FROM `t_member` [ RunTime:0.000676s ]
[ sql ] [ SQL ] SELECT COUNT(*) AS tp_count FROM `t_member` LIMIT 1 [ RunTime:0.000269s ]
[ sql ] [ SQL ] SELECT * FROM `t_member` LIMIT 105,15 [ RunTime:0.000420s ]

---------------------------------------------------------------
[ 2024-11-19T10:34:50+08:00 ] 127.0.0.1 127.0.0.1 GET /admin.php/member/index.html
[ log ] qipai.com/admin.php/member/index.html [运行时间：0.039472s][吞吐率：25.33req/s] [内存消耗：3,086.17kb] [文件加载：69]
[ info ] [ LANG ] E:\qipai\html5FKQPASRC\thinkphp\lang\zh-cn.php
[ info ] [ BIND ] 'admin'
[ info ] [ ROUTE ] array (
  'type' => 'module',
  'module' => 
  array (
    0 => 'admin',
    1 => 'member',
    2 => 'index',
  ),
)
[ info ] [ HEADER ] array (
  'cookie' => 'PHPSESSID=rbcc8l5pau1jmg84r6r1mqtpmv',
  'accept-language' => 'zh-CN,zh;q=0.9,zh-TW;q=0.8,en-US;q=0.7,en;q=0.6',
  'accept-encoding' => 'gzip, deflate',
  'referer' => 'http://qipai.com/admin.php/member/index.html?page=8',
  'accept' => 'text/html,application/xhtml+xml,application/xml;q=0.9,image/avif,image/webp,image/apng,*/*;q=0.8,application/signed-exchange;v=b3;q=0.7',
  'user-agent' => 'Mozilla/5.0 (Windows NT 10.0; Win64; x64) AppleWebKit/537.36 (KHTML, like Gecko) Chrome/130.0.0.0 Safari/537.36',
  'upgrade-insecure-requests' => '1',
  'connection' => 'keep-alive',
  'host' => 'qipai.com',
  'content-length' => '',
  'content-type' => '',
)
[ info ] [ PARAM ] array (
)
[ info ] [ SESSION ] INIT array (
  'id' => '',
  'var_session_id' => '',
  'prefix' => 'think',
  'type' => '',
  'auto_start' => true,
)
[ info ] [ DB ] INIT mysql
[ info ] [ RUN ] app\admin\controller\Common->index[ E:\qipai\html5FKQPASRC\application\admin\controller\Common.php ]
[ info ] [ VIEW ] E:\qipai\html5FKQPASRC/application/admin\view\member\index.html [ array (
  0 => 'userinfo',
  1 => 'list',
  2 => 'pages',
) ]
[ info ] [ LOG ] INIT File
[ sql ] [ DB ] CONNECT:[ UseTime:0.011091s ] mysql:dbname=xxbb;host=127.0.0.1;port=3306;charset=utf8
[ sql ] [ SQL ] SHOW COLUMNS FROM `t_user` [ RunTime:0.000680s ]
[ sql ] [ SQL ] SELECT * FROM `t_user` WHERE  `id` = 263 LIMIT 1 [ RunTime:0.000331s ]
[ sql ] [ SQL ] SHOW COLUMNS FROM `t_member` [ RunTime:0.000532s ]
[ sql ] [ SQL ] SELECT COUNT(*) AS tp_count FROM `t_member` LIMIT 1 [ RunTime:0.000219s ]
[ sql ] [ SQL ] SELECT * FROM `t_member` LIMIT 0,15 [ RunTime:0.000653s ]

---------------------------------------------------------------
[ 2024-11-19T10:34:50+08:00 ] 127.0.0.1 127.0.0.1 GET /admin.php/member/index.html
[ log ] qipai.com/admin.php/member/index.html [运行时间：0.040806s][吞吐率：24.51req/s] [内存消耗：3,085.90kb] [文件加载：69]
[ info ] [ LANG ] E:\qipai\html5FKQPASRC\thinkphp\lang\zh-cn.php
[ info ] [ BIND ] 'admin'
[ info ] [ ROUTE ] array (
  'type' => 'module',
  'module' => 
  array (
    0 => 'admin',
    1 => 'member',
    2 => 'index',
  ),
)
[ info ] [ HEADER ] array (
  'cookie' => 'PHPSESSID=rbcc8l5pau1jmg84r6r1mqtpmv',
  'accept-language' => 'zh-CN,zh;q=0.9,zh-TW;q=0.8,en-US;q=0.7,en;q=0.6',
  'accept-encoding' => 'gzip, deflate',
  'referer' => 'http://qipai.com/admin.php/member/index.html',
  'accept' => 'image/avif,image/webp,image/apng,image/svg+xml,image/*,*/*;q=0.8',
  'user-agent' => 'Mozilla/5.0 (Windows NT 10.0; Win64; x64) AppleWebKit/537.36 (KHTML, like Gecko) Chrome/130.0.0.0 Safari/537.36',
  'connection' => 'keep-alive',
  'host' => 'qipai.com',
  'content-length' => '',
  'content-type' => '',
)
[ info ] [ PARAM ] array (
)
[ info ] [ SESSION ] INIT array (
  'id' => '',
  'var_session_id' => '',
  'prefix' => 'think',
  'type' => '',
  'auto_start' => true,
)
[ info ] [ DB ] INIT mysql
[ info ] [ RUN ] app\admin\controller\Common->index[ E:\qipai\html5FKQPASRC\application\admin\controller\Common.php ]
[ info ] [ VIEW ] E:\qipai\html5FKQPASRC/application/admin\view\member\index.html [ array (
  0 => 'userinfo',
  1 => 'list',
  2 => 'pages',
) ]
[ info ] [ LOG ] INIT File
[ sql ] [ DB ] CONNECT:[ UseTime:0.013912s ] mysql:dbname=xxbb;host=127.0.0.1;port=3306;charset=utf8
[ sql ] [ SQL ] SHOW COLUMNS FROM `t_user` [ RunTime:0.000771s ]
[ sql ] [ SQL ] SELECT * FROM `t_user` WHERE  `id` = 263 LIMIT 1 [ RunTime:0.000408s ]
[ sql ] [ SQL ] SHOW COLUMNS FROM `t_member` [ RunTime:0.000749s ]
[ sql ] [ SQL ] SELECT COUNT(*) AS tp_count FROM `t_member` LIMIT 1 [ RunTime:0.000319s ]
[ sql ] [ SQL ] SELECT * FROM `t_member` LIMIT 0,15 [ RunTime:0.000469s ]

---------------------------------------------------------------
[ 2024-11-19T10:34:51+08:00 ] 127.0.0.1 127.0.0.1 GET /admin.php/redbag/index.html
[ log ] qipai.com/admin.php/redbag/index.html [运行时间：0.048064s][吞吐率：20.81req/s] [内存消耗：3,032.12kb] [文件加载：70]
[ info ] [ LANG ] E:\qipai\html5FKQPASRC\thinkphp\lang\zh-cn.php
[ info ] [ BIND ] 'admin'
[ info ] [ ROUTE ] array (
  'type' => 'module',
  'module' => 
  array (
    0 => 'admin',
    1 => 'redbag',
    2 => 'index',
  ),
)
[ info ] [ HEADER ] array (
  'cookie' => 'PHPSESSID=rbcc8l5pau1jmg84r6r1mqtpmv',
  'accept-language' => 'zh-CN,zh;q=0.9,zh-TW;q=0.8,en-US;q=0.7,en;q=0.6',
  'accept-encoding' => 'gzip, deflate',
  'referer' => 'http://qipai.com/admin.php/member/index.html',
  'accept' => 'text/html,application/xhtml+xml,application/xml;q=0.9,image/avif,image/webp,image/apng,*/*;q=0.8,application/signed-exchange;v=b3;q=0.7',
  'user-agent' => 'Mozilla/5.0 (Windows NT 10.0; Win64; x64) AppleWebKit/537.36 (KHTML, like Gecko) Chrome/130.0.0.0 Safari/537.36',
  'upgrade-insecure-requests' => '1',
  'connection' => 'keep-alive',
  'host' => 'qipai.com',
  'content-length' => '',
  'content-type' => '',
)
[ info ] [ PARAM ] array (
)
[ info ] [ SESSION ] INIT array (
  'id' => '',
  'var_session_id' => '',
  'prefix' => 'think',
  'type' => '',
  'auto_start' => true,
)
[ info ] [ DB ] INIT mysql
[ info ] [ RUN ] app\admin\controller\Redbag->index[ E:\qipai\html5FKQPASRC\application\admin\controller\Redbag.php ]
[ info ] [ VIEW ] E:\qipai\html5FKQPASRC/application/admin\view\redbag\index.html [ array (
  0 => 'userinfo',
  1 => 'list',
  2 => 'pages',
) ]
[ info ] [ LOG ] INIT File
[ sql ] [ DB ] CONNECT:[ UseTime:0.013812s ] mysql:dbname=xxbb;host=127.0.0.1;port=3306;charset=utf8
[ sql ] [ SQL ] SHOW COLUMNS FROM `t_user` [ RunTime:0.000686s ]
[ sql ] [ SQL ] SELECT * FROM `t_user` WHERE  `id` = 263 LIMIT 1 [ RunTime:0.000327s ]
[ sql ] [ SQL ] SHOW COLUMNS FROM `t_redbag` [ RunTime:0.000814s ]
[ sql ] [ SQL ] SELECT COUNT(*) AS tp_count FROM `t_redbag` LIMIT 1 [ RunTime:0.000189s ]
[ sql ] [ SQL ] SELECT * FROM `t_redbag` LIMIT 0,15 [ RunTime:0.000193s ]
[ sql ] [ SQL ] SHOW COLUMNS FROM `t_member` [ RunTime:0.000540s ]
[ sql ] [ SQL ] SELECT `nickname` FROM `t_member` WHERE  `id` = 0 LIMIT 1 [ RunTime:0.000175s ]
[ sql ] [ SQL ] SELECT `nickname` FROM `t_member` WHERE  `id` = 0 LIMIT 1 [ RunTime:0.000159s ]
[ sql ] [ SQL ] SELECT `nickname` FROM `t_member` WHERE  `id` = 0 LIMIT 1 [ RunTime:0.000281s ]
[ sql ] [ SQL ] SELECT `nickname` FROM `t_member` WHERE  `id` = 0 LIMIT 1 [ RunTime:0.000350s ]
[ sql ] [ SQL ] SELECT `nickname` FROM `t_member` WHERE  `id` = 0 LIMIT 1 [ RunTime:0.000361s ]
[ sql ] [ SQL ] SELECT `nickname` FROM `t_member` WHERE  `id` = 0 LIMIT 1 [ RunTime:0.000342s ]
[ sql ] [ SQL ] SELECT `nickname` FROM `t_member` WHERE  `id` = 0 LIMIT 1 [ RunTime:0.000338s ]
[ sql ] [ SQL ] SELECT `nickname` FROM `t_member` WHERE  `id` = 0 LIMIT 1 [ RunTime:0.000326s ]
[ sql ] [ SQL ] SELECT `nickname` FROM `t_member` WHERE  `id` = 8 LIMIT 1 [ RunTime:0.000294s ]
[ sql ] [ SQL ] SELECT `nickname` FROM `t_member` WHERE  `id` = 0 LIMIT 1 [ RunTime:0.000264s ]
[ sql ] [ SQL ] SELECT `nickname` FROM `t_member` WHERE  `id` = 0 LIMIT 1 [ RunTime:0.000228s ]
[ sql ] [ SQL ] SELECT `nickname` FROM `t_member` WHERE  `id` = 0 LIMIT 1 [ RunTime:0.000224s ]
[ sql ] [ SQL ] SELECT `nickname` FROM `t_member` WHERE  `id` = 0 LIMIT 1 [ RunTime:0.000238s ]
[ sql ] [ SQL ] SELECT `nickname` FROM `t_member` WHERE  `id` = 0 LIMIT 1 [ RunTime:0.000166s ]
[ sql ] [ SQL ] SELECT `nickname` FROM `t_member` WHERE  `id` = 0 LIMIT 1 [ RunTime:0.000188s ]

---------------------------------------------------------------
[ 2024-11-19T10:34:51+08:00 ] 127.0.0.1 127.0.0.1 GET /admin.php/redbag/index.html
[ log ] qipai.com/admin.php/redbag/index.html [运行时间：0.038300s][吞吐率：26.11req/s] [内存消耗：3,031.84kb] [文件加载：70]
[ info ] [ LANG ] E:\qipai\html5FKQPASRC\thinkphp\lang\zh-cn.php
[ info ] [ BIND ] 'admin'
[ info ] [ ROUTE ] array (
  'type' => 'module',
  'module' => 
  array (
    0 => 'admin',
    1 => 'redbag',
    2 => 'index',
  ),
)
[ info ] [ HEADER ] array (
  'cookie' => 'PHPSESSID=rbcc8l5pau1jmg84r6r1mqtpmv',
  'accept-language' => 'zh-CN,zh;q=0.9,zh-TW;q=0.8,en-US;q=0.7,en;q=0.6',
  'accept-encoding' => 'gzip, deflate',
  'referer' => 'http://qipai.com/admin.php/redbag/index.html',
  'accept' => 'image/avif,image/webp,image/apng,image/svg+xml,image/*,*/*;q=0.8',
  'user-agent' => 'Mozilla/5.0 (Windows NT 10.0; Win64; x64) AppleWebKit/537.36 (KHTML, like Gecko) Chrome/130.0.0.0 Safari/537.36',
  'connection' => 'keep-alive',
  'host' => 'qipai.com',
  'content-length' => '',
  'content-type' => '',
)
[ info ] [ PARAM ] array (
)
[ info ] [ SESSION ] INIT array (
  'id' => '',
  'var_session_id' => '',
  'prefix' => 'think',
  'type' => '',
  'auto_start' => true,
)
[ info ] [ DB ] INIT mysql
[ info ] [ RUN ] app\admin\controller\Redbag->index[ E:\qipai\html5FKQPASRC\application\admin\controller\Redbag.php ]
[ info ] [ VIEW ] E:\qipai\html5FKQPASRC/application/admin\view\redbag\index.html [ array (
  0 => 'userinfo',
  1 => 'list',
  2 => 'pages',
) ]
[ info ] [ LOG ] INIT File
[ sql ] [ DB ] CONNECT:[ UseTime:0.001371s ] mysql:dbname=xxbb;host=127.0.0.1;port=3306;charset=utf8
[ sql ] [ SQL ] SHOW COLUMNS FROM `t_user` [ RunTime:0.000735s ]
[ sql ] [ SQL ] SELECT * FROM `t_user` WHERE  `id` = 263 LIMIT 1 [ RunTime:0.000395s ]
[ sql ] [ SQL ] SHOW COLUMNS FROM `t_redbag` [ RunTime:0.000721s ]
[ sql ] [ SQL ] SELECT COUNT(*) AS tp_count FROM `t_redbag` LIMIT 1 [ RunTime:0.000244s ]
[ sql ] [ SQL ] SELECT * FROM `t_redbag` LIMIT 0,15 [ RunTime:0.000237s ]
[ sql ] [ SQL ] SHOW COLUMNS FROM `t_member` [ RunTime:0.000916s ]
[ sql ] [ SQL ] SELECT `nickname` FROM `t_member` WHERE  `id` = 0 LIMIT 1 [ RunTime:0.000234s ]
[ sql ] [ SQL ] SELECT `nickname` FROM `t_member` WHERE  `id` = 0 LIMIT 1 [ RunTime:0.000193s ]
[ sql ] [ SQL ] SELECT `nickname` FROM `t_member` WHERE  `id` = 0 LIMIT 1 [ RunTime:0.000251s ]
[ sql ] [ SQL ] SELECT `nickname` FROM `t_member` WHERE  `id` = 0 LIMIT 1 [ RunTime:0.000169s ]
[ sql ] [ SQL ] SELECT `nickname` FROM `t_member` WHERE  `id` = 0 LIMIT 1 [ RunTime:0.000196s ]
[ sql ] [ SQL ] SELECT `nickname` FROM `t_member` WHERE  `id` = 0 LIMIT 1 [ RunTime:0.000194s ]
[ sql ] [ SQL ] SELECT `nickname` FROM `t_member` WHERE  `id` = 0 LIMIT 1 [ RunTime:0.000241s ]
[ sql ] [ SQL ] SELECT `nickname` FROM `t_member` WHERE  `id` = 0 LIMIT 1 [ RunTime:0.000172s ]
[ sql ] [ SQL ] SELECT `nickname` FROM `t_member` WHERE  `id` = 8 LIMIT 1 [ RunTime:0.000208s ]
[ sql ] [ SQL ] SELECT `nickname` FROM `t_member` WHERE  `id` = 0 LIMIT 1 [ RunTime:0.000195s ]
[ sql ] [ SQL ] SELECT `nickname` FROM `t_member` WHERE  `id` = 0 LIMIT 1 [ RunTime:0.000185s ]
[ sql ] [ SQL ] SELECT `nickname` FROM `t_member` WHERE  `id` = 0 LIMIT 1 [ RunTime:0.000190s ]
[ sql ] [ SQL ] SELECT `nickname` FROM `t_member` WHERE  `id` = 0 LIMIT 1 [ RunTime:0.000188s ]
[ sql ] [ SQL ] SELECT `nickname` FROM `t_member` WHERE  `id` = 0 LIMIT 1 [ RunTime:0.000189s ]
[ sql ] [ SQL ] SELECT `nickname` FROM `t_member` WHERE  `id` = 0 LIMIT 1 [ RunTime:0.000181s ]

---------------------------------------------------------------
[ 2024-11-19T10:34:52+08:00 ] 127.0.0.1 127.0.0.1 GET /admin.php/member/index.html
[ log ] qipai.com/admin.php/member/index.html [运行时间：0.049113s][吞吐率：20.36req/s] [内存消耗：3,086.17kb] [文件加载：69]
[ info ] [ LANG ] E:\qipai\html5FKQPASRC\thinkphp\lang\zh-cn.php
[ info ] [ BIND ] 'admin'
[ info ] [ ROUTE ] array (
  'type' => 'module',
  'module' => 
  array (
    0 => 'admin',
    1 => 'member',
    2 => 'index',
  ),
)
[ info ] [ HEADER ] array (
  'cookie' => 'PHPSESSID=rbcc8l5pau1jmg84r6r1mqtpmv',
  'accept-language' => 'zh-CN,zh;q=0.9,zh-TW;q=0.8,en-US;q=0.7,en;q=0.6',
  'accept-encoding' => 'gzip, deflate',
  'referer' => 'http://qipai.com/admin.php/redbag/index.html',
  'accept' => 'text/html,application/xhtml+xml,application/xml;q=0.9,image/avif,image/webp,image/apng,*/*;q=0.8,application/signed-exchange;v=b3;q=0.7',
  'user-agent' => 'Mozilla/5.0 (Windows NT 10.0; Win64; x64) AppleWebKit/537.36 (KHTML, like Gecko) Chrome/130.0.0.0 Safari/537.36',
  'upgrade-insecure-requests' => '1',
  'connection' => 'keep-alive',
  'host' => 'qipai.com',
  'content-length' => '',
  'content-type' => '',
)
[ info ] [ PARAM ] array (
)
[ info ] [ SESSION ] INIT array (
  'id' => '',
  'var_session_id' => '',
  'prefix' => 'think',
  'type' => '',
  'auto_start' => true,
)
[ info ] [ DB ] INIT mysql
[ info ] [ RUN ] app\admin\controller\Common->index[ E:\qipai\html5FKQPASRC\application\admin\controller\Common.php ]
[ info ] [ VIEW ] E:\qipai\html5FKQPASRC/application/admin\view\member\index.html [ array (
  0 => 'userinfo',
  1 => 'list',
  2 => 'pages',
) ]
[ info ] [ LOG ] INIT File
[ sql ] [ DB ] CONNECT:[ UseTime:0.021305s ] mysql:dbname=xxbb;host=127.0.0.1;port=3306;charset=utf8
[ sql ] [ SQL ] SHOW COLUMNS FROM `t_user` [ RunTime:0.000885s ]
[ sql ] [ SQL ] SELECT * FROM `t_user` WHERE  `id` = 263 LIMIT 1 [ RunTime:0.000471s ]
[ sql ] [ SQL ] SHOW COLUMNS FROM `t_member` [ RunTime:0.000744s ]
[ sql ] [ SQL ] SELECT COUNT(*) AS tp_count FROM `t_member` LIMIT 1 [ RunTime:0.000302s ]
[ sql ] [ SQL ] SELECT * FROM `t_member` LIMIT 0,15 [ RunTime:0.000455s ]

---------------------------------------------------------------
[ 2024-11-19T10:34:52+08:00 ] 127.0.0.1 127.0.0.1 GET /admin.php/member/index.html
[ log ] qipai.com/admin.php/member/index.html [运行时间：0.043156s][吞吐率：23.17req/s] [内存消耗：3,085.90kb] [文件加载：69]
[ info ] [ LANG ] E:\qipai\html5FKQPASRC\thinkphp\lang\zh-cn.php
[ info ] [ BIND ] 'admin'
[ info ] [ ROUTE ] array (
  'type' => 'module',
  'module' => 
  array (
    0 => 'admin',
    1 => 'member',
    2 => 'index',
  ),
)
[ info ] [ HEADER ] array (
  'cookie' => 'PHPSESSID=rbcc8l5pau1jmg84r6r1mqtpmv',
  'accept-language' => 'zh-CN,zh;q=0.9,zh-TW;q=0.8,en-US;q=0.7,en;q=0.6',
  'accept-encoding' => 'gzip, deflate',
  'referer' => 'http://qipai.com/admin.php/member/index.html',
  'accept' => 'image/avif,image/webp,image/apng,image/svg+xml,image/*,*/*;q=0.8',
  'user-agent' => 'Mozilla/5.0 (Windows NT 10.0; Win64; x64) AppleWebKit/537.36 (KHTML, like Gecko) Chrome/130.0.0.0 Safari/537.36',
  'connection' => 'keep-alive',
  'host' => 'qipai.com',
  'content-length' => '',
  'content-type' => '',
)
[ info ] [ PARAM ] array (
)
[ info ] [ SESSION ] INIT array (
  'id' => '',
  'var_session_id' => '',
  'prefix' => 'think',
  'type' => '',
  'auto_start' => true,
)
[ info ] [ DB ] INIT mysql
[ info ] [ RUN ] app\admin\controller\Common->index[ E:\qipai\html5FKQPASRC\application\admin\controller\Common.php ]
[ info ] [ VIEW ] E:\qipai\html5FKQPASRC/application/admin\view\member\index.html [ array (
  0 => 'userinfo',
  1 => 'list',
  2 => 'pages',
) ]
[ info ] [ LOG ] INIT File
[ sql ] [ DB ] CONNECT:[ UseTime:0.014964s ] mysql:dbname=xxbb;host=127.0.0.1;port=3306;charset=utf8
[ sql ] [ SQL ] SHOW COLUMNS FROM `t_user` [ RunTime:0.000849s ]
[ sql ] [ SQL ] SELECT * FROM `t_user` WHERE  `id` = 263 LIMIT 1 [ RunTime:0.000380s ]
[ sql ] [ SQL ] SHOW COLUMNS FROM `t_member` [ RunTime:0.000759s ]
[ sql ] [ SQL ] SELECT COUNT(*) AS tp_count FROM `t_member` LIMIT 1 [ RunTime:0.000178s ]
[ sql ] [ SQL ] SELECT * FROM `t_member` LIMIT 0,15 [ RunTime:0.000308s ]

---------------------------------------------------------------
[ 2024-11-19T11:02:24+08:00 ] 127.0.0.1 127.0.0.1 GET /admin.php/redbag/index.html
[ log ] qipai.com/admin.php/redbag/index.html [运行时间：0.041669s][吞吐率：24.00req/s] [内存消耗：3,032.12kb] [文件加载：70]
[ info ] [ LANG ] E:\qipai\html5FKQPASRC\thinkphp\lang\zh-cn.php
[ info ] [ BIND ] 'admin'
[ info ] [ ROUTE ] array (
  'type' => 'module',
  'module' => 
  array (
    0 => 'admin',
    1 => 'redbag',
    2 => 'index',
  ),
)
[ info ] [ HEADER ] array (
  'cookie' => 'PHPSESSID=rbcc8l5pau1jmg84r6r1mqtpmv',
  'accept-language' => 'zh-CN,zh;q=0.9,zh-TW;q=0.8,en-US;q=0.7,en;q=0.6',
  'accept-encoding' => 'gzip, deflate',
  'referer' => 'http://qipai.com/admin.php/member/index.html',
  'accept' => 'text/html,application/xhtml+xml,application/xml;q=0.9,image/avif,image/webp,image/apng,*/*;q=0.8,application/signed-exchange;v=b3;q=0.7',
  'user-agent' => 'Mozilla/5.0 (Windows NT 10.0; Win64; x64) AppleWebKit/537.36 (KHTML, like Gecko) Chrome/130.0.0.0 Safari/537.36',
  'upgrade-insecure-requests' => '1',
  'connection' => 'keep-alive',
  'host' => 'qipai.com',
  'content-length' => '',
  'content-type' => '',
)
[ info ] [ PARAM ] array (
)
[ info ] [ SESSION ] INIT array (
  'id' => '',
  'var_session_id' => '',
  'prefix' => 'think',
  'type' => '',
  'auto_start' => true,
)
[ info ] [ DB ] INIT mysql
[ info ] [ RUN ] app\admin\controller\Redbag->index[ E:\qipai\html5FKQPASRC\application\admin\controller\Redbag.php ]
[ info ] [ VIEW ] E:\qipai\html5FKQPASRC/application/admin\view\redbag\index.html [ array (
  0 => 'userinfo',
  1 => 'list',
  2 => 'pages',
) ]
[ info ] [ LOG ] INIT File
[ sql ] [ DB ] CONNECT:[ UseTime:0.001298s ] mysql:dbname=xxbb;host=127.0.0.1;port=3306;charset=utf8
[ sql ] [ SQL ] SHOW COLUMNS FROM `t_user` [ RunTime:0.000782s ]
[ sql ] [ SQL ] SELECT * FROM `t_user` WHERE  `id` = 263 LIMIT 1 [ RunTime:0.000386s ]
[ sql ] [ SQL ] SHOW COLUMNS FROM `t_redbag` [ RunTime:0.000673s ]
[ sql ] [ SQL ] SELECT COUNT(*) AS tp_count FROM `t_redbag` LIMIT 1 [ RunTime:0.000286s ]
[ sql ] [ SQL ] SELECT * FROM `t_redbag` LIMIT 0,15 [ RunTime:0.000319s ]
[ sql ] [ SQL ] SHOW COLUMNS FROM `t_member` [ RunTime:0.000759s ]
[ sql ] [ SQL ] SELECT `nickname` FROM `t_member` WHERE  `id` = 0 LIMIT 1 [ RunTime:0.000354s ]
[ sql ] [ SQL ] SELECT `nickname` FROM `t_member` WHERE  `id` = 0 LIMIT 1 [ RunTime:0.000300s ]
[ sql ] [ SQL ] SELECT `nickname` FROM `t_member` WHERE  `id` = 0 LIMIT 1 [ RunTime:0.000279s ]
[ sql ] [ SQL ] SELECT `nickname` FROM `t_member` WHERE  `id` = 0 LIMIT 1 [ RunTime:0.000270s ]
[ sql ] [ SQL ] SELECT `nickname` FROM `t_member` WHERE  `id` = 0 LIMIT 1 [ RunTime:0.000278s ]
[ sql ] [ SQL ] SELECT `nickname` FROM `t_member` WHERE  `id` = 0 LIMIT 1 [ RunTime:0.000269s ]
[ sql ] [ SQL ] SELECT `nickname` FROM `t_member` WHERE  `id` = 0 LIMIT 1 [ RunTime:0.000265s ]
[ sql ] [ SQL ] SELECT `nickname` FROM `t_member` WHERE  `id` = 0 LIMIT 1 [ RunTime:0.000265s ]
[ sql ] [ SQL ] SELECT `nickname` FROM `t_member` WHERE  `id` = 8 LIMIT 1 [ RunTime:0.000259s ]
[ sql ] [ SQL ] SELECT `nickname` FROM `t_member` WHERE  `id` = 0 LIMIT 1 [ RunTime:0.000277s ]
[ sql ] [ SQL ] SELECT `nickname` FROM `t_member` WHERE  `id` = 0 LIMIT 1 [ RunTime:0.000250s ]
[ sql ] [ SQL ] SELECT `nickname` FROM `t_member` WHERE  `id` = 0 LIMIT 1 [ RunTime:0.000300s ]
[ sql ] [ SQL ] SELECT `nickname` FROM `t_member` WHERE  `id` = 0 LIMIT 1 [ RunTime:0.000274s ]
[ sql ] [ SQL ] SELECT `nickname` FROM `t_member` WHERE  `id` = 0 LIMIT 1 [ RunTime:0.000250s ]
[ sql ] [ SQL ] SELECT `nickname` FROM `t_member` WHERE  `id` = 0 LIMIT 1 [ RunTime:0.000253s ]

---------------------------------------------------------------
[ 2024-11-19T11:02:24+08:00 ] 127.0.0.1 127.0.0.1 GET /admin.php/redbag/index.html
[ log ] qipai.com/admin.php/redbag/index.html [运行时间：0.054628s][吞吐率：18.31req/s] [内存消耗：3,031.84kb] [文件加载：70]
[ info ] [ LANG ] E:\qipai\html5FKQPASRC\thinkphp\lang\zh-cn.php
[ info ] [ BIND ] 'admin'
[ info ] [ ROUTE ] array (
  'type' => 'module',
  'module' => 
  array (
    0 => 'admin',
    1 => 'redbag',
    2 => 'index',
  ),
)
[ info ] [ HEADER ] array (
  'cookie' => 'PHPSESSID=rbcc8l5pau1jmg84r6r1mqtpmv',
  'accept-language' => 'zh-CN,zh;q=0.9,zh-TW;q=0.8,en-US;q=0.7,en;q=0.6',
  'accept-encoding' => 'gzip, deflate',
  'referer' => 'http://qipai.com/admin.php/redbag/index.html',
  'accept' => 'image/avif,image/webp,image/apng,image/svg+xml,image/*,*/*;q=0.8',
  'user-agent' => 'Mozilla/5.0 (Windows NT 10.0; Win64; x64) AppleWebKit/537.36 (KHTML, like Gecko) Chrome/130.0.0.0 Safari/537.36',
  'connection' => 'keep-alive',
  'host' => 'qipai.com',
  'content-length' => '',
  'content-type' => '',
)
[ info ] [ PARAM ] array (
)
[ info ] [ SESSION ] INIT array (
  'id' => '',
  'var_session_id' => '',
  'prefix' => 'think',
  'type' => '',
  'auto_start' => true,
)
[ info ] [ DB ] INIT mysql
[ info ] [ RUN ] app\admin\controller\Redbag->index[ E:\qipai\html5FKQPASRC\application\admin\controller\Redbag.php ]
[ info ] [ VIEW ] E:\qipai\html5FKQPASRC/application/admin\view\redbag\index.html [ array (
  0 => 'userinfo',
  1 => 'list',
  2 => 'pages',
) ]
[ info ] [ LOG ] INIT File
[ sql ] [ DB ] CONNECT:[ UseTime:0.014248s ] mysql:dbname=xxbb;host=127.0.0.1;port=3306;charset=utf8
[ sql ] [ SQL ] SHOW COLUMNS FROM `t_user` [ RunTime:0.000958s ]
[ sql ] [ SQL ] SELECT * FROM `t_user` WHERE  `id` = 263 LIMIT 1 [ RunTime:0.000475s ]
[ sql ] [ SQL ] SHOW COLUMNS FROM `t_redbag` [ RunTime:0.000838s ]
[ sql ] [ SQL ] SELECT COUNT(*) AS tp_count FROM `t_redbag` LIMIT 1 [ RunTime:0.000324s ]
[ sql ] [ SQL ] SELECT * FROM `t_redbag` LIMIT 0,15 [ RunTime:0.000358s ]
[ sql ] [ SQL ] SHOW COLUMNS FROM `t_member` [ RunTime:0.000674s ]
[ sql ] [ SQL ] SELECT `nickname` FROM `t_member` WHERE  `id` = 0 LIMIT 1 [ RunTime:0.000251s ]
[ sql ] [ SQL ] SELECT `nickname` FROM `t_member` WHERE  `id` = 0 LIMIT 1 [ RunTime:0.000208s ]
[ sql ] [ SQL ] SELECT `nickname` FROM `t_member` WHERE  `id` = 0 LIMIT 1 [ RunTime:0.000195s ]
[ sql ] [ SQL ] SELECT `nickname` FROM `t_member` WHERE  `id` = 0 LIMIT 1 [ RunTime:0.000170s ]
[ sql ] [ SQL ] SELECT `nickname` FROM `t_member` WHERE  `id` = 0 LIMIT 1 [ RunTime:0.000167s ]
[ sql ] [ SQL ] SELECT `nickname` FROM `t_member` WHERE  `id` = 0 LIMIT 1 [ RunTime:0.000161s ]
[ sql ] [ SQL ] SELECT `nickname` FROM `t_member` WHERE  `id` = 0 LIMIT 1 [ RunTime:0.000160s ]
[ sql ] [ SQL ] SELECT `nickname` FROM `t_member` WHERE  `id` = 0 LIMIT 1 [ RunTime:0.000161s ]
[ sql ] [ SQL ] SELECT `nickname` FROM `t_member` WHERE  `id` = 8 LIMIT 1 [ RunTime:0.000185s ]
[ sql ] [ SQL ] SELECT `nickname` FROM `t_member` WHERE  `id` = 0 LIMIT 1 [ RunTime:0.000159s ]
[ sql ] [ SQL ] SELECT `nickname` FROM `t_member` WHERE  `id` = 0 LIMIT 1 [ RunTime:0.000161s ]
[ sql ] [ SQL ] SELECT `nickname` FROM `t_member` WHERE  `id` = 0 LIMIT 1 [ RunTime:0.000161s ]
[ sql ] [ SQL ] SELECT `nickname` FROM `t_member` WHERE  `id` = 0 LIMIT 1 [ RunTime:0.000162s ]
[ sql ] [ SQL ] SELECT `nickname` FROM `t_member` WHERE  `id` = 0 LIMIT 1 [ RunTime:0.000196s ]
[ sql ] [ SQL ] SELECT `nickname` FROM `t_member` WHERE  `id` = 0 LIMIT 1 [ RunTime:0.000260s ]

---------------------------------------------------------------
[ 2024-11-19T11:02:26+08:00 ] 127.0.0.1 127.0.0.1 GET /admin.php/member/index.html
[ log ] qipai.com/admin.php/member/index.html [运行时间：0.041139s][吞吐率：24.31req/s] [内存消耗：3,086.17kb] [文件加载：69]
[ info ] [ LANG ] E:\qipai\html5FKQPASRC\thinkphp\lang\zh-cn.php
[ info ] [ BIND ] 'admin'
[ info ] [ ROUTE ] array (
  'type' => 'module',
  'module' => 
  array (
    0 => 'admin',
    1 => 'member',
    2 => 'index',
  ),
)
[ info ] [ HEADER ] array (
  'cookie' => 'PHPSESSID=rbcc8l5pau1jmg84r6r1mqtpmv',
  'accept-language' => 'zh-CN,zh;q=0.9,zh-TW;q=0.8,en-US;q=0.7,en;q=0.6',
  'accept-encoding' => 'gzip, deflate',
  'referer' => 'http://qipai.com/admin.php/redbag/index.html',
  'accept' => 'text/html,application/xhtml+xml,application/xml;q=0.9,image/avif,image/webp,image/apng,*/*;q=0.8,application/signed-exchange;v=b3;q=0.7',
  'user-agent' => 'Mozilla/5.0 (Windows NT 10.0; Win64; x64) AppleWebKit/537.36 (KHTML, like Gecko) Chrome/130.0.0.0 Safari/537.36',
  'upgrade-insecure-requests' => '1',
  'connection' => 'keep-alive',
  'host' => 'qipai.com',
  'content-length' => '',
  'content-type' => '',
)
[ info ] [ PARAM ] array (
)
[ info ] [ SESSION ] INIT array (
  'id' => '',
  'var_session_id' => '',
  'prefix' => 'think',
  'type' => '',
  'auto_start' => true,
)
[ info ] [ DB ] INIT mysql
[ info ] [ RUN ] app\admin\controller\Common->index[ E:\qipai\html5FKQPASRC\application\admin\controller\Common.php ]
[ info ] [ VIEW ] E:\qipai\html5FKQPASRC/application/admin\view\member\index.html [ array (
  0 => 'userinfo',
  1 => 'list',
  2 => 'pages',
) ]
[ info ] [ LOG ] INIT File
[ sql ] [ DB ] CONNECT:[ UseTime:0.014007s ] mysql:dbname=xxbb;host=127.0.0.1;port=3306;charset=utf8
[ sql ] [ SQL ] SHOW COLUMNS FROM `t_user` [ RunTime:0.000880s ]
[ sql ] [ SQL ] SELECT * FROM `t_user` WHERE  `id` = 263 LIMIT 1 [ RunTime:0.000489s ]
[ sql ] [ SQL ] SHOW COLUMNS FROM `t_member` [ RunTime:0.000694s ]
[ sql ] [ SQL ] SELECT COUNT(*) AS tp_count FROM `t_member` LIMIT 1 [ RunTime:0.000251s ]
[ sql ] [ SQL ] SELECT * FROM `t_member` LIMIT 0,15 [ RunTime:0.000419s ]

---------------------------------------------------------------
[ 2024-11-19T11:02:26+08:00 ] 127.0.0.1 127.0.0.1 GET /admin.php/member/index.html
[ log ] qipai.com/admin.php/member/index.html [运行时间：0.040413s][吞吐率：24.74req/s] [内存消耗：3,085.90kb] [文件加载：69]
[ info ] [ LANG ] E:\qipai\html5FKQPASRC\thinkphp\lang\zh-cn.php
[ info ] [ BIND ] 'admin'
[ info ] [ ROUTE ] array (
  'type' => 'module',
  'module' => 
  array (
    0 => 'admin',
    1 => 'member',
    2 => 'index',
  ),
)
[ info ] [ HEADER ] array (
  'cookie' => 'PHPSESSID=rbcc8l5pau1jmg84r6r1mqtpmv',
  'accept-language' => 'zh-CN,zh;q=0.9,zh-TW;q=0.8,en-US;q=0.7,en;q=0.6',
  'accept-encoding' => 'gzip, deflate',
  'referer' => 'http://qipai.com/admin.php/member/index.html',
  'accept' => 'image/avif,image/webp,image/apng,image/svg+xml,image/*,*/*;q=0.8',
  'user-agent' => 'Mozilla/5.0 (Windows NT 10.0; Win64; x64) AppleWebKit/537.36 (KHTML, like Gecko) Chrome/130.0.0.0 Safari/537.36',
  'connection' => 'keep-alive',
  'host' => 'qipai.com',
  'content-length' => '',
  'content-type' => '',
)
[ info ] [ PARAM ] array (
)
[ info ] [ SESSION ] INIT array (
  'id' => '',
  'var_session_id' => '',
  'prefix' => 'think',
  'type' => '',
  'auto_start' => true,
)
[ info ] [ DB ] INIT mysql
[ info ] [ RUN ] app\admin\controller\Common->index[ E:\qipai\html5FKQPASRC\application\admin\controller\Common.php ]
[ info ] [ VIEW ] E:\qipai\html5FKQPASRC/application/admin\view\member\index.html [ array (
  0 => 'userinfo',
  1 => 'list',
  2 => 'pages',
) ]
[ info ] [ LOG ] INIT File
[ sql ] [ DB ] CONNECT:[ UseTime:0.014197s ] mysql:dbname=xxbb;host=127.0.0.1;port=3306;charset=utf8
[ sql ] [ SQL ] SHOW COLUMNS FROM `t_user` [ RunTime:0.000848s ]
[ sql ] [ SQL ] SELECT * FROM `t_user` WHERE  `id` = 263 LIMIT 1 [ RunTime:0.000433s ]
[ sql ] [ SQL ] SHOW COLUMNS FROM `t_member` [ RunTime:0.000590s ]
[ sql ] [ SQL ] SELECT COUNT(*) AS tp_count FROM `t_member` LIMIT 1 [ RunTime:0.000246s ]
[ sql ] [ SQL ] SELECT * FROM `t_member` LIMIT 0,15 [ RunTime:0.000384s ]

---------------------------------------------------------------
