[ 2018-02-11T21:36:40+08:00 ] 127.0.0.1 127.0.0.1 GET /
[ log ] niuniu.cc/ [运行时间：0.435898s][吞吐率：2.29req/s] [内存消耗：3,938.55kb] [文件加载：63]
[ info ] [ LANG ] /Users/d/Desktop/php/niuniu/thinkphp/lang/zh-cn.php
[ info ] [ BIND ] 'index'
[ info ] [ ROUTE ] array (
  'type' => 'module',
  'module' => 
  array (
    0 => 'index',
    1 => NULL,
    2 => NULL,
  ),
)
[ info ] [ HEADER ] array (
  'host' => 'niuniu.cc',
  'connection' => 'keep-alive',
  'upgrade-insecure-requests' => '1',
  'user-agent' => 'Mozilla/5.0 (iPhone; CPU iPhone OS 9_1 like Mac OS X) AppleWebKit/601.1.46 (KHTML, like Gecko) Version/9.0 Mobile/13B143 Safari/601.1 wechatdevtools/1.02.1801081 MicroMessenger/6.5.7 Language/zh_CN webview/15183560452705631 webdebugger port/9974',
  'accept' => 'text/html,application/xhtml+xml,application/xml;q=0.9,image/webp,image/apng,*/*;q=0.8',
  'accept-encoding' => 'gzip, deflate',
  'accept-language' => 'zh-CN,zh;q=0.8',
)
[ info ] [ PARAM ] array (
)
[ info ] [ SESSION ] INIT array (
  'id' => '',
  'var_session_id' => '',
  'prefix' => 'think',
  'type' => '',
  'auto_start' => true,
)
[ info ] [ DB ] INIT mysql
[ info ] [ RUN ] app\index\controller\Index->index[ /Users/d/Desktop/php/niuniu/application/index/controller/Index.php ]
[ info ] [ LOG ] INIT File
[ sql ] [ DB ] CONNECT:[ UseTime:0.028693s ] mysql:dbname=niu;host=127.0.0.1;port=3306;charset=utf8
[ sql ] [ SQL ] SHOW COLUMNS FROM `t_nav` [ RunTime:0.029072s ]
[ sql ] [ SQL ] SELECT * FROM `t_nav` WHERE  `pid` = 0 ORDER BY `sort` [ RunTime:0.000509s ]
[ sql ] [ SQL ] SELECT * FROM `t_nav` WHERE  `pid` = 1 ORDER BY `sort` [ RunTime:0.000217s ]
[ sql ] [ SQL ] SELECT * FROM `t_nav` WHERE  `pid` = 2 ORDER BY `sort` [ RunTime:0.000200s ]
[ sql ] [ SQL ] SELECT * FROM `t_nav` WHERE  `pid` = 3 ORDER BY `sort` [ RunTime:0.000167s ]
[ sql ] [ SQL ] SELECT * FROM `t_nav` WHERE  `pid` = 5 ORDER BY `sort` [ RunTime:0.000173s ]
[ sql ] [ SQL ] SELECT * FROM `t_nav` WHERE  `pid` = 6 ORDER BY `sort` [ RunTime:0.000170s ]
[ sql ] [ SQL ] SELECT * FROM `t_nav` WHERE  `pid` = 4 ORDER BY `sort` [ RunTime:0.000161s ]
[ sql ] [ SQL ] SHOW COLUMNS FROM `t_ad` [ RunTime:0.007958s ]
[ sql ] [ SQL ] SELECT * FROM `t_ad` WHERE  `status` = 1 [ RunTime:0.000373s ]
[ sql ] [ SQL ] SHOW COLUMNS FROM `t_product` [ RunTime:0.018824s ]
[ sql ] [ SQL ] SELECT * FROM `t_product` WHERE  `is_top` = 1 LIMIT 2 [ RunTime:0.003167s ]
[ sql ] [ SQL ] SELECT * FROM `t_product` WHERE  `is_rec` = 1 LIMIT 3 [ RunTime:0.000228s ]
[ sql ] [ SQL ] SHOW COLUMNS FROM `t_category` [ RunTime:0.002093s ]
[ sql ] [ SQL ] SELECT * FROM `t_category` WHERE  `status` = 1  AND `pid` = 0 [ RunTime:0.000360s ]
[ sql ] [ SQL ] SELECT * FROM `t_category` WHERE  `status` = 1  AND `pid` = 0 LIMIT 5 [ RunTime:0.000168s ]
[ sql ] [ SQL ] SELECT * FROM `t_category` WHERE  `pid` = 348 [ RunTime:0.000279s ]
[ sql ] [ SQL ] SELECT * FROM `t_category` WHERE  `pid` = 353 [ RunTime:0.000175s ]
[ sql ] [ SQL ] SELECT * FROM `t_category` WHERE  `pid` = 354 [ RunTime:0.000167s ]
[ sql ] [ SQL ] SELECT * FROM `t_category` WHERE  `pid` = 355 [ RunTime:0.000156s ]
[ sql ] [ SQL ] SELECT * FROM `t_product` WHERE  `status` = 1  AND `category_id` IN (353,354,355,348) LIMIT 8 [ RunTime:0.000293s ]
[ sql ] [ SQL ] SELECT * FROM `t_category` WHERE  `pid` = 356 [ RunTime:0.000156s ]
[ sql ] [ SQL ] SELECT * FROM `t_product` WHERE  `status` = 1  AND `category_id` IN (356) LIMIT 8 [ RunTime:0.000236s ]

---------------------------------------------------------------
[ 2018-02-11T21:37:21+08:00 ] 127.0.0.1 127.0.0.1 GET /game.php
[ log ] niuniu.cc/game.php [运行时间：0.054312s][吞吐率：18.41req/s] [内存消耗：2,534.69kb] [文件加载：57]
[ info ] [ LANG ] /Users/d/Desktop/php/niuniu/thinkphp/lang/zh-cn.php
[ info ] [ BIND ] 'game'
[ info ] [ ROUTE ] array (
  'type' => 'module',
  'module' => 
  array (
    0 => 'game',
    1 => NULL,
    2 => NULL,
  ),
)
[ info ] [ HEADER ] array (
  'host' => 'niuniu.cc',
  'connection' => 'keep-alive',
  'upgrade-insecure-requests' => '1',
  'user-agent' => 'Mozilla/5.0 (iPhone; CPU iPhone OS 9_1 like Mac OS X) AppleWebKit/601.1.46 (KHTML, like Gecko) Version/9.0 Mobile/13B143 Safari/601.1 wechatdevtools/1.02.1801081 MicroMessenger/6.5.7 Language/zh_CN webview/15183560452705631 webdebugger port/9974',
  'accept' => 'text/html,application/xhtml+xml,application/xml;q=0.9,image/webp,image/apng,*/*;q=0.8',
  'accept-encoding' => 'gzip, deflate',
  'accept-language' => 'zh-CN,zh;q=0.8',
  'cookie' => 'PHPSESSID=ae9uteem95623r5scfo89p0qg4',
)
[ info ] [ PARAM ] array (
)
[ info ] [ SESSION ] INIT array (
  'id' => '',
  'var_session_id' => '',
  'prefix' => 'think',
  'type' => '',
  'auto_start' => true,
)
[ info ] [ LOG ] INIT File

---------------------------------------------------------------
[ 2018-02-11T21:37:21+08:00 ] 127.0.0.1 127.0.0.1 GET /game.php/login/index.html
[ log ] niuniu.cc/game.php/login/index.html [运行时间：0.202810s][吞吐率：4.93req/s] [内存消耗：4,037.50kb] [文件加载：117]
[ info ] [ LANG ] /Users/d/Desktop/php/niuniu/thinkphp/lang/zh-cn.php
[ info ] [ BIND ] 'game'
[ info ] [ ROUTE ] array (
  'type' => 'module',
  'module' => 
  array (
    0 => 'game',
    1 => 'login',
    2 => 'index',
  ),
)
[ info ] [ HEADER ] array (
  'host' => 'niuniu.cc',
  'connection' => 'keep-alive',
  'upgrade-insecure-requests' => '1',
  'user-agent' => 'Mozilla/5.0 (iPhone; CPU iPhone OS 9_1 like Mac OS X) AppleWebKit/601.1.46 (KHTML, like Gecko) Version/9.0 Mobile/13B143 Safari/601.1 wechatdevtools/1.02.1801081 MicroMessenger/6.5.7 Language/zh_CN webview/15183560452705631 webdebugger port/9974',
  'accept' => 'text/html,application/xhtml+xml,application/xml;q=0.9,image/webp,image/apng,*/*;q=0.8',
  'accept-encoding' => 'gzip, deflate',
  'accept-language' => 'zh-CN,zh;q=0.8',
  'cookie' => 'PHPSESSID=ae9uteem95623r5scfo89p0qg4',
)
[ info ] [ PARAM ] array (
)
[ info ] [ RUN ] app\game\controller\Login->index[ /Users/d/Desktop/php/niuniu/application/game/controller/Login.php ]
[ info ] [ LOG ] INIT File

---------------------------------------------------------------
[ 2018-02-11T21:45:01+08:00 ] 127.0.0.1 127.0.0.1 GET /
[ log ] niuniu.cc/ [运行时间：0.695528s][吞吐率：1.44req/s] [内存消耗：3,939.17kb] [文件加载：63]
[ info ] [ LANG ] /Users/d/Desktop/php/niuniu/thinkphp/lang/zh-cn.php
[ info ] [ BIND ] 'index'
[ info ] [ ROUTE ] array (
  'type' => 'module',
  'module' => 
  array (
    0 => 'index',
    1 => NULL,
    2 => NULL,
  ),
)
[ info ] [ HEADER ] array (
  'host' => 'niuniu.cc',
  'connection' => 'keep-alive',
  'cache-control' => 'max-age=0',
  'upgrade-insecure-requests' => '1',
  'user-agent' => 'Mozilla/5.0 (iPhone; CPU iPhone OS 9_1 like Mac OS X) AppleWebKit/601.1.46 (KHTML, like Gecko) Version/9.0 Mobile/13B143 Safari/601.1 wechatdevtools/1.02.1801081 MicroMessenger/6.5.7 Language/zh_CN webview/15183560452705631 webdebugger port/9974',
  'accept' => 'text/html,application/xhtml+xml,application/xml;q=0.9,image/webp,image/apng,*/*;q=0.8',
  'accept-encoding' => 'gzip, deflate',
  'accept-language' => 'zh-CN,zh;q=0.8',
  'cookie' => 'PHPSESSID=ae9uteem95623r5scfo89p0qg4',
)
[ info ] [ PARAM ] array (
)
[ info ] [ SESSION ] INIT array (
  'id' => '',
  'var_session_id' => '',
  'prefix' => 'think',
  'type' => '',
  'auto_start' => true,
)
[ info ] [ DB ] INIT mysql
[ info ] [ RUN ] app\index\controller\Index->index[ /Users/d/Desktop/php/niuniu/application/index/controller/Index.php ]
[ info ] [ LOG ] INIT File
[ sql ] [ DB ] CONNECT:[ UseTime:0.000435s ] mysql:dbname=niu;host=127.0.0.1;port=3306;charset=utf8
[ sql ] [ SQL ] SHOW COLUMNS FROM `t_nav` [ RunTime:0.163779s ]
[ sql ] [ SQL ] SELECT * FROM `t_nav` WHERE  `pid` = 0 ORDER BY `sort` [ RunTime:0.000339s ]
[ sql ] [ SQL ] SELECT * FROM `t_nav` WHERE  `pid` = 1 ORDER BY `sort` [ RunTime:0.000210s ]
[ sql ] [ SQL ] SELECT * FROM `t_nav` WHERE  `pid` = 2 ORDER BY `sort` [ RunTime:0.000200s ]
[ sql ] [ SQL ] SELECT * FROM `t_nav` WHERE  `pid` = 3 ORDER BY `sort` [ RunTime:0.000175s ]
[ sql ] [ SQL ] SELECT * FROM `t_nav` WHERE  `pid` = 5 ORDER BY `sort` [ RunTime:0.000169s ]
[ sql ] [ SQL ] SELECT * FROM `t_nav` WHERE  `pid` = 6 ORDER BY `sort` [ RunTime:0.000173s ]
[ sql ] [ SQL ] SELECT * FROM `t_nav` WHERE  `pid` = 4 ORDER BY `sort` [ RunTime:0.000166s ]
[ sql ] [ SQL ] SHOW COLUMNS FROM `t_ad` [ RunTime:0.168988s ]
[ sql ] [ SQL ] SELECT * FROM `t_ad` WHERE  `status` = 1 [ RunTime:0.000251s ]
[ sql ] [ SQL ] SHOW COLUMNS FROM `t_product` [ RunTime:0.164931s ]
[ sql ] [ SQL ] SELECT * FROM `t_product` WHERE  `is_top` = 1 LIMIT 2 [ RunTime:0.000392s ]
[ sql ] [ SQL ] SELECT * FROM `t_product` WHERE  `is_rec` = 1 LIMIT 3 [ RunTime:0.000201s ]
[ sql ] [ SQL ] SHOW COLUMNS FROM `t_category` [ RunTime:0.164537s ]
[ sql ] [ SQL ] SELECT * FROM `t_category` WHERE  `status` = 1  AND `pid` = 0 [ RunTime:0.000250s ]
[ sql ] [ SQL ] SELECT * FROM `t_category` WHERE  `status` = 1  AND `pid` = 0 LIMIT 5 [ RunTime:0.000181s ]
[ sql ] [ SQL ] SELECT * FROM `t_category` WHERE  `pid` = 348 [ RunTime:0.000181s ]
[ sql ] [ SQL ] SELECT * FROM `t_category` WHERE  `pid` = 353 [ RunTime:0.000159s ]
[ sql ] [ SQL ] SELECT * FROM `t_category` WHERE  `pid` = 354 [ RunTime:0.000156s ]
[ sql ] [ SQL ] SELECT * FROM `t_category` WHERE  `pid` = 355 [ RunTime:0.000152s ]
[ sql ] [ SQL ] SELECT * FROM `t_product` WHERE  `status` = 1  AND `category_id` IN (353,354,355,348) LIMIT 8 [ RunTime:0.000249s ]
[ sql ] [ SQL ] SELECT * FROM `t_category` WHERE  `pid` = 356 [ RunTime:0.000151s ]
[ sql ] [ SQL ] SELECT * FROM `t_product` WHERE  `status` = 1  AND `category_id` IN (356) LIMIT 8 [ RunTime:0.000198s ]

---------------------------------------------------------------
[ 2018-02-11T21:45:01+08:00 ] 127.0.0.1 127.0.0.1 GET /game.php
[ log ] niuniu.cc/game.php [运行时间：0.565776s][吞吐率：1.77req/s] [内存消耗：2,534.70kb] [文件加载：57]
[ info ] [ LANG ] /Users/d/Desktop/php/niuniu/thinkphp/lang/zh-cn.php
[ info ] [ BIND ] 'game'
[ info ] [ ROUTE ] array (
  'type' => 'module',
  'module' => 
  array (
    0 => 'game',
    1 => NULL,
    2 => NULL,
  ),
)
[ info ] [ HEADER ] array (
  'host' => 'niuniu.cc',
  'connection' => 'keep-alive',
  'upgrade-insecure-requests' => '1',
  'user-agent' => 'Mozilla/5.0 (iPhone; CPU iPhone OS 9_1 like Mac OS X) AppleWebKit/601.1.46 (KHTML, like Gecko) Version/9.0 Mobile/13B143 Safari/601.1 wechatdevtools/1.02.1801081 MicroMessenger/6.5.7 Language/zh_CN webview/15183560452705631 webdebugger port/9974',
  'accept' => 'text/html,application/xhtml+xml,application/xml;q=0.9,image/webp,image/apng,*/*;q=0.8',
  'accept-encoding' => 'gzip, deflate',
  'accept-language' => 'zh-CN,zh;q=0.8',
  'cookie' => 'PHPSESSID=ae9uteem95623r5scfo89p0qg4',
)
[ info ] [ PARAM ] array (
)
[ info ] [ SESSION ] INIT array (
  'id' => '',
  'var_session_id' => '',
  'prefix' => 'think',
  'type' => '',
  'auto_start' => true,
)
[ info ] [ LOG ] INIT File

---------------------------------------------------------------
[ 2018-02-11T21:45:02+08:00 ] 127.0.0.1 127.0.0.1 GET /game.php/login/index.html
[ log ] niuniu.cc/game.php/login/index.html [运行时间：0.024948s][吞吐率：40.08req/s] [内存消耗：4,037.50kb] [文件加载：117]
[ info ] [ LANG ] /Users/d/Desktop/php/niuniu/thinkphp/lang/zh-cn.php
[ info ] [ BIND ] 'game'
[ info ] [ ROUTE ] array (
  'type' => 'module',
  'module' => 
  array (
    0 => 'game',
    1 => 'login',
    2 => 'index',
  ),
)
[ info ] [ HEADER ] array (
  'host' => 'niuniu.cc',
  'connection' => 'keep-alive',
  'upgrade-insecure-requests' => '1',
  'user-agent' => 'Mozilla/5.0 (iPhone; CPU iPhone OS 9_1 like Mac OS X) AppleWebKit/601.1.46 (KHTML, like Gecko) Version/9.0 Mobile/13B143 Safari/601.1 wechatdevtools/1.02.1801081 MicroMessenger/6.5.7 Language/zh_CN webview/15183560452705631 webdebugger port/9974',
  'accept' => 'text/html,application/xhtml+xml,application/xml;q=0.9,image/webp,image/apng,*/*;q=0.8',
  'accept-encoding' => 'gzip, deflate',
  'accept-language' => 'zh-CN,zh;q=0.8',
  'cookie' => 'PHPSESSID=ae9uteem95623r5scfo89p0qg4',
)
[ info ] [ PARAM ] array (
)
[ info ] [ RUN ] app\game\controller\Login->index[ /Users/d/Desktop/php/niuniu/application/game/controller/Login.php ]
[ info ] [ LOG ] INIT File

---------------------------------------------------------------
[ 2018-02-11T21:46:26+08:00 ] 127.0.0.1 127.0.0.1 GET /
[ log ] niuniu.cc/ [运行时间：0.057994s][吞吐率：17.24req/s] [内存消耗：3,939.13kb] [文件加载：63]
[ info ] [ LANG ] /Users/d/Desktop/php/niuniu/thinkphp/lang/zh-cn.php
[ info ] [ BIND ] 'index'
[ info ] [ ROUTE ] array (
  'type' => 'module',
  'module' => 
  array (
    0 => 'index',
    1 => NULL,
    2 => NULL,
  ),
)
[ info ] [ HEADER ] array (
  'host' => 'niuniu.cc',
  'connection' => 'keep-alive',
  'upgrade-insecure-requests' => '1',
  'user-agent' => 'Mozilla/5.0 (iPhone; CPU iPhone OS 9_1 like Mac OS X) AppleWebKit/601.1.46 (KHTML, like Gecko) Version/9.0 Mobile/13B143 Safari/601.1 wechatdevtools/1.02.1801081 MicroMessenger/6.5.7 Language/zh_CN webview/15183560452705631 webdebugger port/9974',
  'accept' => 'text/html,application/xhtml+xml,application/xml;q=0.9,image/webp,image/apng,*/*;q=0.8',
  'accept-encoding' => 'gzip, deflate',
  'accept-language' => 'zh-CN,zh;q=0.8',
  'cookie' => 'PHPSESSID=ae9uteem95623r5scfo89p0qg4',
)
[ info ] [ PARAM ] array (
)
[ info ] [ SESSION ] INIT array (
  'id' => '',
  'var_session_id' => '',
  'prefix' => 'think',
  'type' => '',
  'auto_start' => true,
)
[ info ] [ DB ] INIT mysql
[ info ] [ RUN ] app\index\controller\Index->index[ /Users/d/Desktop/php/niuniu/application/index/controller/Index.php ]
[ info ] [ LOG ] INIT File
[ sql ] [ DB ] CONNECT:[ UseTime:0.000446s ] mysql:dbname=niu;host=127.0.0.1;port=3306;charset=utf8
[ sql ] [ SQL ] SHOW COLUMNS FROM `t_nav` [ RunTime:0.023347s ]
[ sql ] [ SQL ] SELECT * FROM `t_nav` WHERE  `pid` = 0 ORDER BY `sort` [ RunTime:0.000253s ]
[ sql ] [ SQL ] SELECT * FROM `t_nav` WHERE  `pid` = 1 ORDER BY `sort` [ RunTime:0.000196s ]
[ sql ] [ SQL ] SELECT * FROM `t_nav` WHERE  `pid` = 2 ORDER BY `sort` [ RunTime:0.000188s ]
[ sql ] [ SQL ] SELECT * FROM `t_nav` WHERE  `pid` = 3 ORDER BY `sort` [ RunTime:0.000174s ]
[ sql ] [ SQL ] SELECT * FROM `t_nav` WHERE  `pid` = 5 ORDER BY `sort` [ RunTime:0.000170s ]
[ sql ] [ SQL ] SELECT * FROM `t_nav` WHERE  `pid` = 6 ORDER BY `sort` [ RunTime:0.000166s ]
[ sql ] [ SQL ] SELECT * FROM `t_nav` WHERE  `pid` = 4 ORDER BY `sort` [ RunTime:0.000164s ]
[ sql ] [ SQL ] SHOW COLUMNS FROM `t_ad` [ RunTime:0.001252s ]
[ sql ] [ SQL ] SELECT * FROM `t_ad` WHERE  `status` = 1 [ RunTime:0.000163s ]
[ sql ] [ SQL ] SHOW COLUMNS FROM `t_product` [ RunTime:0.001444s ]
[ sql ] [ SQL ] SELECT * FROM `t_product` WHERE  `is_top` = 1 LIMIT 2 [ RunTime:0.000298s ]
[ sql ] [ SQL ] SELECT * FROM `t_product` WHERE  `is_rec` = 1 LIMIT 3 [ RunTime:0.000186s ]
[ sql ] [ SQL ] SHOW COLUMNS FROM `t_category` [ RunTime:0.001170s ]
[ sql ] [ SQL ] SELECT * FROM `t_category` WHERE  `status` = 1  AND `pid` = 0 [ RunTime:0.000172s ]
[ sql ] [ SQL ] SELECT * FROM `t_category` WHERE  `status` = 1  AND `pid` = 0 LIMIT 5 [ RunTime:0.000170s ]
[ sql ] [ SQL ] SELECT * FROM `t_category` WHERE  `pid` = 348 [ RunTime:0.000219s ]
[ sql ] [ SQL ] SELECT * FROM `t_category` WHERE  `pid` = 353 [ RunTime:0.000163s ]
[ sql ] [ SQL ] SELECT * FROM `t_category` WHERE  `pid` = 354 [ RunTime:0.000165s ]
[ sql ] [ SQL ] SELECT * FROM `t_category` WHERE  `pid` = 355 [ RunTime:0.000161s ]
[ sql ] [ SQL ] SELECT * FROM `t_product` WHERE  `status` = 1  AND `category_id` IN (353,354,355,348) LIMIT 8 [ RunTime:0.000253s ]
[ sql ] [ SQL ] SELECT * FROM `t_category` WHERE  `pid` = 356 [ RunTime:0.000153s ]
[ sql ] [ SQL ] SELECT * FROM `t_product` WHERE  `status` = 1  AND `category_id` IN (356) LIMIT 8 [ RunTime:0.000200s ]

---------------------------------------------------------------
[ 2018-02-11T21:47:04+08:00 ] 127.0.0.1 127.0.0.1 GET /game.php
[ log ] niuniu.cc/game.php [运行时间：0.015845s][吞吐率：63.11req/s] [内存消耗：2,534.70kb] [文件加载：57]
[ info ] [ LANG ] /Users/d/Desktop/php/niuniu/thinkphp/lang/zh-cn.php
[ info ] [ BIND ] 'game'
[ info ] [ ROUTE ] array (
  'type' => 'module',
  'module' => 
  array (
    0 => 'game',
    1 => NULL,
    2 => NULL,
  ),
)
[ info ] [ HEADER ] array (
  'host' => 'niuniu.cc',
  'connection' => 'keep-alive',
  'upgrade-insecure-requests' => '1',
  'user-agent' => 'Mozilla/5.0 (iPhone; CPU iPhone OS 9_1 like Mac OS X) AppleWebKit/601.1.46 (KHTML, like Gecko) Version/9.0 Mobile/13B143 Safari/601.1 wechatdevtools/1.02.1801081 MicroMessenger/6.5.7 Language/zh_CN webview/15183560452705631 webdebugger port/9974',
  'accept' => 'text/html,application/xhtml+xml,application/xml;q=0.9,image/webp,image/apng,*/*;q=0.8',
  'accept-encoding' => 'gzip, deflate',
  'accept-language' => 'zh-CN,zh;q=0.8',
  'cookie' => 'PHPSESSID=ae9uteem95623r5scfo89p0qg4',
)
[ info ] [ PARAM ] array (
)
[ info ] [ SESSION ] INIT array (
  'id' => '',
  'var_session_id' => '',
  'prefix' => 'think',
  'type' => '',
  'auto_start' => true,
)
[ info ] [ LOG ] INIT File

---------------------------------------------------------------
[ 2018-02-11T21:47:04+08:00 ] 127.0.0.1 127.0.0.1 GET /game.php/login/index.html
[ log ] niuniu.cc/game.php/login/index.html [运行时间：0.024121s][吞吐率：41.46req/s] [内存消耗：4,037.50kb] [文件加载：117]
[ info ] [ LANG ] /Users/d/Desktop/php/niuniu/thinkphp/lang/zh-cn.php
[ info ] [ BIND ] 'game'
[ info ] [ ROUTE ] array (
  'type' => 'module',
  'module' => 
  array (
    0 => 'game',
    1 => 'login',
    2 => 'index',
  ),
)
[ info ] [ HEADER ] array (
  'host' => 'niuniu.cc',
  'connection' => 'keep-alive',
  'upgrade-insecure-requests' => '1',
  'user-agent' => 'Mozilla/5.0 (iPhone; CPU iPhone OS 9_1 like Mac OS X) AppleWebKit/601.1.46 (KHTML, like Gecko) Version/9.0 Mobile/13B143 Safari/601.1 wechatdevtools/1.02.1801081 MicroMessenger/6.5.7 Language/zh_CN webview/15183560452705631 webdebugger port/9974',
  'accept' => 'text/html,application/xhtml+xml,application/xml;q=0.9,image/webp,image/apng,*/*;q=0.8',
  'accept-encoding' => 'gzip, deflate',
  'accept-language' => 'zh-CN,zh;q=0.8',
  'cookie' => 'PHPSESSID=ae9uteem95623r5scfo89p0qg4',
)
[ info ] [ PARAM ] array (
)
[ info ] [ RUN ] app\game\controller\Login->index[ /Users/d/Desktop/php/niuniu/application/game/controller/Login.php ]
[ info ] [ LOG ] INIT File

---------------------------------------------------------------
[ 2018-02-11T21:47:07+08:00 ] 127.0.0.1 127.0.0.1 GET /game.php/login/weixinloginback.html?code=061lJLop0nffhp1Qh2mp0IIMop0lJLow&state=1f29f7b7a8d00c77fb59cd8c56411570
[ log ] niuniu.cc/game.php/login/weixinloginback.html?code=061lJLop0nffhp1Qh2mp0IIMop0lJLow&state=1f29f7b7a8d00c77fb59cd8c56411570 [运行时间：0.978533s][吞吐率：1.02req/s] [内存消耗：6,384.77kb] [文件加载：161]
[ info ] [ LANG ] /Users/d/Desktop/php/niuniu/thinkphp/lang/zh-cn.php
[ info ] [ BIND ] 'game'
[ info ] [ ROUTE ] array (
  'type' => 'module',
  'module' => 
  array (
    0 => 'game',
    1 => 'login',
    2 => 'weixinloginback',
  ),
)
[ info ] [ HEADER ] array (
  'host' => 'niuniu.cc',
  'connection' => 'keep-alive',
  'upgrade-insecure-requests' => '1',
  'user-agent' => 'Mozilla/5.0 (iPhone; CPU iPhone OS 9_1 like Mac OS X) AppleWebKit/601.1.46 (KHTML, like Gecko) Version/9.0 Mobile/13B143 Safari/601.1 wechatdevtools/1.02.1801081 MicroMessenger/6.5.7 Language/zh_CN webview/15183560452705631 webdebugger port/9974',
  'accept' => 'text/html,application/xhtml+xml,application/xml;q=0.9,image/webp,image/apng,*/*;q=0.8',
  'accept-encoding' => 'gzip, deflate',
  'accept-language' => 'zh-CN,zh;q=0.8',
  'cookie' => 'PHPSESSID=ae9uteem95623r5scfo89p0qg4',
)
[ info ] [ PARAM ] array (
  'code' => '061lJLop0nffhp1Qh2mp0IIMop0lJLow',
  'state' => '1f29f7b7a8d00c77fb59cd8c56411570',
)
[ info ] [ RUN ] app\game\controller\Login->weixinloginback[ /Users/d/Desktop/php/niuniu/application/game/controller/Login.php ]
[ info ] [ DB ] INIT mysql
[ info ] [ LOG ] INIT File
[ sql ] [ DB ] CONNECT:[ UseTime:0.000325s ] mysql:dbname=niu;host=127.0.0.1;port=3306;charset=utf8
[ sql ] [ SQL ] SHOW COLUMNS FROM `t_member` [ RunTime:0.008663s ]
[ sql ] [ SQL ] SELECT * FROM `t_member` WHERE  `openid` = 'ocFKkt_q2VGWGDIBqQDZRZP_tbcQ' LIMIT 1 [ RunTime:0.000701s ]
[ error ] [10501]SQLSTATE[HY000]: General error: 1364 Field 'pairet' doesn't have a default value[/Users/d/Desktop/php/niuniu/thinkphp/library/think/db/Connection.php:457]

---------------------------------------------------------------
[ 2018-02-11T21:52:15+08:00 ] 127.0.0.1 127.0.0.1 GET /
[ log ] niuniu.cc/ [运行时间：0.037040s][吞吐率：27.00req/s] [内存消耗：3,939.13kb] [文件加载：63]
[ info ] [ LANG ] /Users/d/Desktop/php/niuniu/thinkphp/lang/zh-cn.php
[ info ] [ BIND ] 'index'
[ info ] [ ROUTE ] array (
  'type' => 'module',
  'module' => 
  array (
    0 => 'index',
    1 => NULL,
    2 => NULL,
  ),
)
[ info ] [ HEADER ] array (
  'host' => 'niuniu.cc',
  'connection' => 'keep-alive',
  'upgrade-insecure-requests' => '1',
  'user-agent' => 'Mozilla/5.0 (iPhone; CPU iPhone OS 9_1 like Mac OS X) AppleWebKit/601.1.46 (KHTML, like Gecko) Version/9.0 Mobile/13B143 Safari/601.1 wechatdevtools/1.02.1801081 MicroMessenger/6.5.7 Language/zh_CN webview/15183560452705631 webdebugger port/9974',
  'accept' => 'text/html,application/xhtml+xml,application/xml;q=0.9,image/webp,image/apng,*/*;q=0.8',
  'accept-encoding' => 'gzip, deflate',
  'accept-language' => 'zh-CN,zh;q=0.8',
  'cookie' => 'PHPSESSID=ae9uteem95623r5scfo89p0qg4',
)
[ info ] [ PARAM ] array (
)
[ info ] [ SESSION ] INIT array (
  'id' => '',
  'var_session_id' => '',
  'prefix' => 'think',
  'type' => '',
  'auto_start' => true,
)
[ info ] [ DB ] INIT mysql
[ info ] [ RUN ] app\index\controller\Index->index[ /Users/d/Desktop/php/niuniu/application/index/controller/Index.php ]
[ info ] [ LOG ] INIT File
[ sql ] [ DB ] CONNECT:[ UseTime:0.000464s ] mysql:dbname=niu;host=127.0.0.1;port=3306;charset=utf8
[ sql ] [ SQL ] SHOW COLUMNS FROM `t_nav` [ RunTime:0.001848s ]
[ sql ] [ SQL ] SELECT * FROM `t_nav` WHERE  `pid` = 0 ORDER BY `sort` [ RunTime:0.000257s ]
[ sql ] [ SQL ] SELECT * FROM `t_nav` WHERE  `pid` = 1 ORDER BY `sort` [ RunTime:0.000221s ]
[ sql ] [ SQL ] SELECT * FROM `t_nav` WHERE  `pid` = 2 ORDER BY `sort` [ RunTime:0.000190s ]
[ sql ] [ SQL ] SELECT * FROM `t_nav` WHERE  `pid` = 3 ORDER BY `sort` [ RunTime:0.000167s ]
[ sql ] [ SQL ] SELECT * FROM `t_nav` WHERE  `pid` = 5 ORDER BY `sort` [ RunTime:0.000170s ]
[ sql ] [ SQL ] SELECT * FROM `t_nav` WHERE  `pid` = 6 ORDER BY `sort` [ RunTime:0.000177s ]
[ sql ] [ SQL ] SELECT * FROM `t_nav` WHERE  `pid` = 4 ORDER BY `sort` [ RunTime:0.000170s ]
[ sql ] [ SQL ] SHOW COLUMNS FROM `t_ad` [ RunTime:0.001134s ]
[ sql ] [ SQL ] SELECT * FROM `t_ad` WHERE  `status` = 1 [ RunTime:0.000172s ]
[ sql ] [ SQL ] SHOW COLUMNS FROM `t_product` [ RunTime:0.001322s ]
[ sql ] [ SQL ] SELECT * FROM `t_product` WHERE  `is_top` = 1 LIMIT 2 [ RunTime:0.000304s ]
[ sql ] [ SQL ] SELECT * FROM `t_product` WHERE  `is_rec` = 1 LIMIT 3 [ RunTime:0.000184s ]
[ sql ] [ SQL ] SHOW COLUMNS FROM `t_category` [ RunTime:0.001110s ]
[ sql ] [ SQL ] SELECT * FROM `t_category` WHERE  `status` = 1  AND `pid` = 0 [ RunTime:0.000176s ]
[ sql ] [ SQL ] SELECT * FROM `t_category` WHERE  `status` = 1  AND `pid` = 0 LIMIT 5 [ RunTime:0.000167s ]
[ sql ] [ SQL ] SELECT * FROM `t_category` WHERE  `pid` = 348 [ RunTime:0.000171s ]
[ sql ] [ SQL ] SELECT * FROM `t_category` WHERE  `pid` = 353 [ RunTime:0.000165s ]
[ sql ] [ SQL ] SELECT * FROM `t_category` WHERE  `pid` = 354 [ RunTime:0.000157s ]
[ sql ] [ SQL ] SELECT * FROM `t_category` WHERE  `pid` = 355 [ RunTime:0.000155s ]
[ sql ] [ SQL ] SELECT * FROM `t_product` WHERE  `status` = 1  AND `category_id` IN (353,354,355,348) LIMIT 8 [ RunTime:0.000247s ]
[ sql ] [ SQL ] SELECT * FROM `t_category` WHERE  `pid` = 356 [ RunTime:0.000151s ]
[ sql ] [ SQL ] SELECT * FROM `t_product` WHERE  `status` = 1  AND `category_id` IN (356) LIMIT 8 [ RunTime:0.000254s ]

---------------------------------------------------------------
[ 2018-02-11T21:52:41+08:00 ] 127.0.0.1 127.0.0.1 GET /
[ log ] niuniu.cc/ [运行时间：0.042223s][吞吐率：23.68req/s] [内存消耗：3,939.17kb] [文件加载：63]
[ info ] [ LANG ] /Users/d/Desktop/php/niuniu/thinkphp/lang/zh-cn.php
[ info ] [ BIND ] 'index'
[ info ] [ ROUTE ] array (
  'type' => 'module',
  'module' => 
  array (
    0 => 'index',
    1 => NULL,
    2 => NULL,
  ),
)
[ info ] [ HEADER ] array (
  'host' => 'niuniu.cc',
  'connection' => 'keep-alive',
  'cache-control' => 'max-age=0',
  'upgrade-insecure-requests' => '1',
  'user-agent' => 'Mozilla/5.0 (iPhone; CPU iPhone OS 9_1 like Mac OS X) AppleWebKit/601.1.46 (KHTML, like Gecko) Version/9.0 Mobile/13B143 Safari/601.1 wechatdevtools/1.02.1801081 MicroMessenger/6.5.7 Language/zh_CN webview/15183560452705631 webdebugger port/9974',
  'accept' => 'text/html,application/xhtml+xml,application/xml;q=0.9,image/webp,image/apng,*/*;q=0.8',
  'accept-encoding' => 'gzip, deflate',
  'accept-language' => 'zh-CN,zh;q=0.8',
  'cookie' => 'PHPSESSID=ae9uteem95623r5scfo89p0qg4',
)
[ info ] [ PARAM ] array (
)
[ info ] [ SESSION ] INIT array (
  'id' => '',
  'var_session_id' => '',
  'prefix' => 'think',
  'type' => '',
  'auto_start' => true,
)
[ info ] [ DB ] INIT mysql
[ info ] [ RUN ] app\index\controller\Index->index[ /Users/d/Desktop/php/niuniu/application/index/controller/Index.php ]
[ info ] [ LOG ] INIT File
[ sql ] [ DB ] CONNECT:[ UseTime:0.000464s ] mysql:dbname=niu;host=127.0.0.1;port=3306;charset=utf8
[ sql ] [ SQL ] SHOW COLUMNS FROM `t_nav` [ RunTime:0.001610s ]
[ sql ] [ SQL ] SELECT * FROM `t_nav` WHERE  `pid` = 0 ORDER BY `sort` [ RunTime:0.000584s ]
[ sql ] [ SQL ] SELECT * FROM `t_nav` WHERE  `pid` = 1 ORDER BY `sort` [ RunTime:0.000237s ]
[ sql ] [ SQL ] SELECT * FROM `t_nav` WHERE  `pid` = 2 ORDER BY `sort` [ RunTime:0.000315s ]
[ sql ] [ SQL ] SELECT * FROM `t_nav` WHERE  `pid` = 3 ORDER BY `sort` [ RunTime:0.000200s ]
[ sql ] [ SQL ] SELECT * FROM `t_nav` WHERE  `pid` = 5 ORDER BY `sort` [ RunTime:0.000180s ]
[ sql ] [ SQL ] SELECT * FROM `t_nav` WHERE  `pid` = 6 ORDER BY `sort` [ RunTime:0.000176s ]
[ sql ] [ SQL ] SELECT * FROM `t_nav` WHERE  `pid` = 4 ORDER BY `sort` [ RunTime:0.000168s ]
[ sql ] [ SQL ] SHOW COLUMNS FROM `t_ad` [ RunTime:0.003600s ]
[ sql ] [ SQL ] SELECT * FROM `t_ad` WHERE  `status` = 1 [ RunTime:0.000203s ]
[ sql ] [ SQL ] SHOW COLUMNS FROM `t_product` [ RunTime:0.001196s ]
[ sql ] [ SQL ] SELECT * FROM `t_product` WHERE  `is_top` = 1 LIMIT 2 [ RunTime:0.000397s ]
[ sql ] [ SQL ] SELECT * FROM `t_product` WHERE  `is_rec` = 1 LIMIT 3 [ RunTime:0.000205s ]
[ sql ] [ SQL ] SHOW COLUMNS FROM `t_category` [ RunTime:0.001200s ]
[ sql ] [ SQL ] SELECT * FROM `t_category` WHERE  `status` = 1  AND `pid` = 0 [ RunTime:0.000176s ]
[ sql ] [ SQL ] SELECT * FROM `t_category` WHERE  `status` = 1  AND `pid` = 0 LIMIT 5 [ RunTime:0.000175s ]
[ sql ] [ SQL ] SELECT * FROM `t_category` WHERE  `pid` = 348 [ RunTime:0.000169s ]
[ sql ] [ SQL ] SELECT * FROM `t_category` WHERE  `pid` = 353 [ RunTime:0.000159s ]
[ sql ] [ SQL ] SELECT * FROM `t_category` WHERE  `pid` = 354 [ RunTime:0.000171s ]
[ sql ] [ SQL ] SELECT * FROM `t_category` WHERE  `pid` = 355 [ RunTime:0.000219s ]
[ sql ] [ SQL ] SELECT * FROM `t_product` WHERE  `status` = 1  AND `category_id` IN (353,354,355,348) LIMIT 8 [ RunTime:0.000286s ]
[ sql ] [ SQL ] SELECT * FROM `t_category` WHERE  `pid` = 356 [ RunTime:0.000200s ]
[ sql ] [ SQL ] SELECT * FROM `t_product` WHERE  `status` = 1  AND `category_id` IN (356) LIMIT 8 [ RunTime:0.000355s ]

---------------------------------------------------------------
[ 2018-02-11T21:54:11+08:00 ] 127.0.0.1 127.0.0.1 GET /game.php
[ log ] niuniu.cc/game.php [运行时间：0.014520s][吞吐率：68.87req/s] [内存消耗：2,534.70kb] [文件加载：57]
[ info ] [ LANG ] /Users/d/Desktop/php/niuniu/thinkphp/lang/zh-cn.php
[ info ] [ BIND ] 'game'
[ info ] [ ROUTE ] array (
  'type' => 'module',
  'module' => 
  array (
    0 => 'game',
    1 => NULL,
    2 => NULL,
  ),
)
[ info ] [ HEADER ] array (
  'host' => 'niuniu.cc',
  'connection' => 'keep-alive',
  'upgrade-insecure-requests' => '1',
  'user-agent' => 'Mozilla/5.0 (iPhone; CPU iPhone OS 9_1 like Mac OS X) AppleWebKit/601.1.46 (KHTML, like Gecko) Version/9.0 Mobile/13B143 Safari/601.1 wechatdevtools/1.02.1801081 MicroMessenger/6.5.7 Language/zh_CN webview/15183560452705631 webdebugger port/9974',
  'accept' => 'text/html,application/xhtml+xml,application/xml;q=0.9,image/webp,image/apng,*/*;q=0.8',
  'accept-encoding' => 'gzip, deflate',
  'accept-language' => 'zh-CN,zh;q=0.8',
  'cookie' => 'PHPSESSID=ae9uteem95623r5scfo89p0qg4',
)
[ info ] [ PARAM ] array (
)
[ info ] [ SESSION ] INIT array (
  'id' => '',
  'var_session_id' => '',
  'prefix' => 'think',
  'type' => '',
  'auto_start' => true,
)
[ info ] [ LOG ] INIT File

---------------------------------------------------------------
[ 2018-02-11T21:54:11+08:00 ] 127.0.0.1 127.0.0.1 GET /game.php/login/index.html
[ log ] niuniu.cc/game.php/login/index.html [运行时间：0.023564s][吞吐率：42.44req/s] [内存消耗：4,037.50kb] [文件加载：117]
[ info ] [ LANG ] /Users/d/Desktop/php/niuniu/thinkphp/lang/zh-cn.php
[ info ] [ BIND ] 'game'
[ info ] [ ROUTE ] array (
  'type' => 'module',
  'module' => 
  array (
    0 => 'game',
    1 => 'login',
    2 => 'index',
  ),
)
[ info ] [ HEADER ] array (
  'host' => 'niuniu.cc',
  'connection' => 'keep-alive',
  'upgrade-insecure-requests' => '1',
  'user-agent' => 'Mozilla/5.0 (iPhone; CPU iPhone OS 9_1 like Mac OS X) AppleWebKit/601.1.46 (KHTML, like Gecko) Version/9.0 Mobile/13B143 Safari/601.1 wechatdevtools/1.02.1801081 MicroMessenger/6.5.7 Language/zh_CN webview/15183560452705631 webdebugger port/9974',
  'accept' => 'text/html,application/xhtml+xml,application/xml;q=0.9,image/webp,image/apng,*/*;q=0.8',
  'accept-encoding' => 'gzip, deflate',
  'accept-language' => 'zh-CN,zh;q=0.8',
  'cookie' => 'PHPSESSID=ae9uteem95623r5scfo89p0qg4',
)
[ info ] [ PARAM ] array (
)
[ info ] [ RUN ] app\game\controller\Login->index[ /Users/d/Desktop/php/niuniu/application/game/controller/Login.php ]
[ info ] [ LOG ] INIT File

---------------------------------------------------------------
[ 2018-02-11T21:56:46+08:00 ] 127.0.0.1 127.0.0.1 GET /game.php/login/weixinloginback.html?code=081bRAzp1wGuPq0uZwCp1qLyzp1bRAza&state=edaf9010e5ed8376c104c86a06a6f229
[ log ] niuniu.cc/game.php/login/weixinloginback.html?code=081bRAzp1wGuPq0uZwCp1qLyzp1bRAza&state=edaf9010e5ed8376c104c86a06a6f229 [运行时间：0.814721s][吞吐率：1.23req/s] [内存消耗：6,386.41kb] [文件加载：161]
[ info ] [ LANG ] /Users/d/Desktop/php/niuniu/thinkphp/lang/zh-cn.php
[ info ] [ BIND ] 'game'
[ info ] [ ROUTE ] array (
  'type' => 'module',
  'module' => 
  array (
    0 => 'game',
    1 => 'login',
    2 => 'weixinloginback',
  ),
)
[ info ] [ HEADER ] array (
  'host' => 'niuniu.cc',
  'connection' => 'keep-alive',
  'cache-control' => 'max-age=0',
  'upgrade-insecure-requests' => '1',
  'user-agent' => 'Mozilla/5.0 (iPhone; CPU iPhone OS 9_1 like Mac OS X) AppleWebKit/601.1.46 (KHTML, like Gecko) Version/9.0 Mobile/13B143 Safari/601.1 wechatdevtools/1.02.1801081 MicroMessenger/6.5.7 Language/zh_CN webview/15183560452705631 webdebugger port/9974',
  'accept' => 'text/html,application/xhtml+xml,application/xml;q=0.9,image/webp,image/apng,*/*;q=0.8',
  'accept-encoding' => 'gzip, deflate',
  'accept-language' => 'zh-CN,zh;q=0.8',
  'cookie' => 'PHPSESSID=ae9uteem95623r5scfo89p0qg4',
)
[ info ] [ PARAM ] array (
  'code' => '081bRAzp1wGuPq0uZwCp1qLyzp1bRAza',
  'state' => 'edaf9010e5ed8376c104c86a06a6f229',
)
[ info ] [ RUN ] app\game\controller\Login->weixinloginback[ /Users/d/Desktop/php/niuniu/application/game/controller/Login.php ]
[ info ] [ DB ] INIT mysql
[ info ] [ LOG ] INIT File
[ sql ] [ DB ] CONNECT:[ UseTime:0.000313s ] mysql:dbname=niu;host=127.0.0.1;port=3306;charset=utf8
[ sql ] [ SQL ] SHOW COLUMNS FROM `t_member` [ RunTime:0.023365s ]
[ sql ] [ SQL ] SELECT * FROM `t_member` WHERE  `openid` = 'ocFKkt_q2VGWGDIBqQDZRZP_tbcQ' LIMIT 1 [ RunTime:0.000427s ]
[ error ] [10501]SQLSTATE[HY000]: General error: 1364 Field 'pairet' doesn't have a default value[/Users/d/Desktop/php/niuniu/thinkphp/library/think/db/Connection.php:457]

---------------------------------------------------------------
[ 2018-02-11T21:59:00+08:00 ] 127.0.0.1 127.0.0.1 GET /game.php/login/weixinloginback.html?code=081bRAzp1wGuPq0uZwCp1qLyzp1bRAza&state=edaf9010e5ed8376c104c86a06a6f229
[ log ] niuniu.cc/game.php/login/weixinloginback.html?code=081bRAzp1wGuPq0uZwCp1qLyzp1bRAza&state=edaf9010e5ed8376c104c86a06a6f229 [运行时间：0.432987s][吞吐率：2.31req/s] [内存消耗：4,813.13kb] [文件加载：145]
[ info ] [ LANG ] /Users/d/Desktop/php/niuniu/thinkphp/lang/zh-cn.php
[ info ] [ BIND ] 'game'
[ info ] [ ROUTE ] array (
  'type' => 'module',
  'module' => 
  array (
    0 => 'game',
    1 => 'login',
    2 => 'weixinloginback',
  ),
)
[ info ] [ HEADER ] array (
  'host' => 'niuniu.cc',
  'connection' => 'keep-alive',
  'cache-control' => 'max-age=0',
  'upgrade-insecure-requests' => '1',
  'user-agent' => 'Mozilla/5.0 (iPhone; CPU iPhone OS 9_1 like Mac OS X) AppleWebKit/601.1.46 (KHTML, like Gecko) Version/9.0 Mobile/13B143 Safari/601.1 wechatdevtools/1.02.1801081 MicroMessenger/6.5.7 Language/zh_CN webview/15183560452705631 webdebugger port/9974',
  'accept' => 'text/html,application/xhtml+xml,application/xml;q=0.9,image/webp,image/apng,*/*;q=0.8',
  'accept-encoding' => 'gzip, deflate',
  'accept-language' => 'zh-CN,zh;q=0.8',
  'cookie' => 'PHPSESSID=ae9uteem95623r5scfo89p0qg4',
)
[ info ] [ PARAM ] array (
  'code' => '081bRAzp1wGuPq0uZwCp1qLyzp1bRAza',
  'state' => 'edaf9010e5ed8376c104c86a06a6f229',
)
[ info ] [ RUN ] app\game\controller\Login->weixinloginback[ /Users/d/Desktop/php/niuniu/application/game/controller/Login.php ]
[ info ] [ LOG ] INIT File
[ error ] [-1]Authorize Failed: {"errcode":40163,"errmsg":"code been used, hints: [ req_id: 2rNvkA0540th50 ]"}[/Users/d/Desktop/php/niuniu/vendor/overtrue/socialite/src/Providers/AbstractProvider.php:417]

---------------------------------------------------------------
[ 2018-02-11T22:00:11+08:00 ] 127.0.0.1 127.0.0.1 GET /
[ log ] niuniu.cc/ [运行时间：0.061081s][吞吐率：16.37req/s] [内存消耗：3,939.13kb] [文件加载：63]
[ info ] [ LANG ] /Users/d/Desktop/php/niuniu/thinkphp/lang/zh-cn.php
[ info ] [ BIND ] 'index'
[ info ] [ ROUTE ] array (
  'type' => 'module',
  'module' => 
  array (
    0 => 'index',
    1 => NULL,
    2 => NULL,
  ),
)
[ info ] [ HEADER ] array (
  'host' => 'niuniu.cc',
  'connection' => 'keep-alive',
  'upgrade-insecure-requests' => '1',
  'user-agent' => 'Mozilla/5.0 (iPhone; CPU iPhone OS 9_1 like Mac OS X) AppleWebKit/601.1.46 (KHTML, like Gecko) Version/9.0 Mobile/13B143 Safari/601.1 wechatdevtools/1.02.1801081 MicroMessenger/6.5.7 Language/zh_CN webview/15183560452705631 webdebugger port/9974',
  'accept' => 'text/html,application/xhtml+xml,application/xml;q=0.9,image/webp,image/apng,*/*;q=0.8',
  'accept-encoding' => 'gzip, deflate',
  'accept-language' => 'zh-CN,zh;q=0.8',
  'cookie' => 'PHPSESSID=ae9uteem95623r5scfo89p0qg4',
)
[ info ] [ PARAM ] array (
)
[ info ] [ SESSION ] INIT array (
  'id' => '',
  'var_session_id' => '',
  'prefix' => 'think',
  'type' => '',
  'auto_start' => true,
)
[ info ] [ DB ] INIT mysql
[ info ] [ RUN ] app\index\controller\Index->index[ /Users/d/Desktop/php/niuniu/application/index/controller/Index.php ]
[ info ] [ LOG ] INIT File
[ sql ] [ DB ] CONNECT:[ UseTime:0.000468s ] mysql:dbname=niu;host=127.0.0.1;port=3306;charset=utf8
[ sql ] [ SQL ] SHOW COLUMNS FROM `t_nav` [ RunTime:0.022994s ]
[ sql ] [ SQL ] SELECT * FROM `t_nav` WHERE  `pid` = 0 ORDER BY `sort` [ RunTime:0.000293s ]
[ sql ] [ SQL ] SELECT * FROM `t_nav` WHERE  `pid` = 1 ORDER BY `sort` [ RunTime:0.000195s ]
[ sql ] [ SQL ] SELECT * FROM `t_nav` WHERE  `pid` = 2 ORDER BY `sort` [ RunTime:0.000200s ]
[ sql ] [ SQL ] SELECT * FROM `t_nav` WHERE  `pid` = 3 ORDER BY `sort` [ RunTime:0.000170s ]
[ sql ] [ SQL ] SELECT * FROM `t_nav` WHERE  `pid` = 5 ORDER BY `sort` [ RunTime:0.000170s ]
[ sql ] [ SQL ] SELECT * FROM `t_nav` WHERE  `pid` = 6 ORDER BY `sort` [ RunTime:0.000169s ]
[ sql ] [ SQL ] SELECT * FROM `t_nav` WHERE  `pid` = 4 ORDER BY `sort` [ RunTime:0.000162s ]
[ sql ] [ SQL ] SHOW COLUMNS FROM `t_ad` [ RunTime:0.001180s ]
[ sql ] [ SQL ] SELECT * FROM `t_ad` WHERE  `status` = 1 [ RunTime:0.000174s ]
[ sql ] [ SQL ] SHOW COLUMNS FROM `t_product` [ RunTime:0.001221s ]
[ sql ] [ SQL ] SELECT * FROM `t_product` WHERE  `is_top` = 1 LIMIT 2 [ RunTime:0.000302s ]
[ sql ] [ SQL ] SELECT * FROM `t_product` WHERE  `is_rec` = 1 LIMIT 3 [ RunTime:0.000196s ]
[ sql ] [ SQL ] SHOW COLUMNS FROM `t_category` [ RunTime:0.001139s ]
[ sql ] [ SQL ] SELECT * FROM `t_category` WHERE  `status` = 1  AND `pid` = 0 [ RunTime:0.000175s ]
[ sql ] [ SQL ] SELECT * FROM `t_category` WHERE  `status` = 1  AND `pid` = 0 LIMIT 5 [ RunTime:0.000166s ]
[ sql ] [ SQL ] SELECT * FROM `t_category` WHERE  `pid` = 348 [ RunTime:0.000278s ]
[ sql ] [ SQL ] SELECT * FROM `t_category` WHERE  `pid` = 353 [ RunTime:0.000158s ]
[ sql ] [ SQL ] SELECT * FROM `t_category` WHERE  `pid` = 354 [ RunTime:0.000160s ]
[ sql ] [ SQL ] SELECT * FROM `t_category` WHERE  `pid` = 355 [ RunTime:0.000158s ]
[ sql ] [ SQL ] SELECT * FROM `t_product` WHERE  `status` = 1  AND `category_id` IN (353,354,355,348) LIMIT 8 [ RunTime:0.000246s ]
[ sql ] [ SQL ] SELECT * FROM `t_category` WHERE  `pid` = 356 [ RunTime:0.000148s ]
[ sql ] [ SQL ] SELECT * FROM `t_product` WHERE  `status` = 1  AND `category_id` IN (356) LIMIT 8 [ RunTime:0.000198s ]

---------------------------------------------------------------
[ 2018-02-11T22:00:38+08:00 ] 127.0.0.1 127.0.0.1 GET /game.php
[ log ] niuniu.cc/game.php [运行时间：0.021865s][吞吐率：45.74req/s] [内存消耗：2,534.70kb] [文件加载：57]
[ info ] [ LANG ] /Users/d/Desktop/php/niuniu/thinkphp/lang/zh-cn.php
[ info ] [ BIND ] 'game'
[ info ] [ ROUTE ] array (
  'type' => 'module',
  'module' => 
  array (
    0 => 'game',
    1 => NULL,
    2 => NULL,
  ),
)
[ info ] [ HEADER ] array (
  'host' => 'niuniu.cc',
  'connection' => 'keep-alive',
  'upgrade-insecure-requests' => '1',
  'user-agent' => 'Mozilla/5.0 (iPhone; CPU iPhone OS 9_1 like Mac OS X) AppleWebKit/601.1.46 (KHTML, like Gecko) Version/9.0 Mobile/13B143 Safari/601.1 wechatdevtools/1.02.1801081 MicroMessenger/6.5.7 Language/zh_CN webview/15183560452705631 webdebugger port/9974',
  'accept' => 'text/html,application/xhtml+xml,application/xml;q=0.9,image/webp,image/apng,*/*;q=0.8',
  'accept-encoding' => 'gzip, deflate',
  'accept-language' => 'zh-CN,zh;q=0.8',
  'cookie' => 'PHPSESSID=ae9uteem95623r5scfo89p0qg4',
)
[ info ] [ PARAM ] array (
)
[ info ] [ SESSION ] INIT array (
  'id' => '',
  'var_session_id' => '',
  'prefix' => 'think',
  'type' => '',
  'auto_start' => true,
)
[ info ] [ LOG ] INIT File

---------------------------------------------------------------
[ 2018-02-11T22:00:38+08:00 ] 127.0.0.1 127.0.0.1 GET /game.php/login/index.html
[ log ] niuniu.cc/game.php/login/index.html [运行时间：0.028001s][吞吐率：35.71req/s] [内存消耗：4,038.00kb] [文件加载：117]
[ info ] [ LANG ] /Users/d/Desktop/php/niuniu/thinkphp/lang/zh-cn.php
[ info ] [ BIND ] 'game'
[ info ] [ ROUTE ] array (
  'type' => 'module',
  'module' => 
  array (
    0 => 'game',
    1 => 'login',
    2 => 'index',
  ),
)
[ info ] [ HEADER ] array (
  'host' => 'niuniu.cc',
  'connection' => 'keep-alive',
  'upgrade-insecure-requests' => '1',
  'user-agent' => 'Mozilla/5.0 (iPhone; CPU iPhone OS 9_1 like Mac OS X) AppleWebKit/601.1.46 (KHTML, like Gecko) Version/9.0 Mobile/13B143 Safari/601.1 wechatdevtools/1.02.1801081 MicroMessenger/6.5.7 Language/zh_CN webview/15183560452705631 webdebugger port/9974',
  'accept' => 'text/html,application/xhtml+xml,application/xml;q=0.9,image/webp,image/apng,*/*;q=0.8',
  'accept-encoding' => 'gzip, deflate',
  'accept-language' => 'zh-CN,zh;q=0.8',
  'cookie' => 'PHPSESSID=ae9uteem95623r5scfo89p0qg4',
)
[ info ] [ PARAM ] array (
)
[ info ] [ RUN ] app\game\controller\Login->index[ /Users/d/Desktop/php/niuniu/application/game/controller/Login.php ]
[ info ] [ LOG ] INIT File

---------------------------------------------------------------
[ 2018-02-11T22:00:41+08:00 ] 127.0.0.1 127.0.0.1 GET /game.php/login/weixinloginback.html?code=081C0csX1YBZ1T0ls4rX1hfpsX1C0csM&state=567deedf69694e0393e255861fa04d16
[ log ] niuniu.cc/game.php/login/weixinloginback.html?code=081C0csX1YBZ1T0ls4rX1hfpsX1C0csM&state=567deedf69694e0393e255861fa04d16 [运行时间：0.737304s][吞吐率：1.36req/s] [内存消耗：6,384.70kb] [文件加载：161]
[ info ] [ LANG ] /Users/d/Desktop/php/niuniu/thinkphp/lang/zh-cn.php
[ info ] [ BIND ] 'game'
[ info ] [ ROUTE ] array (
  'type' => 'module',
  'module' => 
  array (
    0 => 'game',
    1 => 'login',
    2 => 'weixinloginback',
  ),
)
[ info ] [ HEADER ] array (
  'host' => 'niuniu.cc',
  'connection' => 'keep-alive',
  'upgrade-insecure-requests' => '1',
  'user-agent' => 'Mozilla/5.0 (iPhone; CPU iPhone OS 9_1 like Mac OS X) AppleWebKit/601.1.46 (KHTML, like Gecko) Version/9.0 Mobile/13B143 Safari/601.1 wechatdevtools/1.02.1801081 MicroMessenger/6.5.7 Language/zh_CN webview/15183560452705631 webdebugger port/9974',
  'accept' => 'text/html,application/xhtml+xml,application/xml;q=0.9,image/webp,image/apng,*/*;q=0.8',
  'accept-encoding' => 'gzip, deflate',
  'accept-language' => 'zh-CN,zh;q=0.8',
  'cookie' => 'PHPSESSID=ae9uteem95623r5scfo89p0qg4',
)
[ info ] [ PARAM ] array (
  'code' => '081C0csX1YBZ1T0ls4rX1hfpsX1C0csM',
  'state' => '567deedf69694e0393e255861fa04d16',
)
[ info ] [ RUN ] app\game\controller\Login->weixinloginback[ /Users/d/Desktop/php/niuniu/application/game/controller/Login.php ]
[ info ] [ DB ] INIT mysql
[ info ] [ LOG ] INIT File
[ sql ] [ DB ] CONNECT:[ UseTime:0.000323s ] mysql:dbname=niu;host=127.0.0.1;port=3306;charset=utf8
[ sql ] [ SQL ] SHOW COLUMNS FROM `t_member` [ RunTime:0.022585s ]
[ sql ] [ SQL ] SELECT * FROM `t_member` WHERE  `openid` = 'ocFKkt_q2VGWGDIBqQDZRZP_tbcQ' LIMIT 1 [ RunTime:0.000438s ]
[ error ] [10501]SQLSTATE[HY000]: General error: 1364 Field 'tanpai' doesn't have a default value[/Users/d/Desktop/php/niuniu/thinkphp/library/think/db/Connection.php:457]

---------------------------------------------------------------
[ 2018-02-11T22:02:49+08:00 ] 127.0.0.1 127.0.0.1 GET /game.php/login/weixinloginback.html?code=081C0csX1YBZ1T0ls4rX1hfpsX1C0csM&state=567deedf69694e0393e255861fa04d16
[ log ] niuniu.cc/game.php/login/weixinloginback.html?code=081C0csX1YBZ1T0ls4rX1hfpsX1C0csM&state=567deedf69694e0393e255861fa04d16 [运行时间：0.358586s][吞吐率：2.79req/s] [内存消耗：4,813.13kb] [文件加载：145]
[ info ] [ LANG ] /Users/d/Desktop/php/niuniu/thinkphp/lang/zh-cn.php
[ info ] [ BIND ] 'game'
[ info ] [ ROUTE ] array (
  'type' => 'module',
  'module' => 
  array (
    0 => 'game',
    1 => 'login',
    2 => 'weixinloginback',
  ),
)
[ info ] [ HEADER ] array (
  'host' => 'niuniu.cc',
  'connection' => 'keep-alive',
  'cache-control' => 'max-age=0',
  'upgrade-insecure-requests' => '1',
  'user-agent' => 'Mozilla/5.0 (iPhone; CPU iPhone OS 9_1 like Mac OS X) AppleWebKit/601.1.46 (KHTML, like Gecko) Version/9.0 Mobile/13B143 Safari/601.1 wechatdevtools/1.02.1801081 MicroMessenger/6.5.7 Language/zh_CN webview/15183560452705631 webdebugger port/9974',
  'accept' => 'text/html,application/xhtml+xml,application/xml;q=0.9,image/webp,image/apng,*/*;q=0.8',
  'accept-encoding' => 'gzip, deflate',
  'accept-language' => 'zh-CN,zh;q=0.8',
  'cookie' => 'PHPSESSID=ae9uteem95623r5scfo89p0qg4',
)
[ info ] [ PARAM ] array (
  'code' => '081C0csX1YBZ1T0ls4rX1hfpsX1C0csM',
  'state' => '567deedf69694e0393e255861fa04d16',
)
[ info ] [ RUN ] app\game\controller\Login->weixinloginback[ /Users/d/Desktop/php/niuniu/application/game/controller/Login.php ]
[ info ] [ LOG ] INIT File
[ error ] [-1]Authorize Failed: {"errcode":40163,"errmsg":"code been used, hints: [ req_id: w19RIA0769th31 ]"}[/Users/d/Desktop/php/niuniu/vendor/overtrue/socialite/src/Providers/AbstractProvider.php:417]

---------------------------------------------------------------
[ 2018-02-11T22:02:50+08:00 ] 127.0.0.1 127.0.0.1 GET /game.php/login/weixinloginback.html?code=081C0csX1YBZ1T0ls4rX1hfpsX1C0csM&state=567deedf69694e0393e255861fa04d16
[ log ] niuniu.cc/game.php/login/weixinloginback.html?code=081C0csX1YBZ1T0ls4rX1hfpsX1C0csM&state=567deedf69694e0393e255861fa04d16 [运行时间：0.356314s][吞吐率：2.81req/s] [内存消耗：4,813.13kb] [文件加载：145]
[ info ] [ LANG ] /Users/d/Desktop/php/niuniu/thinkphp/lang/zh-cn.php
[ info ] [ BIND ] 'game'
[ info ] [ ROUTE ] array (
  'type' => 'module',
  'module' => 
  array (
    0 => 'game',
    1 => 'login',
    2 => 'weixinloginback',
  ),
)
[ info ] [ HEADER ] array (
  'host' => 'niuniu.cc',
  'connection' => 'keep-alive',
  'cache-control' => 'max-age=0',
  'upgrade-insecure-requests' => '1',
  'user-agent' => 'Mozilla/5.0 (iPhone; CPU iPhone OS 9_1 like Mac OS X) AppleWebKit/601.1.46 (KHTML, like Gecko) Version/9.0 Mobile/13B143 Safari/601.1 wechatdevtools/1.02.1801081 MicroMessenger/6.5.7 Language/zh_CN webview/15183560452705631 webdebugger port/9974',
  'accept' => 'text/html,application/xhtml+xml,application/xml;q=0.9,image/webp,image/apng,*/*;q=0.8',
  'accept-encoding' => 'gzip, deflate',
  'accept-language' => 'zh-CN,zh;q=0.8',
  'cookie' => 'PHPSESSID=ae9uteem95623r5scfo89p0qg4',
)
[ info ] [ PARAM ] array (
  'code' => '081C0csX1YBZ1T0ls4rX1hfpsX1C0csM',
  'state' => '567deedf69694e0393e255861fa04d16',
)
[ info ] [ RUN ] app\game\controller\Login->weixinloginback[ /Users/d/Desktop/php/niuniu/application/game/controller/Login.php ]
[ info ] [ LOG ] INIT File
[ error ] [-1]Authorize Failed: {"errcode":40163,"errmsg":"code been used, hints: [ req_id: HV71Qa0770th27 ]"}[/Users/d/Desktop/php/niuniu/vendor/overtrue/socialite/src/Providers/AbstractProvider.php:417]

---------------------------------------------------------------
[ 2018-02-11T22:03:19+08:00 ] 127.0.0.1 127.0.0.1 GET /
[ log ] niuniu.cc/ [运行时间：0.059953s][吞吐率：16.68req/s] [内存消耗：3,939.13kb] [文件加载：63]
[ info ] [ LANG ] /Users/d/Desktop/php/niuniu/thinkphp/lang/zh-cn.php
[ info ] [ BIND ] 'index'
[ info ] [ ROUTE ] array (
  'type' => 'module',
  'module' => 
  array (
    0 => 'index',
    1 => NULL,
    2 => NULL,
  ),
)
[ info ] [ HEADER ] array (
  'host' => 'niuniu.cc',
  'connection' => 'keep-alive',
  'upgrade-insecure-requests' => '1',
  'user-agent' => 'Mozilla/5.0 (iPhone; CPU iPhone OS 9_1 like Mac OS X) AppleWebKit/601.1.46 (KHTML, like Gecko) Version/9.0 Mobile/13B143 Safari/601.1 wechatdevtools/1.02.1801081 MicroMessenger/6.5.7 Language/zh_CN webview/15183560452705631 webdebugger port/9974',
  'accept' => 'text/html,application/xhtml+xml,application/xml;q=0.9,image/webp,image/apng,*/*;q=0.8',
  'accept-encoding' => 'gzip, deflate',
  'accept-language' => 'zh-CN,zh;q=0.8',
  'cookie' => 'PHPSESSID=ae9uteem95623r5scfo89p0qg4',
)
[ info ] [ PARAM ] array (
)
[ info ] [ SESSION ] INIT array (
  'id' => '',
  'var_session_id' => '',
  'prefix' => 'think',
  'type' => '',
  'auto_start' => true,
)
[ info ] [ DB ] INIT mysql
[ info ] [ RUN ] app\index\controller\Index->index[ /Users/d/Desktop/php/niuniu/application/index/controller/Index.php ]
[ info ] [ LOG ] INIT File
[ sql ] [ DB ] CONNECT:[ UseTime:0.000478s ] mysql:dbname=niu;host=127.0.0.1;port=3306;charset=utf8
[ sql ] [ SQL ] SHOW COLUMNS FROM `t_nav` [ RunTime:0.023378s ]
[ sql ] [ SQL ] SELECT * FROM `t_nav` WHERE  `pid` = 0 ORDER BY `sort` [ RunTime:0.000317s ]
[ sql ] [ SQL ] SELECT * FROM `t_nav` WHERE  `pid` = 1 ORDER BY `sort` [ RunTime:0.000189s ]
[ sql ] [ SQL ] SELECT * FROM `t_nav` WHERE  `pid` = 2 ORDER BY `sort` [ RunTime:0.000187s ]
[ sql ] [ SQL ] SELECT * FROM `t_nav` WHERE  `pid` = 3 ORDER BY `sort` [ RunTime:0.000173s ]
[ sql ] [ SQL ] SELECT * FROM `t_nav` WHERE  `pid` = 5 ORDER BY `sort` [ RunTime:0.000169s ]
[ sql ] [ SQL ] SELECT * FROM `t_nav` WHERE  `pid` = 6 ORDER BY `sort` [ RunTime:0.000163s ]
[ sql ] [ SQL ] SELECT * FROM `t_nav` WHERE  `pid` = 4 ORDER BY `sort` [ RunTime:0.000162s ]
[ sql ] [ SQL ] SHOW COLUMNS FROM `t_ad` [ RunTime:0.001181s ]
[ sql ] [ SQL ] SELECT * FROM `t_ad` WHERE  `status` = 1 [ RunTime:0.000161s ]
[ sql ] [ SQL ] SHOW COLUMNS FROM `t_product` [ RunTime:0.001247s ]
[ sql ] [ SQL ] SELECT * FROM `t_product` WHERE  `is_top` = 1 LIMIT 2 [ RunTime:0.000321s ]
[ sql ] [ SQL ] SELECT * FROM `t_product` WHERE  `is_rec` = 1 LIMIT 3 [ RunTime:0.000187s ]
[ sql ] [ SQL ] SHOW COLUMNS FROM `t_category` [ RunTime:0.001254s ]
[ sql ] [ SQL ] SELECT * FROM `t_category` WHERE  `status` = 1  AND `pid` = 0 [ RunTime:0.000188s ]
[ sql ] [ SQL ] SELECT * FROM `t_category` WHERE  `status` = 1  AND `pid` = 0 LIMIT 5 [ RunTime:0.000172s ]
[ sql ] [ SQL ] SELECT * FROM `t_category` WHERE  `pid` = 348 [ RunTime:0.000186s ]
[ sql ] [ SQL ] SELECT * FROM `t_category` WHERE  `pid` = 353 [ RunTime:0.000247s ]
[ sql ] [ SQL ] SELECT * FROM `t_category` WHERE  `pid` = 354 [ RunTime:0.000170s ]
[ sql ] [ SQL ] SELECT * FROM `t_category` WHERE  `pid` = 355 [ RunTime:0.000159s ]
[ sql ] [ SQL ] SELECT * FROM `t_product` WHERE  `status` = 1  AND `category_id` IN (353,354,355,348) LIMIT 8 [ RunTime:0.000239s ]
[ sql ] [ SQL ] SELECT * FROM `t_category` WHERE  `pid` = 356 [ RunTime:0.000151s ]
[ sql ] [ SQL ] SELECT * FROM `t_product` WHERE  `status` = 1  AND `category_id` IN (356) LIMIT 8 [ RunTime:0.000209s ]

---------------------------------------------------------------
[ 2018-02-11T22:03:48+08:00 ] 127.0.0.1 127.0.0.1 GET /game.php
[ log ] niuniu.cc/game.php [运行时间：0.020497s][吞吐率：48.79req/s] [内存消耗：2,534.70kb] [文件加载：57]
[ info ] [ LANG ] /Users/d/Desktop/php/niuniu/thinkphp/lang/zh-cn.php
[ info ] [ BIND ] 'game'
[ info ] [ ROUTE ] array (
  'type' => 'module',
  'module' => 
  array (
    0 => 'game',
    1 => NULL,
    2 => NULL,
  ),
)
[ info ] [ HEADER ] array (
  'host' => 'niuniu.cc',
  'connection' => 'keep-alive',
  'upgrade-insecure-requests' => '1',
  'user-agent' => 'Mozilla/5.0 (iPhone; CPU iPhone OS 9_1 like Mac OS X) AppleWebKit/601.1.46 (KHTML, like Gecko) Version/9.0 Mobile/13B143 Safari/601.1 wechatdevtools/1.02.1801081 MicroMessenger/6.5.7 Language/zh_CN webview/15183560452705631 webdebugger port/9974',
  'accept' => 'text/html,application/xhtml+xml,application/xml;q=0.9,image/webp,image/apng,*/*;q=0.8',
  'accept-encoding' => 'gzip, deflate',
  'accept-language' => 'zh-CN,zh;q=0.8',
  'cookie' => 'PHPSESSID=ae9uteem95623r5scfo89p0qg4',
)
[ info ] [ PARAM ] array (
)
[ info ] [ SESSION ] INIT array (
  'id' => '',
  'var_session_id' => '',
  'prefix' => 'think',
  'type' => '',
  'auto_start' => true,
)
[ info ] [ LOG ] INIT File

---------------------------------------------------------------
[ 2018-02-11T22:03:48+08:00 ] 127.0.0.1 127.0.0.1 GET /game.php/login/index.html
[ log ] niuniu.cc/game.php/login/index.html [运行时间：0.026658s][吞吐率：37.51req/s] [内存消耗：4,037.50kb] [文件加载：117]
[ info ] [ LANG ] /Users/d/Desktop/php/niuniu/thinkphp/lang/zh-cn.php
[ info ] [ BIND ] 'game'
[ info ] [ ROUTE ] array (
  'type' => 'module',
  'module' => 
  array (
    0 => 'game',
    1 => 'login',
    2 => 'index',
  ),
)
[ info ] [ HEADER ] array (
  'host' => 'niuniu.cc',
  'connection' => 'keep-alive',
  'upgrade-insecure-requests' => '1',
  'user-agent' => 'Mozilla/5.0 (iPhone; CPU iPhone OS 9_1 like Mac OS X) AppleWebKit/601.1.46 (KHTML, like Gecko) Version/9.0 Mobile/13B143 Safari/601.1 wechatdevtools/1.02.1801081 MicroMessenger/6.5.7 Language/zh_CN webview/15183560452705631 webdebugger port/9974',
  'accept' => 'text/html,application/xhtml+xml,application/xml;q=0.9,image/webp,image/apng,*/*;q=0.8',
  'accept-encoding' => 'gzip, deflate',
  'accept-language' => 'zh-CN,zh;q=0.8',
  'cookie' => 'PHPSESSID=ae9uteem95623r5scfo89p0qg4',
)
[ info ] [ PARAM ] array (
)
[ info ] [ RUN ] app\game\controller\Login->index[ /Users/d/Desktop/php/niuniu/application/game/controller/Login.php ]
[ info ] [ LOG ] INIT File

---------------------------------------------------------------
[ 2018-02-11T22:03:51+08:00 ] 127.0.0.1 127.0.0.1 GET /game.php/login/weixinloginback.html?code=071R0MF70BvFKG19KDI70522G70R0MFn&state=046cce515c7f01488975bbbd21187e52
[ log ] niuniu.cc/game.php/login/weixinloginback.html?code=071R0MF70BvFKG19KDI70522G70R0MFn&state=046cce515c7f01488975bbbd21187e52 [运行时间：0.801470s][吞吐率：1.25req/s] [内存消耗：6,418.63kb] [文件加载：159]
[ info ] [ LANG ] /Users/d/Desktop/php/niuniu/thinkphp/lang/zh-cn.php
[ info ] [ BIND ] 'game'
[ info ] [ ROUTE ] array (
  'type' => 'module',
  'module' => 
  array (
    0 => 'game',
    1 => 'login',
    2 => 'weixinloginback',
  ),
)
[ info ] [ HEADER ] array (
  'host' => 'niuniu.cc',
  'connection' => 'keep-alive',
  'upgrade-insecure-requests' => '1',
  'user-agent' => 'Mozilla/5.0 (iPhone; CPU iPhone OS 9_1 like Mac OS X) AppleWebKit/601.1.46 (KHTML, like Gecko) Version/9.0 Mobile/13B143 Safari/601.1 wechatdevtools/1.02.1801081 MicroMessenger/6.5.7 Language/zh_CN webview/15183560452705631 webdebugger port/9974',
  'accept' => 'text/html,application/xhtml+xml,application/xml;q=0.9,image/webp,image/apng,*/*;q=0.8',
  'accept-encoding' => 'gzip, deflate',
  'accept-language' => 'zh-CN,zh;q=0.8',
  'cookie' => 'PHPSESSID=ae9uteem95623r5scfo89p0qg4',
)
[ info ] [ PARAM ] array (
  'code' => '071R0MF70BvFKG19KDI70522G70R0MFn',
  'state' => '046cce515c7f01488975bbbd21187e52',
)
[ info ] [ RUN ] app\game\controller\Login->weixinloginback[ /Users/d/Desktop/php/niuniu/application/game/controller/Login.php ]
[ info ] [ DB ] INIT mysql
[ info ] [ SESSION ] INIT array (
  'id' => '',
  'var_session_id' => '',
  'prefix' => 'think',
  'type' => '',
  'auto_start' => true,
)
[ info ] [ LOG ] INIT File
[ sql ] [ DB ] CONNECT:[ UseTime:0.000314s ] mysql:dbname=niu;host=127.0.0.1;port=3306;charset=utf8
[ sql ] [ SQL ] SHOW COLUMNS FROM `t_member` [ RunTime:0.022731s ]
[ sql ] [ SQL ] SELECT * FROM `t_member` WHERE  `openid` = 'ocFKkt_q2VGWGDIBqQDZRZP_tbcQ' LIMIT 1 [ RunTime:0.000422s ]
[ sql ] [ SQL ] INSERT INTO `t_member` (`openid` , `nickname` , `photo`) VALUES ('ocFKkt_q2VGWGDIBqQDZRZP_tbcQ' , '丁' , 'http://thirdwx.qlogo.cn/mmopen/vi_32/DYAIOgq83erPut5ZuJIdycZlaFysia7Yh0hUxumrFElsh3dZrBZYXk5yq7C03djY8UDYqR4oEDZEr9WGBmFRUMA/132') [ RunTime:0.000212s ]

---------------------------------------------------------------
[ 2018-02-11T22:03:51+08:00 ] 127.0.0.1 127.0.0.1 GET /game.php/index/index.html
[ log ] niuniu.cc/game.php/index/index.html [运行时间：0.014383s][吞吐率：69.53req/s] [内存消耗：2,456.37kb] [文件加载：56]
[ info ] [ LANG ] /Users/d/Desktop/php/niuniu/thinkphp/lang/zh-cn.php
[ info ] [ BIND ] 'game'
[ info ] [ ROUTE ] array (
  'type' => 'module',
  'module' => 
  array (
    0 => 'game',
    1 => 'index',
    2 => 'index',
  ),
)
[ info ] [ HEADER ] array (
  'host' => 'niuniu.cc',
  'connection' => 'keep-alive',
  'upgrade-insecure-requests' => '1',
  'user-agent' => 'Mozilla/5.0 (iPhone; CPU iPhone OS 9_1 like Mac OS X) AppleWebKit/601.1.46 (KHTML, like Gecko) Version/9.0 Mobile/13B143 Safari/601.1 wechatdevtools/1.02.1801081 MicroMessenger/6.5.7 Language/zh_CN webview/15183560452705631 webdebugger port/9974',
  'accept' => 'text/html,application/xhtml+xml,application/xml;q=0.9,image/webp,image/apng,*/*;q=0.8',
  'accept-encoding' => 'gzip, deflate',
  'accept-language' => 'zh-CN,zh;q=0.8',
  'cookie' => 'PHPSESSID=ae9uteem95623r5scfo89p0qg4',
)
[ info ] [ PARAM ] array (
)
[ info ] [ SESSION ] INIT array (
  'id' => '',
  'var_session_id' => '',
  'prefix' => 'think',
  'type' => '',
  'auto_start' => true,
)
[ info ] [ LOG ] INIT File

---------------------------------------------------------------
[ 2018-02-11T22:03:52+08:00 ] 127.0.0.1 127.0.0.1 GET /game.php
[ log ] niuniu.cc/game.php [运行时间：0.997590s][吞吐率：1.00req/s] [内存消耗：5,543.01kb] [文件加载：146]
[ info ] [ LANG ] /Users/d/Desktop/php/niuniu/thinkphp/lang/zh-cn.php
[ info ] [ BIND ] 'game'
[ info ] [ ROUTE ] array (
  'type' => 'module',
  'module' => 
  array (
    0 => 'game',
    1 => NULL,
    2 => NULL,
  ),
)
[ info ] [ HEADER ] array (
  'host' => 'niuniu.cc',
  'connection' => 'keep-alive',
  'upgrade-insecure-requests' => '1',
  'user-agent' => 'Mozilla/5.0 (iPhone; CPU iPhone OS 9_1 like Mac OS X) AppleWebKit/601.1.46 (KHTML, like Gecko) Version/9.0 Mobile/13B143 Safari/601.1 wechatdevtools/1.02.1801081 MicroMessenger/6.5.7 Language/zh_CN webview/15183560452705631 webdebugger port/9974',
  'accept' => 'text/html,application/xhtml+xml,application/xml;q=0.9,image/webp,image/apng,*/*;q=0.8',
  'accept-encoding' => 'gzip, deflate',
  'accept-language' => 'zh-CN,zh;q=0.8',
  'cookie' => 'PHPSESSID=ae9uteem95623r5scfo89p0qg4',
)
[ info ] [ PARAM ] array (
)
[ info ] [ SESSION ] INIT array (
  'id' => '',
  'var_session_id' => '',
  'prefix' => 'think',
  'type' => '',
  'auto_start' => true,
)
[ info ] [ DB ] INIT mysql
[ info ] [ RUN ] app\game\controller\Index->index[ /Users/d/Desktop/php/niuniu/application/game/controller/Index.php ]
[ info ] [ VIEW ] /Users/d/Desktop/php/niuniu/application/game/view/index/index.html [ array (
  0 => 'memberinfo',
  1 => 'jsconfig',
) ]
[ info ] [ LOG ] INIT File
[ sql ] [ DB ] CONNECT:[ UseTime:0.000331s ] mysql:dbname=niu;host=127.0.0.1;port=3306;charset=utf8
[ sql ] [ SQL ] SHOW COLUMNS FROM `t_member` [ RunTime:0.041822s ]
[ sql ] [ SQL ] SELECT * FROM `t_member` WHERE  `id` = 111 LIMIT 1 [ RunTime:0.000448s ]

---------------------------------------------------------------
[ 2018-02-11T22:04:13+08:00 ] 127.0.0.1 127.0.0.1 GET /
[ log ] niuniu.cc/ [运行时间：0.038525s][吞吐率：25.96req/s] [内存消耗：3,938.30kb] [文件加载：63]
[ info ] [ LANG ] /Users/d/Desktop/php/niuniu/thinkphp/lang/zh-cn.php
[ info ] [ BIND ] 'index'
[ info ] [ ROUTE ] array (
  'type' => 'module',
  'module' => 
  array (
    0 => 'index',
    1 => NULL,
    2 => NULL,
  ),
)
[ info ] [ HEADER ] array (
  'host' => 'niuniu.cc',
  'connection' => 'keep-alive',
  'user-agent' => 'Mozilla/5.0 (Macintosh; Intel Mac OS X 10_12_0) AppleWebKit/537.36 (KHTML, like Gecko) Chrome/63.0.3239.132 Safari/537.36',
  'upgrade-insecure-requests' => '1',
  'accept' => 'text/html,application/xhtml+xml,application/xml;q=0.9,image/webp,image/apng,*/*;q=0.8',
  'accept-encoding' => 'gzip, deflate',
  'accept-language' => 'zh-CN,zh;q=0.9,en;q=0.8',
)
[ info ] [ PARAM ] array (
)
[ info ] [ SESSION ] INIT array (
  'id' => '',
  'var_session_id' => '',
  'prefix' => 'think',
  'type' => '',
  'auto_start' => true,
)
[ info ] [ DB ] INIT mysql
[ info ] [ RUN ] app\index\controller\Index->index[ /Users/d/Desktop/php/niuniu/application/index/controller/Index.php ]
[ info ] [ LOG ] INIT File
[ sql ] [ DB ] CONNECT:[ UseTime:0.000477s ] mysql:dbname=niu;host=127.0.0.1;port=3306;charset=utf8
[ sql ] [ SQL ] SHOW COLUMNS FROM `t_nav` [ RunTime:0.001644s ]
[ sql ] [ SQL ] SELECT * FROM `t_nav` WHERE  `pid` = 0 ORDER BY `sort` [ RunTime:0.000259s ]
[ sql ] [ SQL ] SELECT * FROM `t_nav` WHERE  `pid` = 1 ORDER BY `sort` [ RunTime:0.000193s ]
[ sql ] [ SQL ] SELECT * FROM `t_nav` WHERE  `pid` = 2 ORDER BY `sort` [ RunTime:0.000200s ]
[ sql ] [ SQL ] SELECT * FROM `t_nav` WHERE  `pid` = 3 ORDER BY `sort` [ RunTime:0.000173s ]
[ sql ] [ SQL ] SELECT * FROM `t_nav` WHERE  `pid` = 5 ORDER BY `sort` [ RunTime:0.000178s ]
[ sql ] [ SQL ] SELECT * FROM `t_nav` WHERE  `pid` = 6 ORDER BY `sort` [ RunTime:0.000187s ]
[ sql ] [ SQL ] SELECT * FROM `t_nav` WHERE  `pid` = 4 ORDER BY `sort` [ RunTime:0.000251s ]
[ sql ] [ SQL ] SHOW COLUMNS FROM `t_ad` [ RunTime:0.001272s ]
[ sql ] [ SQL ] SELECT * FROM `t_ad` WHERE  `status` = 1 [ RunTime:0.000266s ]
[ sql ] [ SQL ] SHOW COLUMNS FROM `t_product` [ RunTime:0.001817s ]
[ sql ] [ SQL ] SELECT * FROM `t_product` WHERE  `is_top` = 1 LIMIT 2 [ RunTime:0.000310s ]
[ sql ] [ SQL ] SELECT * FROM `t_product` WHERE  `is_rec` = 1 LIMIT 3 [ RunTime:0.000196s ]
[ sql ] [ SQL ] SHOW COLUMNS FROM `t_category` [ RunTime:0.001588s ]
[ sql ] [ SQL ] SELECT * FROM `t_category` WHERE  `status` = 1  AND `pid` = 0 [ RunTime:0.000209s ]
[ sql ] [ SQL ] SELECT * FROM `t_category` WHERE  `status` = 1  AND `pid` = 0 LIMIT 5 [ RunTime:0.000169s ]
[ sql ] [ SQL ] SELECT * FROM `t_category` WHERE  `pid` = 348 [ RunTime:0.000172s ]
[ sql ] [ SQL ] SELECT * FROM `t_category` WHERE  `pid` = 353 [ RunTime:0.000164s ]
[ sql ] [ SQL ] SELECT * FROM `t_category` WHERE  `pid` = 354 [ RunTime:0.000157s ]
[ sql ] [ SQL ] SELECT * FROM `t_category` WHERE  `pid` = 355 [ RunTime:0.000154s ]
[ sql ] [ SQL ] SELECT * FROM `t_product` WHERE  `status` = 1  AND `category_id` IN (353,354,355,348) LIMIT 8 [ RunTime:0.000276s ]
[ sql ] [ SQL ] SELECT * FROM `t_category` WHERE  `pid` = 356 [ RunTime:0.000184s ]
[ sql ] [ SQL ] SELECT * FROM `t_product` WHERE  `status` = 1  AND `category_id` IN (356) LIMIT 8 [ RunTime:0.000202s ]

---------------------------------------------------------------
[ 2018-02-11T22:04:19+08:00 ] 127.0.0.1 127.0.0.1 GET /admin.php
[ log ] niuniu.cc/admin.php [运行时间：0.042960s][吞吐率：23.28req/s] [内存消耗：2,571.66kb] [文件加载：57]
[ info ] [ LANG ] /Users/d/Desktop/php/niuniu/thinkphp/lang/zh-cn.php
[ info ] [ BIND ] 'admin'
[ info ] [ ROUTE ] array (
  'type' => 'module',
  'module' => 
  array (
    0 => 'admin',
    1 => NULL,
    2 => NULL,
  ),
)
[ info ] [ HEADER ] array (
  'host' => 'niuniu.cc',
  'connection' => 'keep-alive',
  'user-agent' => 'Mozilla/5.0 (Macintosh; Intel Mac OS X 10_12_0) AppleWebKit/537.36 (KHTML, like Gecko) Chrome/63.0.3239.132 Safari/537.36',
  'upgrade-insecure-requests' => '1',
  'accept' => 'text/html,application/xhtml+xml,application/xml;q=0.9,image/webp,image/apng,*/*;q=0.8',
  'accept-encoding' => 'gzip, deflate',
  'accept-language' => 'zh-CN,zh;q=0.9,en;q=0.8',
  'cookie' => 'PHPSESSID=bmu6rpi9tdrd127ukbt0cfvtn5',
)
[ info ] [ PARAM ] array (
)
[ info ] [ SESSION ] INIT array (
  'id' => '',
  'var_session_id' => '',
  'prefix' => 'think',
  'type' => '',
  'auto_start' => true,
)
[ info ] [ LOG ] INIT File

---------------------------------------------------------------
[ 2018-02-11T22:04:19+08:00 ] 127.0.0.1 127.0.0.1 GET /admin.php/login/index.html
[ log ] niuniu.cc/admin.php/login/index.html [运行时间：0.020418s][吞吐率：48.98req/s] [内存消耗：2,499.19kb] [文件加载：55]
[ info ] [ LANG ] /Users/d/Desktop/php/niuniu/thinkphp/lang/zh-cn.php
[ info ] [ BIND ] 'admin'
[ info ] [ ROUTE ] array (
  'type' => 'module',
  'module' => 
  array (
    0 => 'admin',
    1 => 'login',
    2 => 'index',
  ),
)
[ info ] [ HEADER ] array (
  'host' => 'niuniu.cc',
  'connection' => 'keep-alive',
  'user-agent' => 'Mozilla/5.0 (Macintosh; Intel Mac OS X 10_12_0) AppleWebKit/537.36 (KHTML, like Gecko) Chrome/63.0.3239.132 Safari/537.36',
  'upgrade-insecure-requests' => '1',
  'accept' => 'text/html,application/xhtml+xml,application/xml;q=0.9,image/webp,image/apng,*/*;q=0.8',
  'accept-encoding' => 'gzip, deflate',
  'accept-language' => 'zh-CN,zh;q=0.9,en;q=0.8',
  'cookie' => 'PHPSESSID=bmu6rpi9tdrd127ukbt0cfvtn5',
)
[ info ] [ PARAM ] array (
)
[ info ] [ RUN ] app\admin\controller\Login->index[ /Users/d/Desktop/php/niuniu/application/admin/controller/Login.php ]
[ info ] [ SESSION ] INIT array (
  'id' => '',
  'var_session_id' => '',
  'prefix' => 'think',
  'type' => '',
  'auto_start' => true,
)
[ info ] [ VIEW ] /Users/d/Desktop/php/niuniu/application/admin/view/login/index.html [ array (
) ]
[ info ] [ LOG ] INIT File

---------------------------------------------------------------
[ 2018-02-11T22:04:19+08:00 ] 127.0.0.1 127.0.0.1 GET /admin.php/login/verify.html
[ log ] niuniu.cc/admin.php/login/verify.html [运行时间：0.237091s][吞吐率：4.22req/s] [内存消耗：2,491.76kb] [文件加载：54]
[ info ] [ LANG ] /Users/d/Desktop/php/niuniu/thinkphp/lang/zh-cn.php
[ info ] [ BIND ] 'admin'
[ info ] [ ROUTE ] array (
  'type' => 'module',
  'module' => 
  array (
    0 => 'admin',
    1 => 'login',
    2 => 'verify',
  ),
)
[ info ] [ HEADER ] array (
  'host' => 'niuniu.cc',
  'connection' => 'keep-alive',
  'user-agent' => 'Mozilla/5.0 (Macintosh; Intel Mac OS X 10_12_0) AppleWebKit/537.36 (KHTML, like Gecko) Chrome/63.0.3239.132 Safari/537.36',
  'accept' => 'image/webp,image/apng,image/*,*/*;q=0.8',
  'referer' => 'http://niuniu.cc/admin.php/login/index.html',
  'accept-encoding' => 'gzip, deflate',
  'accept-language' => 'zh-CN,zh;q=0.9,en;q=0.8',
  'cookie' => 'PHPSESSID=bmu6rpi9tdrd127ukbt0cfvtn5',
)
[ info ] [ PARAM ] array (
)
[ info ] [ RUN ] app\admin\controller\Login->verify[ /Users/d/Desktop/php/niuniu/application/admin/controller/Login.php ]
[ info ] [ SESSION ] INIT array (
  'id' => '',
  'var_session_id' => '',
  'prefix' => 'think',
  'type' => '',
  'auto_start' => true,
)
[ info ] [ LOG ] INIT File

---------------------------------------------------------------
[ 2018-02-11T22:04:19+08:00 ] 127.0.0.1 127.0.0.1 GET /admin.php/login/index.html
[ log ] niuniu.cc/admin.php/login/index.html [运行时间：0.015589s][吞吐率：64.15req/s] [内存消耗：2,499.35kb] [文件加载：55]
[ info ] [ LANG ] /Users/d/Desktop/php/niuniu/thinkphp/lang/zh-cn.php
[ info ] [ BIND ] 'admin'
[ info ] [ ROUTE ] array (
  'type' => 'module',
  'module' => 
  array (
    0 => 'admin',
    1 => 'login',
    2 => 'index',
  ),
)
[ info ] [ HEADER ] array (
  'host' => 'niuniu.cc',
  'connection' => 'keep-alive',
  'user-agent' => 'Mozilla/5.0 (Macintosh; Intel Mac OS X 10_12_0) AppleWebKit/537.36 (KHTML, like Gecko) Chrome/63.0.3239.132 Safari/537.36',
  'accept' => 'image/webp,image/apng,image/*,*/*;q=0.8',
  'referer' => 'http://niuniu.cc/admin.php/login/index.html',
  'accept-encoding' => 'gzip, deflate',
  'accept-language' => 'zh-CN,zh;q=0.9,en;q=0.8',
  'cookie' => 'PHPSESSID=bmu6rpi9tdrd127ukbt0cfvtn5',
)
[ info ] [ PARAM ] array (
)
[ info ] [ RUN ] app\admin\controller\Login->index[ /Users/d/Desktop/php/niuniu/application/admin/controller/Login.php ]
[ info ] [ SESSION ] INIT array (
  'id' => '',
  'var_session_id' => '',
  'prefix' => 'think',
  'type' => '',
  'auto_start' => true,
)
[ info ] [ VIEW ] /Users/d/Desktop/php/niuniu/application/admin/view/login/index.html [ array (
) ]
[ info ] [ LOG ] INIT File

---------------------------------------------------------------
[ 2018-02-11T22:04:33+08:00 ] 127.0.0.1 127.0.0.1 GET /admin.php/login/verify/rand/1518357873375.html
[ log ] niuniu.cc/admin.php/login/verify/rand/1518357873375.html [运行时间：0.066258s][吞吐率：15.09req/s] [内存消耗：2,492.84kb] [文件加载：54]
[ info ] [ LANG ] /Users/d/Desktop/php/niuniu/thinkphp/lang/zh-cn.php
[ info ] [ BIND ] 'admin'
[ info ] [ ROUTE ] array (
  'type' => 'module',
  'module' => 
  array (
    0 => 'admin',
    1 => 'login',
    2 => 'verify',
  ),
)
[ info ] [ HEADER ] array (
  'host' => 'niuniu.cc',
  'connection' => 'keep-alive',
  'user-agent' => 'Mozilla/5.0 (Macintosh; Intel Mac OS X 10_12_0) AppleWebKit/537.36 (KHTML, like Gecko) Chrome/63.0.3239.132 Safari/537.36',
  'accept' => 'image/webp,image/apng,image/*,*/*;q=0.8',
  'referer' => 'http://niuniu.cc/admin.php/login/index.html',
  'accept-encoding' => 'gzip, deflate',
  'accept-language' => 'zh-CN,zh;q=0.9,en;q=0.8',
  'cookie' => 'PHPSESSID=bmu6rpi9tdrd127ukbt0cfvtn5',
)
[ info ] [ PARAM ] array (
  'rand' => '1518357873375',
)
[ info ] [ RUN ] app\admin\controller\Login->verify[ /Users/d/Desktop/php/niuniu/application/admin/controller/Login.php ]
[ info ] [ SESSION ] INIT array (
  'id' => '',
  'var_session_id' => '',
  'prefix' => 'think',
  'type' => '',
  'auto_start' => true,
)
[ info ] [ LOG ] INIT File

---------------------------------------------------------------
[ 2018-02-11T22:04:35+08:00 ] 127.0.0.1 127.0.0.1 GET /admin.php/login/verify/rand/1518357875329.html
[ log ] niuniu.cc/admin.php/login/verify/rand/1518357875329.html [运行时间：0.063375s][吞吐率：15.78req/s] [内存消耗：2,492.84kb] [文件加载：54]
[ info ] [ LANG ] /Users/d/Desktop/php/niuniu/thinkphp/lang/zh-cn.php
[ info ] [ BIND ] 'admin'
[ info ] [ ROUTE ] array (
  'type' => 'module',
  'module' => 
  array (
    0 => 'admin',
    1 => 'login',
    2 => 'verify',
  ),
)
[ info ] [ HEADER ] array (
  'host' => 'niuniu.cc',
  'connection' => 'keep-alive',
  'user-agent' => 'Mozilla/5.0 (Macintosh; Intel Mac OS X 10_12_0) AppleWebKit/537.36 (KHTML, like Gecko) Chrome/63.0.3239.132 Safari/537.36',
  'accept' => 'image/webp,image/apng,image/*,*/*;q=0.8',
  'referer' => 'http://niuniu.cc/admin.php/login/index.html',
  'accept-encoding' => 'gzip, deflate',
  'accept-language' => 'zh-CN,zh;q=0.9,en;q=0.8',
  'cookie' => 'PHPSESSID=bmu6rpi9tdrd127ukbt0cfvtn5',
)
[ info ] [ PARAM ] array (
  'rand' => '1518357875329',
)
[ info ] [ RUN ] app\admin\controller\Login->verify[ /Users/d/Desktop/php/niuniu/application/admin/controller/Login.php ]
[ info ] [ SESSION ] INIT array (
  'id' => '',
  'var_session_id' => '',
  'prefix' => 'think',
  'type' => '',
  'auto_start' => true,
)
[ info ] [ LOG ] INIT File

---------------------------------------------------------------
[ 2018-02-11T22:04:39+08:00 ] 127.0.0.1 127.0.0.1 GET /admin.php/login/verify/rand/1518357879678.html
[ log ] niuniu.cc/admin.php/login/verify/rand/1518357879678.html [运行时间：0.061250s][吞吐率：16.33req/s] [内存消耗：2,492.79kb] [文件加载：54]
[ info ] [ LANG ] /Users/d/Desktop/php/niuniu/thinkphp/lang/zh-cn.php
[ info ] [ BIND ] 'admin'
[ info ] [ ROUTE ] array (
  'type' => 'module',
  'module' => 
  array (
    0 => 'admin',
    1 => 'login',
    2 => 'verify',
  ),
)
[ info ] [ HEADER ] array (
  'host' => 'niuniu.cc',
  'connection' => 'keep-alive',
  'user-agent' => 'Mozilla/5.0 (Macintosh; Intel Mac OS X 10_12_0) AppleWebKit/537.36 (KHTML, like Gecko) Chrome/63.0.3239.132 Safari/537.36',
  'accept' => 'image/webp,image/apng,image/*,*/*;q=0.8',
  'referer' => 'http://niuniu.cc/admin.php/login/index.html',
  'accept-encoding' => 'gzip, deflate',
  'accept-language' => 'zh-CN,zh;q=0.9,en;q=0.8',
  'cookie' => 'PHPSESSID=bmu6rpi9tdrd127ukbt0cfvtn5',
)
[ info ] [ PARAM ] array (
  'rand' => '1518357879678',
)
[ info ] [ RUN ] app\admin\controller\Login->verify[ /Users/d/Desktop/php/niuniu/application/admin/controller/Login.php ]
[ info ] [ SESSION ] INIT array (
  'id' => '',
  'var_session_id' => '',
  'prefix' => 'think',
  'type' => '',
  'auto_start' => true,
)
[ info ] [ LOG ] INIT File

---------------------------------------------------------------
[ 2018-02-11T22:04:42+08:00 ] 127.0.0.1 127.0.0.1 GET /admin.php/login/verify/rand/1518357882533.html
[ log ] niuniu.cc/admin.php/login/verify/rand/1518357882533.html [运行时间：0.014948s][吞吐率：66.90req/s] [内存消耗：2,492.85kb] [文件加载：54]
[ info ] [ LANG ] /Users/d/Desktop/php/niuniu/thinkphp/lang/zh-cn.php
[ info ] [ BIND ] 'admin'
[ info ] [ ROUTE ] array (
  'type' => 'module',
  'module' => 
  array (
    0 => 'admin',
    1 => 'login',
    2 => 'verify',
  ),
)
[ info ] [ HEADER ] array (
  'host' => 'niuniu.cc',
  'connection' => 'keep-alive',
  'user-agent' => 'Mozilla/5.0 (Macintosh; Intel Mac OS X 10_12_0) AppleWebKit/537.36 (KHTML, like Gecko) Chrome/63.0.3239.132 Safari/537.36',
  'accept' => 'image/webp,image/apng,image/*,*/*;q=0.8',
  'referer' => 'http://niuniu.cc/admin.php/login/index.html',
  'accept-encoding' => 'gzip, deflate',
  'accept-language' => 'zh-CN,zh;q=0.9,en;q=0.8',
  'cookie' => 'PHPSESSID=bmu6rpi9tdrd127ukbt0cfvtn5',
)
[ info ] [ PARAM ] array (
  'rand' => '1518357882533',
)
[ info ] [ RUN ] app\admin\controller\Login->verify[ /Users/d/Desktop/php/niuniu/application/admin/controller/Login.php ]
[ info ] [ SESSION ] INIT array (
  'id' => '',
  'var_session_id' => '',
  'prefix' => 'think',
  'type' => '',
  'auto_start' => true,
)
[ info ] [ LOG ] INIT File

---------------------------------------------------------------
[ 2018-02-11T22:04:44+08:00 ] 127.0.0.1 127.0.0.1 GET /admin.php/login/verify/rand/1518357884174.html
[ log ] niuniu.cc/admin.php/login/verify/rand/1518357884174.html [运行时间：0.015024s][吞吐率：66.56req/s] [内存消耗：2,492.80kb] [文件加载：54]
[ info ] [ LANG ] /Users/d/Desktop/php/niuniu/thinkphp/lang/zh-cn.php
[ info ] [ BIND ] 'admin'
[ info ] [ ROUTE ] array (
  'type' => 'module',
  'module' => 
  array (
    0 => 'admin',
    1 => 'login',
    2 => 'verify',
  ),
)
[ info ] [ HEADER ] array (
  'host' => 'niuniu.cc',
  'connection' => 'keep-alive',
  'user-agent' => 'Mozilla/5.0 (Macintosh; Intel Mac OS X 10_12_0) AppleWebKit/537.36 (KHTML, like Gecko) Chrome/63.0.3239.132 Safari/537.36',
  'accept' => 'image/webp,image/apng,image/*,*/*;q=0.8',
  'referer' => 'http://niuniu.cc/admin.php/login/index.html',
  'accept-encoding' => 'gzip, deflate',
  'accept-language' => 'zh-CN,zh;q=0.9,en;q=0.8',
  'cookie' => 'PHPSESSID=bmu6rpi9tdrd127ukbt0cfvtn5',
)
[ info ] [ PARAM ] array (
  'rand' => '1518357884174',
)
[ info ] [ RUN ] app\admin\controller\Login->verify[ /Users/d/Desktop/php/niuniu/application/admin/controller/Login.php ]
[ info ] [ SESSION ] INIT array (
  'id' => '',
  'var_session_id' => '',
  'prefix' => 'think',
  'type' => '',
  'auto_start' => true,
)
[ info ] [ LOG ] INIT File

---------------------------------------------------------------
[ 2018-02-11T22:04:45+08:00 ] 127.0.0.1 127.0.0.1 GET /admin.php/login/verify/rand/1518357885879.html
[ log ] niuniu.cc/admin.php/login/verify/rand/1518357885879.html [运行时间：0.014995s][吞吐率：66.69req/s] [内存消耗：2,492.80kb] [文件加载：54]
[ info ] [ LANG ] /Users/d/Desktop/php/niuniu/thinkphp/lang/zh-cn.php
[ info ] [ BIND ] 'admin'
[ info ] [ ROUTE ] array (
  'type' => 'module',
  'module' => 
  array (
    0 => 'admin',
    1 => 'login',
    2 => 'verify',
  ),
)
[ info ] [ HEADER ] array (
  'host' => 'niuniu.cc',
  'connection' => 'keep-alive',
  'user-agent' => 'Mozilla/5.0 (Macintosh; Intel Mac OS X 10_12_0) AppleWebKit/537.36 (KHTML, like Gecko) Chrome/63.0.3239.132 Safari/537.36',
  'accept' => 'image/webp,image/apng,image/*,*/*;q=0.8',
  'referer' => 'http://niuniu.cc/admin.php/login/index.html',
  'accept-encoding' => 'gzip, deflate',
  'accept-language' => 'zh-CN,zh;q=0.9,en;q=0.8',
  'cookie' => 'PHPSESSID=bmu6rpi9tdrd127ukbt0cfvtn5',
)
[ info ] [ PARAM ] array (
  'rand' => '1518357885879',
)
[ info ] [ RUN ] app\admin\controller\Login->verify[ /Users/d/Desktop/php/niuniu/application/admin/controller/Login.php ]
[ info ] [ SESSION ] INIT array (
  'id' => '',
  'var_session_id' => '',
  'prefix' => 'think',
  'type' => '',
  'auto_start' => true,
)
[ info ] [ LOG ] INIT File

---------------------------------------------------------------
[ 2018-02-11T22:04:54+08:00 ] 127.0.0.1 127.0.0.1 POST /admin.php/login/dologin.html
[ log ] niuniu.cc/admin.php/login/dologin.html [运行时间：0.092987s][吞吐率：10.75req/s] [内存消耗：3,937.50kb] [文件加载：66]
[ info ] [ LANG ] /Users/d/Desktop/php/niuniu/thinkphp/lang/zh-cn.php
[ info ] [ BIND ] 'admin'
[ info ] [ ROUTE ] array (
  'type' => 'module',
  'module' => 
  array (
    0 => 'admin',
    1 => 'login',
    2 => 'dologin',
  ),
)
[ info ] [ HEADER ] array (
  'host' => 'niuniu.cc',
  'connection' => 'keep-alive',
  'content-length' => '40',
  'accept' => 'application/json, text/javascript, */*; q=0.01',
  'origin' => 'http://niuniu.cc',
  'x-requested-with' => 'XMLHttpRequest',
  'user-agent' => 'Mozilla/5.0 (Macintosh; Intel Mac OS X 10_12_0) AppleWebKit/537.36 (KHTML, like Gecko) Chrome/63.0.3239.132 Safari/537.36',
  'content-type' => 'application/x-www-form-urlencoded; charset=UTF-8',
  'referer' => 'http://niuniu.cc/admin.php/login/index.html',
  'accept-encoding' => 'gzip, deflate',
  'accept-language' => 'zh-CN,zh;q=0.9,en;q=0.8',
  'cookie' => 'PHPSESSID=bmu6rpi9tdrd127ukbt0cfvtn5',
)
[ info ] [ PARAM ] array (
  'account' => 'user',
  'admin_pass' => 'user',
  'verify' => 'pwc6',
)
[ info ] [ RUN ] app\admin\controller\Login->dologin[ /Users/d/Desktop/php/niuniu/application/admin/controller/Login.php ]
[ info ] [ SESSION ] INIT array (
  'id' => '',
  'var_session_id' => '',
  'prefix' => 'think',
  'type' => '',
  'auto_start' => true,
)
[ info ] [ DB ] INIT mysql
[ info ] [ LOG ] INIT File
[ sql ] [ DB ] CONNECT:[ UseTime:0.000465s ] mysql:dbname=niu;host=127.0.0.1;port=3306;charset=utf8
[ sql ] [ SQL ] SHOW COLUMNS FROM `t_user` [ RunTime:0.023624s ]
[ sql ] [ SQL ] SELECT * FROM `t_user` WHERE  `account` = 'user' LIMIT 1 [ RunTime:0.000637s ]

---------------------------------------------------------------
[ 2018-02-11T22:04:54+08:00 ] 127.0.0.1 127.0.0.1 GET /admin.php/member/index.html
[ log ] niuniu.cc/admin.php/member/index.html [运行时间：0.114285s][吞吐率：8.75req/s] [内存消耗：4,332.27kb] [文件加载：72]
[ info ] [ LANG ] /Users/d/Desktop/php/niuniu/thinkphp/lang/zh-cn.php
[ info ] [ BIND ] 'admin'
[ info ] [ ROUTE ] array (
  'type' => 'module',
  'module' => 
  array (
    0 => 'admin',
    1 => 'member',
    2 => 'index',
  ),
)
[ info ] [ HEADER ] array (
  'host' => 'niuniu.cc',
  'connection' => 'keep-alive',
  'upgrade-insecure-requests' => '1',
  'user-agent' => 'Mozilla/5.0 (Macintosh; Intel Mac OS X 10_12_0) AppleWebKit/537.36 (KHTML, like Gecko) Chrome/63.0.3239.132 Safari/537.36',
  'accept' => 'text/html,application/xhtml+xml,application/xml;q=0.9,image/webp,image/apng,*/*;q=0.8',
  'referer' => 'http://niuniu.cc/admin.php/login/index.html',
  'accept-encoding' => 'gzip, deflate',
  'accept-language' => 'zh-CN,zh;q=0.9,en;q=0.8',
  'cookie' => 'PHPSESSID=bmu6rpi9tdrd127ukbt0cfvtn5',
)
[ info ] [ PARAM ] array (
)
[ info ] [ SESSION ] INIT array (
  'id' => '',
  'var_session_id' => '',
  'prefix' => 'think',
  'type' => '',
  'auto_start' => true,
)
[ info ] [ DB ] INIT mysql
[ info ] [ RUN ] app\admin\controller\Common->index[ /Users/d/Desktop/php/niuniu/application/admin/controller/Common.php ]
[ info ] [ VIEW ] /Users/d/Desktop/php/niuniu/application/admin/view/member/index.html [ array (
  0 => 'userinfo',
  1 => 'list',
  2 => 'pages',
) ]
[ info ] [ LOG ] INIT File
[ sql ] [ DB ] CONNECT:[ UseTime:0.000349s ] mysql:dbname=niu;host=127.0.0.1;port=3306;charset=utf8
[ sql ] [ SQL ] SHOW COLUMNS FROM `t_user` [ RunTime:0.001452s ]
[ sql ] [ SQL ] SELECT * FROM `t_user` WHERE  `id` = 263 LIMIT 1 [ RunTime:0.000291s ]
[ sql ] [ SQL ] SHOW COLUMNS FROM `t_member` [ RunTime:0.001493s ]
[ sql ] [ SQL ] SELECT COUNT(*) AS tp_count FROM `t_member` LIMIT 1 [ RunTime:0.000217s ]
[ sql ] [ SQL ] SELECT * FROM `t_member` LIMIT 0,15 [ RunTime:0.000311s ]

---------------------------------------------------------------
[ 2018-02-11T22:04:55+08:00 ] 127.0.0.1 127.0.0.1 GET /admin.php/member/index.html
[ log ] niuniu.cc/admin.php/member/index.html [运行时间：0.032611s][吞吐率：30.66req/s] [内存消耗：4,110.39kb] [文件加载：69]
[ info ] [ LANG ] /Users/d/Desktop/php/niuniu/thinkphp/lang/zh-cn.php
[ info ] [ BIND ] 'admin'
[ info ] [ ROUTE ] array (
  'type' => 'module',
  'module' => 
  array (
    0 => 'admin',
    1 => 'member',
    2 => 'index',
  ),
)
[ info ] [ HEADER ] array (
  'host' => 'niuniu.cc',
  'connection' => 'keep-alive',
  'user-agent' => 'Mozilla/5.0 (Macintosh; Intel Mac OS X 10_12_0) AppleWebKit/537.36 (KHTML, like Gecko) Chrome/63.0.3239.132 Safari/537.36',
  'accept' => 'image/webp,image/apng,image/*,*/*;q=0.8',
  'referer' => 'http://niuniu.cc/admin.php/member/index.html',
  'accept-encoding' => 'gzip, deflate',
  'accept-language' => 'zh-CN,zh;q=0.9,en;q=0.8',
  'cookie' => 'PHPSESSID=bmu6rpi9tdrd127ukbt0cfvtn5',
)
[ info ] [ PARAM ] array (
)
[ info ] [ SESSION ] INIT array (
  'id' => '',
  'var_session_id' => '',
  'prefix' => 'think',
  'type' => '',
  'auto_start' => true,
)
[ info ] [ DB ] INIT mysql
[ info ] [ RUN ] app\admin\controller\Common->index[ /Users/d/Desktop/php/niuniu/application/admin/controller/Common.php ]
[ info ] [ VIEW ] /Users/d/Desktop/php/niuniu/application/admin/view/member/index.html [ array (
  0 => 'userinfo',
  1 => 'list',
  2 => 'pages',
) ]
[ info ] [ LOG ] INIT File
[ sql ] [ DB ] CONNECT:[ UseTime:0.000456s ] mysql:dbname=niu;host=127.0.0.1;port=3306;charset=utf8
[ sql ] [ SQL ] SHOW COLUMNS FROM `t_user` [ RunTime:0.001760s ]
[ sql ] [ SQL ] SELECT * FROM `t_user` WHERE  `id` = 263 LIMIT 1 [ RunTime:0.000282s ]
[ sql ] [ SQL ] SHOW COLUMNS FROM `t_member` [ RunTime:0.001444s ]
[ sql ] [ SQL ] SELECT COUNT(*) AS tp_count FROM `t_member` LIMIT 1 [ RunTime:0.000146s ]
[ sql ] [ SQL ] SELECT * FROM `t_member` LIMIT 0,15 [ RunTime:0.000296s ]

---------------------------------------------------------------
[ 2018-02-11T22:05:01+08:00 ] 127.0.0.1 127.0.0.1 GET /admin.php/member/modify/id/111.html
[ log ] niuniu.cc/admin.php/member/modify/id/111.html [运行时间：0.098067s][吞吐率：10.20req/s] [内存消耗：4,190.47kb] [文件加载：68]
[ info ] [ LANG ] /Users/d/Desktop/php/niuniu/thinkphp/lang/zh-cn.php
[ info ] [ BIND ] 'admin'
[ info ] [ ROUTE ] array (
  'type' => 'module',
  'module' => 
  array (
    0 => 'admin',
    1 => 'member',
    2 => 'modify',
  ),
)
[ info ] [ HEADER ] array (
  'host' => 'niuniu.cc',
  'connection' => 'keep-alive',
  'upgrade-insecure-requests' => '1',
  'user-agent' => 'Mozilla/5.0 (Macintosh; Intel Mac OS X 10_12_0) AppleWebKit/537.36 (KHTML, like Gecko) Chrome/63.0.3239.132 Safari/537.36',
  'accept' => 'text/html,application/xhtml+xml,application/xml;q=0.9,image/webp,image/apng,*/*;q=0.8',
  'referer' => 'http://niuniu.cc/admin.php/member/index.html',
  'accept-encoding' => 'gzip, deflate',
  'accept-language' => 'zh-CN,zh;q=0.9,en;q=0.8',
  'cookie' => 'PHPSESSID=bmu6rpi9tdrd127ukbt0cfvtn5',
)
[ info ] [ PARAM ] array (
  'id' => '111',
)
[ info ] [ SESSION ] INIT array (
  'id' => '',
  'var_session_id' => '',
  'prefix' => 'think',
  'type' => '',
  'auto_start' => true,
)
[ info ] [ DB ] INIT mysql
[ info ] [ RUN ] app\admin\controller\Member->modify[ /Users/d/Desktop/php/niuniu/application/admin/controller/Member.php ]
[ info ] [ VIEW ] /Users/d/Desktop/php/niuniu/application/admin/view/member/modify.html [ array (
  0 => 'userinfo',
  1 => 'levellist',
  2 => 'info',
) ]
[ info ] [ LOG ] INIT File
[ sql ] [ DB ] CONNECT:[ UseTime:0.000467s ] mysql:dbname=niu;host=127.0.0.1;port=3306;charset=utf8
[ sql ] [ SQL ] SHOW COLUMNS FROM `t_user` [ RunTime:0.001464s ]
[ sql ] [ SQL ] SELECT * FROM `t_user` WHERE  `id` = 263 LIMIT 1 [ RunTime:0.000286s ]
[ sql ] [ SQL ] SHOW COLUMNS FROM `t_member` [ RunTime:0.004708s ]
[ sql ] [ SQL ] SHOW COLUMNS FROM `t_level` [ RunTime:0.040436s ]
[ sql ] [ SQL ] SELECT * FROM `t_level` [ RunTime:0.000180s ]
[ sql ] [ SQL ] SELECT * FROM `t_member` WHERE  `id` = 111 LIMIT 1 [ RunTime:0.000324s ]

---------------------------------------------------------------
[ 2018-02-11T22:05:01+08:00 ] 127.0.0.1 127.0.0.1 GET /admin.php/member/modify/id/111.html
[ log ] niuniu.cc/admin.php/member/modify/id/111.html [运行时间：0.032243s][吞吐率：31.01req/s] [内存消耗：3,962.62kb] [文件加载：65]
[ info ] [ LANG ] /Users/d/Desktop/php/niuniu/thinkphp/lang/zh-cn.php
[ info ] [ BIND ] 'admin'
[ info ] [ ROUTE ] array (
  'type' => 'module',
  'module' => 
  array (
    0 => 'admin',
    1 => 'member',
    2 => 'modify',
  ),
)
[ info ] [ HEADER ] array (
  'host' => 'niuniu.cc',
  'connection' => 'keep-alive',
  'user-agent' => 'Mozilla/5.0 (Macintosh; Intel Mac OS X 10_12_0) AppleWebKit/537.36 (KHTML, like Gecko) Chrome/63.0.3239.132 Safari/537.36',
  'accept' => 'image/webp,image/apng,image/*,*/*;q=0.8',
  'referer' => 'http://niuniu.cc/admin.php/member/modify/id/111.html',
  'accept-encoding' => 'gzip, deflate',
  'accept-language' => 'zh-CN,zh;q=0.9,en;q=0.8',
  'cookie' => 'PHPSESSID=bmu6rpi9tdrd127ukbt0cfvtn5',
)
[ info ] [ PARAM ] array (
  'id' => '111',
)
[ info ] [ SESSION ] INIT array (
  'id' => '',
  'var_session_id' => '',
  'prefix' => 'think',
  'type' => '',
  'auto_start' => true,
)
[ info ] [ DB ] INIT mysql
[ info ] [ RUN ] app\admin\controller\Member->modify[ /Users/d/Desktop/php/niuniu/application/admin/controller/Member.php ]
[ info ] [ VIEW ] /Users/d/Desktop/php/niuniu/application/admin/view/member/modify.html [ array (
  0 => 'userinfo',
  1 => 'levellist',
  2 => 'info',
) ]
[ info ] [ LOG ] INIT File
[ sql ] [ DB ] CONNECT:[ UseTime:0.000381s ] mysql:dbname=niu;host=127.0.0.1;port=3306;charset=utf8
[ sql ] [ SQL ] SHOW COLUMNS FROM `t_user` [ RunTime:0.001561s ]
[ sql ] [ SQL ] SELECT * FROM `t_user` WHERE  `id` = 263 LIMIT 1 [ RunTime:0.000272s ]
[ sql ] [ SQL ] SHOW COLUMNS FROM `t_member` [ RunTime:0.001602s ]
[ sql ] [ SQL ] SHOW COLUMNS FROM `t_level` [ RunTime:0.001411s ]
[ sql ] [ SQL ] SELECT * FROM `t_level` [ RunTime:0.000149s ]
[ sql ] [ SQL ] SELECT * FROM `t_member` WHERE  `id` = 111 LIMIT 1 [ RunTime:0.000306s ]

---------------------------------------------------------------
[ 2018-02-11T22:05:09+08:00 ] 127.0.0.1 127.0.0.1 POST /admin.php/member/update.html
[ log ] niuniu.cc/admin.php/member/update.html [运行时间：0.054024s][吞吐率：18.51req/s] [内存消耗：4,056.45kb] [文件加载：69]
[ info ] [ LANG ] /Users/d/Desktop/php/niuniu/thinkphp/lang/zh-cn.php
[ info ] [ BIND ] 'admin'
[ info ] [ ROUTE ] array (
  'type' => 'module',
  'module' => 
  array (
    0 => 'admin',
    1 => 'member',
    2 => 'update',
  ),
)
[ info ] [ HEADER ] array (
  'host' => 'niuniu.cc',
  'connection' => 'keep-alive',
  'content-length' => '43',
  'accept' => 'application/json, text/javascript, */*; q=0.01',
  'origin' => 'http://niuniu.cc',
  'x-requested-with' => 'XMLHttpRequest',
  'user-agent' => 'Mozilla/5.0 (Macintosh; Intel Mac OS X 10_12_0) AppleWebKit/537.36 (KHTML, like Gecko) Chrome/63.0.3239.132 Safari/537.36',
  'content-type' => 'application/x-www-form-urlencoded; charset=UTF-8',
  'referer' => 'http://niuniu.cc/admin.php/member/modify/id/111.html',
  'accept-encoding' => 'gzip, deflate',
  'accept-language' => 'zh-CN,zh;q=0.9,en;q=0.8',
  'cookie' => 'PHPSESSID=bmu6rpi9tdrd127ukbt0cfvtn5',
)
[ info ] [ PARAM ] array (
  'id' => '111',
  'nickname' => '丁',
  'cards' => '99999',
  'rate' => '',
)
[ info ] [ SESSION ] INIT array (
  'id' => '',
  'var_session_id' => '',
  'prefix' => 'think',
  'type' => '',
  'auto_start' => true,
)
[ info ] [ DB ] INIT mysql
[ info ] [ RUN ] app\admin\controller\Member->update[ /Users/d/Desktop/php/niuniu/application/admin/controller/Member.php ]
[ info ] [ CACHE ] INIT File
[ info ] [ LOG ] INIT File
[ sql ] [ DB ] CONNECT:[ UseTime:0.000458s ] mysql:dbname=niu;host=127.0.0.1;port=3306;charset=utf8
[ sql ] [ SQL ] SHOW COLUMNS FROM `t_user` [ RunTime:0.001479s ]
[ sql ] [ SQL ] SELECT * FROM `t_user` WHERE  `id` = 263 LIMIT 1 [ RunTime:0.000286s ]
[ sql ] [ SQL ] SHOW COLUMNS FROM `t_member` [ RunTime:0.001330s ]
[ sql ] [ SQL ] UPDATE `t_member`  SET `id`=111,`nickname`='丁',`cards`=99999,`rate`=0,`ratearr`=''  WHERE  `id` = 111 [ RunTime:0.000439s ]

---------------------------------------------------------------
[ 2018-02-11T22:05:09+08:00 ] 127.0.0.1 127.0.0.1 GET /admin.php/member/index.html
[ log ] niuniu.cc/admin.php/member/index.html [运行时间：0.032129s][吞吐率：31.12req/s] [内存消耗：4,111.27kb] [文件加载：69]
[ info ] [ LANG ] /Users/d/Desktop/php/niuniu/thinkphp/lang/zh-cn.php
[ info ] [ BIND ] 'admin'
[ info ] [ ROUTE ] array (
  'type' => 'module',
  'module' => 
  array (
    0 => 'admin',
    1 => 'member',
    2 => 'index',
  ),
)
[ info ] [ HEADER ] array (
  'host' => 'niuniu.cc',
  'connection' => 'keep-alive',
  'upgrade-insecure-requests' => '1',
  'user-agent' => 'Mozilla/5.0 (Macintosh; Intel Mac OS X 10_12_0) AppleWebKit/537.36 (KHTML, like Gecko) Chrome/63.0.3239.132 Safari/537.36',
  'accept' => 'text/html,application/xhtml+xml,application/xml;q=0.9,image/webp,image/apng,*/*;q=0.8',
  'referer' => 'http://niuniu.cc/admin.php/member/modify/id/111.html',
  'accept-encoding' => 'gzip, deflate',
  'accept-language' => 'zh-CN,zh;q=0.9,en;q=0.8',
  'cookie' => 'PHPSESSID=bmu6rpi9tdrd127ukbt0cfvtn5',
)
[ info ] [ PARAM ] array (
)
[ info ] [ SESSION ] INIT array (
  'id' => '',
  'var_session_id' => '',
  'prefix' => 'think',
  'type' => '',
  'auto_start' => true,
)
[ info ] [ DB ] INIT mysql
[ info ] [ RUN ] app\admin\controller\Common->index[ /Users/d/Desktop/php/niuniu/application/admin/controller/Common.php ]
[ info ] [ VIEW ] /Users/d/Desktop/php/niuniu/application/admin/view/member/index.html [ array (
  0 => 'userinfo',
  1 => 'list',
  2 => 'pages',
) ]
[ info ] [ LOG ] INIT File
[ sql ] [ DB ] CONNECT:[ UseTime:0.000321s ] mysql:dbname=niu;host=127.0.0.1;port=3306;charset=utf8
[ sql ] [ SQL ] SHOW COLUMNS FROM `t_user` [ RunTime:0.002919s ]
[ sql ] [ SQL ] SELECT * FROM `t_user` WHERE  `id` = 263 LIMIT 1 [ RunTime:0.000423s ]
[ sql ] [ SQL ] SHOW COLUMNS FROM `t_member` [ RunTime:0.001676s ]
[ sql ] [ SQL ] SELECT COUNT(*) AS tp_count FROM `t_member` LIMIT 1 [ RunTime:0.000155s ]
[ sql ] [ SQL ] SELECT * FROM `t_member` LIMIT 0,15 [ RunTime:0.000282s ]

---------------------------------------------------------------
[ 2018-02-11T22:05:09+08:00 ] 127.0.0.1 127.0.0.1 GET /admin.php/member/index.html
[ log ] niuniu.cc/admin.php/member/index.html [运行时间：0.029636s][吞吐率：33.74req/s] [内存消耗：4,110.45kb] [文件加载：69]
[ info ] [ LANG ] /Users/d/Desktop/php/niuniu/thinkphp/lang/zh-cn.php
[ info ] [ BIND ] 'admin'
[ info ] [ ROUTE ] array (
  'type' => 'module',
  'module' => 
  array (
    0 => 'admin',
    1 => 'member',
    2 => 'index',
  ),
)
[ info ] [ HEADER ] array (
  'host' => 'niuniu.cc',
  'connection' => 'keep-alive',
  'user-agent' => 'Mozilla/5.0 (Macintosh; Intel Mac OS X 10_12_0) AppleWebKit/537.36 (KHTML, like Gecko) Chrome/63.0.3239.132 Safari/537.36',
  'accept' => 'image/webp,image/apng,image/*,*/*;q=0.8',
  'referer' => 'http://niuniu.cc/admin.php/member/index.html',
  'accept-encoding' => 'gzip, deflate',
  'accept-language' => 'zh-CN,zh;q=0.9,en;q=0.8',
  'cookie' => 'PHPSESSID=bmu6rpi9tdrd127ukbt0cfvtn5',
)
[ info ] [ PARAM ] array (
)
[ info ] [ SESSION ] INIT array (
  'id' => '',
  'var_session_id' => '',
  'prefix' => 'think',
  'type' => '',
  'auto_start' => true,
)
[ info ] [ DB ] INIT mysql
[ info ] [ RUN ] app\admin\controller\Common->index[ /Users/d/Desktop/php/niuniu/application/admin/controller/Common.php ]
[ info ] [ VIEW ] /Users/d/Desktop/php/niuniu/application/admin/view/member/index.html [ array (
  0 => 'userinfo',
  1 => 'list',
  2 => 'pages',
) ]
[ info ] [ LOG ] INIT File
[ sql ] [ DB ] CONNECT:[ UseTime:0.000322s ] mysql:dbname=niu;host=127.0.0.1;port=3306;charset=utf8
[ sql ] [ SQL ] SHOW COLUMNS FROM `t_user` [ RunTime:0.002082s ]
[ sql ] [ SQL ] SELECT * FROM `t_user` WHERE  `id` = 263 LIMIT 1 [ RunTime:0.000411s ]
[ sql ] [ SQL ] SHOW COLUMNS FROM `t_member` [ RunTime:0.001600s ]
[ sql ] [ SQL ] SELECT COUNT(*) AS tp_count FROM `t_member` LIMIT 1 [ RunTime:0.000141s ]
[ sql ] [ SQL ] SELECT * FROM `t_member` LIMIT 0,15 [ RunTime:0.000281s ]

---------------------------------------------------------------
[ 2018-02-11T22:05:22+08:00 ] 127.0.0.1 127.0.0.1 GET /game.php
[ log ] niuniu.cc/game.php [运行时间：0.054577s][吞吐率：18.32req/s] [内存消耗：4,295.61kb] [文件加载：113]
[ info ] [ LANG ] /Users/d/Desktop/php/niuniu/thinkphp/lang/zh-cn.php
[ info ] [ BIND ] 'game'
[ info ] [ ROUTE ] array (
  'type' => 'module',
  'module' => 
  array (
    0 => 'game',
    1 => NULL,
    2 => NULL,
  ),
)
[ info ] [ HEADER ] array (
  'host' => 'niuniu.cc',
  'connection' => 'keep-alive',
  'cache-control' => 'max-age=0',
  'upgrade-insecure-requests' => '1',
  'user-agent' => 'Mozilla/5.0 (iPhone; CPU iPhone OS 9_1 like Mac OS X) AppleWebKit/601.1.46 (KHTML, like Gecko) Version/9.0 Mobile/13B143 Safari/601.1 wechatdevtools/1.02.1801081 MicroMessenger/6.5.7 Language/zh_CN webview/15183560452705631 webdebugger port/9974',
  'accept' => 'text/html,application/xhtml+xml,application/xml;q=0.9,image/webp,image/apng,*/*;q=0.8',
  'accept-encoding' => 'gzip, deflate',
  'accept-language' => 'zh-CN,zh;q=0.8',
  'cookie' => 'PHPSESSID=ae9uteem95623r5scfo89p0qg4',
)
[ info ] [ PARAM ] array (
)
[ info ] [ SESSION ] INIT array (
  'id' => '',
  'var_session_id' => '',
  'prefix' => 'think',
  'type' => '',
  'auto_start' => true,
)
[ info ] [ DB ] INIT mysql
[ info ] [ RUN ] app\game\controller\Index->index[ /Users/d/Desktop/php/niuniu/application/game/controller/Index.php ]
[ info ] [ VIEW ] /Users/d/Desktop/php/niuniu/application/game/view/index/index.html [ array (
  0 => 'memberinfo',
  1 => 'jsconfig',
) ]
[ info ] [ LOG ] INIT File
[ sql ] [ DB ] CONNECT:[ UseTime:0.000664s ] mysql:dbname=niu;host=127.0.0.1;port=3306;charset=utf8
[ sql ] [ SQL ] SHOW COLUMNS FROM `t_member` [ RunTime:0.023494s ]
[ sql ] [ SQL ] SELECT * FROM `t_member` WHERE  `id` = 111 LIMIT 1 [ RunTime:0.000562s ]

---------------------------------------------------------------
[ 2018-02-11T22:05:23+08:00 ] 127.0.0.1 127.0.0.1 GET /game.php
[ log ] niuniu.cc/game.php [运行时间：0.031383s][吞吐率：31.86req/s] [内存消耗：4,295.61kb] [文件加载：113]
[ info ] [ LANG ] /Users/d/Desktop/php/niuniu/thinkphp/lang/zh-cn.php
[ info ] [ BIND ] 'game'
[ info ] [ ROUTE ] array (
  'type' => 'module',
  'module' => 
  array (
    0 => 'game',
    1 => NULL,
    2 => NULL,
  ),
)
[ info ] [ HEADER ] array (
  'host' => 'niuniu.cc',
  'connection' => 'keep-alive',
  'cache-control' => 'max-age=0',
  'upgrade-insecure-requests' => '1',
  'user-agent' => 'Mozilla/5.0 (iPhone; CPU iPhone OS 9_1 like Mac OS X) AppleWebKit/601.1.46 (KHTML, like Gecko) Version/9.0 Mobile/13B143 Safari/601.1 wechatdevtools/1.02.1801081 MicroMessenger/6.5.7 Language/zh_CN webview/15183560452705631 webdebugger port/9974',
  'accept' => 'text/html,application/xhtml+xml,application/xml;q=0.9,image/webp,image/apng,*/*;q=0.8',
  'accept-encoding' => 'gzip, deflate',
  'accept-language' => 'zh-CN,zh;q=0.8',
  'cookie' => 'PHPSESSID=ae9uteem95623r5scfo89p0qg4',
)
[ info ] [ PARAM ] array (
)
[ info ] [ SESSION ] INIT array (
  'id' => '',
  'var_session_id' => '',
  'prefix' => 'think',
  'type' => '',
  'auto_start' => true,
)
[ info ] [ DB ] INIT mysql
[ info ] [ RUN ] app\game\controller\Index->index[ /Users/d/Desktop/php/niuniu/application/game/controller/Index.php ]
[ info ] [ VIEW ] /Users/d/Desktop/php/niuniu/application/game/view/index/index.html [ array (
  0 => 'memberinfo',
  1 => 'jsconfig',
) ]
[ info ] [ LOG ] INIT File
[ sql ] [ DB ] CONNECT:[ UseTime:0.000350s ] mysql:dbname=niu;host=127.0.0.1;port=3306;charset=utf8
[ sql ] [ SQL ] SHOW COLUMNS FROM `t_member` [ RunTime:0.002059s ]
[ sql ] [ SQL ] SELECT * FROM `t_member` WHERE  `id` = 111 LIMIT 1 [ RunTime:0.000643s ]

---------------------------------------------------------------
[ 2018-02-11T22:05:32+08:00 ] 127.0.0.1 127.0.0.1 POST /game.php/douniuplaywjy/roomcreate.html
[ log ] niuniu.cc/game.php/douniuplaywjy/roomcreate.html [运行时间：0.147831s][吞吐率：6.76req/s] [内存消耗：5,099.05kb] [文件加载：120]
[ info ] [ LANG ] /Users/d/Desktop/php/niuniu/thinkphp/lang/zh-cn.php
[ info ] [ BIND ] 'game'
[ info ] [ ROUTE ] array (
  'type' => 'module',
  'module' => 
  array (
    0 => 'game',
    1 => 'douniuplaywjy',
    2 => 'roomcreate',
  ),
)
[ info ] [ HEADER ] array (
  'host' => 'niuniu.cc',
  'connection' => 'keep-alive',
  'content-length' => '40',
  'accept' => 'application/json, text/javascript, */*; q=0.01',
  'origin' => 'http://niuniu.cc',
  'x-requested-with' => 'XMLHttpRequest',
  'user-agent' => 'Mozilla/5.0 (iPhone; CPU iPhone OS 9_1 like Mac OS X) AppleWebKit/601.1.46 (KHTML, like Gecko) Version/9.0 Mobile/13B143 Safari/601.1 wechatdevtools/1.02.1801081 MicroMessenger/6.5.7 Language/zh_CN webview/15183560452705631 webdebugger port/9974',
  'content-type' => 'application/x-www-form-urlencoded; charset=UTF-8',
  'referer' => 'http://niuniu.cc/game.php',
  'accept-encoding' => 'gzip, deflate',
  'accept-language' => 'zh-CN,zh;q=0.8',
  'cookie' => 'PHPSESSID=ae9uteem95623r5scfo89p0qg4',
)
[ info ] [ PARAM ] array (
  'gametype' => '3',
  'score' => '1',
  'rule' => '1',
  'gamenum' => '10:1',
)
[ info ] [ SESSION ] INIT array (
  'id' => '',
  'var_session_id' => '',
  'prefix' => 'think',
  'type' => '',
  'auto_start' => true,
)
[ info ] [ DB ] INIT mysql
[ info ] [ RUN ] app\game\controller\Douniuplaywjy->roomcreate[ /Users/d/Desktop/php/niuniu/application/game/controller/Douniuplaywjy.php ]
[ info ] [ LOG ] INIT File
[ sql ] [ DB ] CONNECT:[ UseTime:0.000328s ] mysql:dbname=niu;host=127.0.0.1;port=3306;charset=utf8
[ sql ] [ SQL ] SHOW COLUMNS FROM `t_member` [ RunTime:0.001991s ]
[ sql ] [ SQL ] SELECT * FROM `t_member` WHERE  `id` = 111 LIMIT 1 [ RunTime:0.000417s ]
[ sql ] [ SQL ] SELECT `cards` FROM `t_member` WHERE  `id` = 111 LIMIT 1 [ RunTime:0.000250s ]
[ sql ] [ SQL ] SHOW COLUMNS FROM `t_room` [ RunTime:0.025747s ]
[ sql ] [ SQL ] SELECT * FROM `t_room` WHERE  `member_id` = 111 ORDER BY id desc LIMIT 1 [ RunTime:0.001211s ]
[ error ] [10501]SQLSTATE[HY000]: General error: 1364 Field 'exit_time' doesn't have a default value[/Users/d/Desktop/php/niuniu/thinkphp/library/think/db/Connection.php:457]

---------------------------------------------------------------
